[2022-03-22 08:46:04,592] [18968] [__main__] [DEBUG] tradeone is NI225 
 mt5 time :2022-03-22 02:46:02 
 time: 2022-03-22 08:46:03 
 市场为 -85.0 ，考虑是否进场！
[2022-03-22 09:14:35,974] [18968] [__main__] [DEBUG] tradeone is NI225 
 mt5 time :2022-03-22 03:14:33 
 time: 2022-03-22 09:14:35 
 市场为 95.0 ，考虑是否进场！
[2022-03-22 14:14:02,761] [20740] [__main__] [DEBUG] tradeone is NI225 
 mt5 time :2022-03-22 08:14:00 
 time: 2022-03-22 14:14:01 
 市场为 110.0 ，考虑是否进场！
[2022-03-22 14:40:48,489] [21956] [__main__] [DEBUG] tradeone is NI225 
 mt5 time :2022-03-22 08:40:45 
 time: 2022-03-22 14:40:47 
 市场为 102.5 ，考虑是否进场！
[2022-03-22 16:01:01,877] [18312] [__main__] [DEBUG] tradeone is NI225 
 mt5 time :2022-03-22 10:01:00 
 time: 2022-03-22 16:01:00 
 市场为 102.5 ，考虑是否进场！
[2022-03-22 16:22:33,290] [15056] [__main__] [DEBUG] tradeone is NI225 
 mt5 time :2022-03-22 10:22:27 
 time: 2022-03-22 16:22:32 
 市场为 100.0 ，考虑是否进场！
