[2022-04-11 08:00:15,647] [9848] [__main__] [DEBUG] 松井日内保证金为 63,000 
tradeone is NI225 
 mt5 time :2022-04-11 03:00:13 
 time: 2022-04-11 08:00:14 
 市场为 -145.0 ，考虑是否进场！
[2022-04-11 08:03:31,692] [9848] [__main__] [DEBUG] 本次判定信号是正确的！ 市场为 0.0 ，考虑是否进场！
[2022-04-11 08:03:32,233] [9848] [__main__] [DEBUG] 判定信号 正确的数值为0.0 ！
[2022-04-11 08:03:32,752] [9848] [__main__] [DEBUG] 判定信号 错误的数值为0 ！
[2022-04-11 08:03:33,277] [9848] [__main__] [DEBUG] 判定信号 总计的数值为0.0 ！
[2022-04-11 08:06:34,321] [9848] [__main__] [DEBUG] 本次判定信号是正确的！ 市场为 0.0 ，考虑是否进场！
[2022-04-11 08:06:34,910] [9848] [__main__] [DEBUG] 判定信号 正确的数值为0.0 ！
[2022-04-11 08:06:35,460] [9848] [__main__] [DEBUG] 判定信号 错误的数值为0 ！
[2022-04-11 08:06:36,028] [9848] [__main__] [DEBUG] 判定信号 总计的数值为0.0 ！
[2022-04-11 08:09:37,000] [9848] [__main__] [DEBUG] 本次判定信号是正确的！ 市场为 -82.5 ，考虑是否进场！
[2022-04-11 08:09:37,425] [9848] [__main__] [DEBUG] 判定信号 正确的数值为-82.5 ！
[2022-04-11 08:09:37,964] [9848] [__main__] [DEBUG] 判定信号 错误的数值为0 ！
[2022-04-11 08:09:38,488] [9848] [__main__] [DEBUG] 判定信号 总计的数值为-82.5 ！
[2022-04-11 08:12:39,663] [9848] [__main__] [DEBUG] 本次判定信号是错误的！ 市场为 12.5 ，考虑是否离场！
[2022-04-11 08:12:40,210] [9848] [__main__] [DEBUG] 判定信号 正确的数值为-82.5 ！
[2022-04-11 08:12:40,745] [9848] [__main__] [DEBUG] 判定信号 错误的数值为12.5 ！
[2022-04-11 08:12:41,124] [9848] [__main__] [DEBUG] 判定信号 总计的数值为-70.0 ！
[2022-04-11 08:12:41,527] [9848] [__main__] [DEBUG] 总信号彻底失败！赶紧离场！
[2022-04-11 08:19:46,136] [9848] [__main__] [DEBUG] 松井日内保证金为 63,000 
tradeone is NI225 
 mt5 time :2022-04-11 03:19:44 
 time: 2022-04-11 08:19:45 
 市场为 -142.5 ，考虑是否进场！
[2022-04-11 08:23:01,246] [9848] [__main__] [DEBUG] 本次判定信号是错误的！ 市场为 7.5 ，考虑是否离场！
[2022-04-11 08:23:01,741] [9848] [__main__] [DEBUG] 判定信号 正确的数值为-82.5 ！
[2022-04-11 08:23:02,256] [9848] [__main__] [DEBUG] 判定信号 错误的数值为20.0 ！
[2022-04-11 08:23:02,820] [9848] [__main__] [DEBUG] 判定信号 总计的数值为-62.5 ！
[2022-04-11 08:23:03,348] [9848] [__main__] [DEBUG] 总信号彻底失败！赶紧离场！
[2022-04-11 08:59:42,102] [5084] [__main__] [DEBUG] 松井日内保证金为 62,000 
tradeone is NI225 
 mt5 time :2022-04-11 03:59:39 
 time: 2022-04-11 08:59:41 
 市场为 115.0 ，考虑是否进场！
[2022-04-11 09:02:53,120] [5084] [__main__] [DEBUG] 本次判定信号是错误的！ 市场为 -7.5 ，考虑是否离场！
[2022-04-11 09:02:53,504] [5084] [__main__] [DEBUG] 判定信号 正确的数值为0 ！
[2022-04-11 09:02:54,025] [5084] [__main__] [DEBUG] 判定信号 错误的数值为-7.5 ！
[2022-04-11 09:02:54,545] [5084] [__main__] [DEBUG] 判定信号 总计的数值为-7.5 ！
[2022-04-11 09:05:55,531] [5084] [__main__] [DEBUG] 本次判定信号是正确的！ 市场为 0.0 ，考虑是否进场！
[2022-04-11 09:05:56,055] [5084] [__main__] [DEBUG] 判定信号 正确的数值为0.0 ！
[2022-04-11 09:05:56,590] [5084] [__main__] [DEBUG] 判定信号 错误的数值为-7.5 ！
[2022-04-11 09:05:57,110] [5084] [__main__] [DEBUG] 判定信号 总计的数值为-7.5 ！
[2022-04-11 09:08:58,112] [5084] [__main__] [DEBUG] 本次判定信号是正确的！ 市场为 17.5 ，考虑是否进场！
[2022-04-11 09:08:58,658] [5084] [__main__] [DEBUG] 判定信号 正确的数值为17.5 ！
[2022-04-11 09:08:59,177] [5084] [__main__] [DEBUG] 判定信号 错误的数值为-7.5 ！
[2022-04-11 09:08:59,697] [5084] [__main__] [DEBUG] 判定信号 总计的数值为10.0 ！
[2022-04-11 09:12:00,777] [5084] [__main__] [DEBUG] 本次判定信号是正确的！ 市场为 30.0 ，考虑是否进场！
[2022-04-11 09:12:01,321] [5084] [__main__] [DEBUG] 判定信号 正确的数值为47.5 ！
[2022-04-11 09:12:01,801] [5084] [__main__] [DEBUG] 判定信号 错误的数值为-7.5 ！
[2022-04-11 09:12:02,302] [5084] [__main__] [DEBUG] 判定信号 总计的数值为40.0 ！
[2022-04-11 09:15:03,794] [5084] [__main__] [DEBUG] 本次判定信号是正确的！ 市场为 0.0 ，考虑是否进场！
[2022-04-11 09:15:04,314] [5084] [__main__] [DEBUG] 判定信号 正确的数值为47.5 ！
[2022-04-11 09:15:04,858] [5084] [__main__] [DEBUG] 判定信号 错误的数值为-7.5 ！
[2022-04-11 09:15:05,418] [5084] [__main__] [DEBUG] 判定信号 总计的数值为40.0 ！
[2022-04-11 09:18:06,402] [5084] [__main__] [DEBUG] 本次判定信号是错误的！ 市场为 -15.0 ，考虑是否离场！
[2022-04-11 09:18:06,957] [5084] [__main__] [DEBUG] 判定信号 正确的数值为47.5 ！
[2022-04-11 09:18:07,485] [5084] [__main__] [DEBUG] 判定信号 错误的数值为-22.5 ！
[2022-04-11 09:18:08,074] [5084] [__main__] [DEBUG] 判定信号 总计的数值为25.0 ！
[2022-04-11 09:21:09,377] [5084] [__main__] [DEBUG] 本次判定信号是错误的！ 市场为 -7.5 ，考虑是否离场！
[2022-04-11 09:21:10,410] [5084] [__main__] [DEBUG] 判定信号 正确的数值为47.5 ！
[2022-04-11 09:21:10,932] [5084] [__main__] [DEBUG] 判定信号 错误的数值为-30.0 ！
[2022-04-11 09:21:11,515] [5084] [__main__] [DEBUG] 判定信号 总计的数值为17.5 ！
[2022-04-11 09:24:12,500] [5084] [__main__] [DEBUG] 本次判定信号是正确的！ 市场为 15.0 ，考虑是否进场！
[2022-04-11 09:24:13,101] [5084] [__main__] [DEBUG] 判定信号 正确的数值为62.5 ！
[2022-04-11 09:24:13,660] [5084] [__main__] [DEBUG] 判定信号 错误的数值为-30.0 ！
[2022-04-11 09:24:14,201] [5084] [__main__] [DEBUG] 判定信号 总计的数值为32.5 ！
[2022-04-11 09:27:16,718] [5084] [__main__] [DEBUG] 本次判定信号是正确的！ 市场为 0.0 ，考虑是否进场！
[2022-04-11 09:27:17,693] [5084] [__main__] [DEBUG] 判定信号 正确的数值为62.5 ！
[2022-04-11 09:27:18,100] [5084] [__main__] [DEBUG] 判定信号 错误的数值为-30.0 ！
[2022-04-11 09:27:18,822] [5084] [__main__] [DEBUG] 判定信号 总计的数值为32.5 ！
[2022-04-11 09:30:19,809] [5084] [__main__] [DEBUG] 本次判定信号是错误的！ 市场为 -5.0 ，考虑是否离场！
[2022-04-11 09:30:20,320] [5084] [__main__] [DEBUG] 判定信号 正确的数值为62.5 ！
[2022-04-11 09:30:20,938] [5084] [__main__] [DEBUG] 判定信号 错误的数值为-35.0 ！
[2022-04-11 09:30:21,620] [5084] [__main__] [DEBUG] 判定信号 总计的数值为27.5 ！
[2022-04-11 10:04:45,078] [2184] [__main__] [DEBUG] 松井日内保证金为 62,000 
tradeone is NI225 
 mt5 time :2022-04-11 05:04:33 
 time: 2022-04-11 10:04:44 
 市场为 -105.0 ，考虑是否进场！
[2022-04-11 10:07:59,387] [2184] [__main__] [DEBUG] 本次判定信号是错误的！ 市场为 35.0 ，考虑是否离场！
[2022-04-11 10:08:00,401] [2184] [__main__] [DEBUG] 判定信号 正确的数值为0 ！
[2022-04-11 10:08:00,922] [2184] [__main__] [DEBUG] 判定信号 错误的数值为35.0 ！
[2022-04-11 10:08:01,440] [2184] [__main__] [DEBUG] 判定信号 总计的数值为35.0 ！
[2022-04-11 10:11:02,525] [2184] [__main__] [DEBUG] 本次判定信号是错误的！ 市场为 2.5 ，考虑是否离场！
[2022-04-11 10:11:03,044] [2184] [__main__] [DEBUG] 判定信号 正确的数值为0 ！
[2022-04-11 10:11:03,570] [2184] [__main__] [DEBUG] 判定信号 错误的数值为37.5 ！
[2022-04-11 10:11:04,029] [2184] [__main__] [DEBUG] 判定信号 总计的数值为37.5 ！
[2022-04-11 10:14:05,687] [2184] [__main__] [DEBUG] 本次判定信号是错误的！ 市场为 25.0 ，考虑是否离场！
[2022-04-11 10:14:06,225] [2184] [__main__] [DEBUG] 判定信号 正确的数值为0 ！
[2022-04-11 10:14:07,364] [2184] [__main__] [DEBUG] 判定信号 错误的数值为62.5 ！
[2022-04-11 10:14:07,793] [2184] [__main__] [DEBUG] 判定信号 总计的数值为62.5 ！
[2022-04-11 10:14:08,317] [2184] [__main__] [DEBUG] 总信号彻底失败！赶紧离场！
[2022-04-11 10:14:09,118] [2184] [__main__] [DEBUG] 松井日内保证金为 62,000 
tradeone is NI225 
 mt5 time :2022-04-11 05:14:07 
 time: 2022-04-11 10:14:08 
 市场为 -120.0 ，考虑是否进场！
[2022-04-11 10:17:23,356] [2184] [__main__] [DEBUG] 本次判定信号是正确的！ 市场为 -10.0 ，考虑是否进场！
[2022-04-11 10:17:24,461] [2184] [__main__] [DEBUG] 判定信号 正确的数值为-10.0 ！
[2022-04-11 10:17:24,988] [2184] [__main__] [DEBUG] 判定信号 错误的数值为62.5 ！
[2022-04-11 10:17:25,523] [2184] [__main__] [DEBUG] 判定信号 总计的数值为52.5 ！
[2022-04-11 10:17:26,044] [2184] [__main__] [DEBUG] 做空的信号彻底失败！赶紧离场！
[2022-04-11 10:17:50,497] [2184] [__main__] [DEBUG] 松井日内保证金为 62,000 
tradeone is NI225 
 mt5 time :2022-04-11 05:17:43 
 time: 2022-04-11 10:17:49 
 市场为 -140.0 ，考虑是否进场！
[2022-04-11 10:21:06,588] [2184] [__main__] [DEBUG] 本次判定信号是正确的！ 市场为 -65.0 ，考虑是否进场！
[2022-04-11 10:21:07,167] [2184] [__main__] [DEBUG] 判定信号 正确的数值为-75.0 ！
[2022-04-11 10:21:07,768] [2184] [__main__] [DEBUG] 判定信号 错误的数值为62.5 ！
[2022-04-11 10:21:08,324] [2184] [__main__] [DEBUG] 判定信号 总计的数值为-12.5 ！
[2022-04-11 10:24:09,809] [2184] [__main__] [DEBUG] 本次判定信号是正确的！ 市场为 -52.5 ，考虑是否进场！
[2022-04-11 10:24:10,361] [2184] [__main__] [DEBUG] 判定信号 正确的数值为-127.5 ！
[2022-04-11 10:24:10,953] [2184] [__main__] [DEBUG] 判定信号 错误的数值为62.5 ！
[2022-04-11 10:24:11,517] [2184] [__main__] [DEBUG] 判定信号 总计的数值为-65.0 ！
[2022-04-11 10:27:12,520] [2184] [__main__] [DEBUG] 本次判定信号是正确的！ 市场为 -10.0 ，考虑是否进场！
[2022-04-11 10:27:13,040] [2184] [__main__] [DEBUG] 判定信号 正确的数值为-137.5 ！
[2022-04-11 10:27:13,581] [2184] [__main__] [DEBUG] 判定信号 错误的数值为62.5 ！
[2022-04-11 10:27:14,101] [2184] [__main__] [DEBUG] 判定信号 总计的数值为-75.0 ！
[2022-04-11 10:29:56,964] [7056] [__main__] [DEBUG] 松井日内保证金为 62,000 
tradeone is NI225 
 mt5 time :2022-04-11 05:29:54 
 time: 2022-04-11 10:29:56 
 市场为 -170.0 ，考虑是否进场！
[2022-04-11 10:33:09,037] [7056] [__main__] [DEBUG] 本次判定信号是错误的！ 市场为 6.0 ，考虑是否离场！
[2022-04-11 10:33:09,569] [7056] [__main__] [DEBUG] 判定信号 正确的数值为0 ！
[2022-04-11 10:33:10,069] [7056] [__main__] [DEBUG] 判定信号 错误的数值为6.0 ！
[2022-04-11 10:33:10,569] [7056] [__main__] [DEBUG] 判定信号 总计的数值为6.0 ！
[2022-04-11 10:36:11,805] [7056] [__main__] [DEBUG] 本次判定信号是正确的！ 市场为 0.0 ，考虑是否进场！
[2022-04-11 10:36:12,315] [7056] [__main__] [DEBUG] 判定信号 正确的数值为0.0 ！
[2022-04-11 10:36:12,856] [7056] [__main__] [DEBUG] 判定信号 错误的数值为6.0 ！
[2022-04-11 10:36:13,461] [7056] [__main__] [DEBUG] 判定信号 总计的数值为6.0 ！
[2022-04-11 10:39:14,500] [7056] [__main__] [DEBUG] 本次判定信号是正确的！ 市场为 -10.0 ，考虑是否进场！
[2022-04-11 10:39:15,571] [7056] [__main__] [DEBUG] 判定信号 正确的数值为-10.0 ！
[2022-04-11 10:39:16,105] [7056] [__main__] [DEBUG] 判定信号 错误的数值为6.0 ！
[2022-04-11 10:39:16,664] [7056] [__main__] [DEBUG] 判定信号 总计的数值为-4.0 ！
[2022-04-11 10:42:17,683] [7056] [__main__] [DEBUG] 本次判定信号是正确的！ 市场为 -11.0 ，考虑是否进场！
[2022-04-11 10:42:18,205] [7056] [__main__] [DEBUG] 判定信号 正确的数值为-21.0 ！
[2022-04-11 10:42:18,743] [7056] [__main__] [DEBUG] 判定信号 错误的数值为6.0 ！
[2022-04-11 10:42:19,368] [7056] [__main__] [DEBUG] 判定信号 总计的数值为-15.0 ！
[2022-04-11 10:45:20,371] [7056] [__main__] [DEBUG] 本次判定信号是错误的！ 市场为 22.5 ，考虑是否离场！
[2022-04-11 10:45:20,912] [7056] [__main__] [DEBUG] 判定信号 正确的数值为-21.0 ！
[2022-04-11 10:45:21,503] [7056] [__main__] [DEBUG] 判定信号 错误的数值为28.5 ！
[2022-04-11 10:45:22,015] [7056] [__main__] [DEBUG] 判定信号 总计的数值为7.5 ！
[2022-04-11 10:45:22,540] [7056] [__main__] [DEBUG] 总信号彻底失败！赶紧离场！
[2022-04-11 16:25:30,692] [11940] [__main__] [DEBUG] 松井日内保证金为 62,000 
tradeone is NI225 
 mt5 time :2022-04-11 11:25:25 
 time: 2022-04-11 16:25:29 
 市场为 -100.0 ，考虑是否进场！
[2022-04-11 16:28:43,216] [11940] [__main__] [DEBUG] 本次判定信号是正确的！ 市场为 0.0 ，考虑是否进场！
[2022-04-11 16:28:46,324] [11940] [__main__] [DEBUG] 判定信号 正确的数值为0.0 ！
[2022-04-11 16:28:47,000] [11940] [__main__] [DEBUG] 判定信号 错误的数值为0 ！
[2022-04-11 16:28:47,567] [11940] [__main__] [DEBUG] 判定信号 总计的数值为0.0 ！
[2022-04-11 16:31:48,964] [11940] [__main__] [DEBUG] 本次判定信号是正确的！ 市场为 -5.0 ，考虑是否进场！
[2022-04-11 16:31:49,504] [11940] [__main__] [DEBUG] 判定信号 正确的数值为-5.0 ！
[2022-04-11 16:31:50,064] [11940] [__main__] [DEBUG] 判定信号 错误的数值为0 ！
[2022-04-11 16:31:50,607] [11940] [__main__] [DEBUG] 判定信号 总计的数值为-5.0 ！
[2022-04-11 16:34:52,190] [11940] [__main__] [DEBUG] 本次判定信号是错误的！ 市场为 15.0 ，考虑是否离场！
[2022-04-11 16:34:52,747] [11940] [__main__] [DEBUG] 判定信号 正确的数值为-5.0 ！
[2022-04-11 16:34:53,591] [11940] [__main__] [DEBUG] 判定信号 错误的数值为15.0 ！
[2022-04-11 16:34:54,214] [11940] [__main__] [DEBUG] 判定信号 总计的数值为10.0 ！
[2022-04-11 16:37:55,234] [11940] [__main__] [DEBUG] 本次判定信号是正确的！ 市场为 0.0 ，考虑是否进场！
[2022-04-11 16:37:56,334] [11940] [__main__] [DEBUG] 判定信号 正确的数值为-5.0 ！
[2022-04-11 16:37:56,898] [11940] [__main__] [DEBUG] 判定信号 错误的数值为15.0 ！
[2022-04-11 16:37:57,476] [11940] [__main__] [DEBUG] 判定信号 总计的数值为10.0 ！
[2022-04-11 16:40:58,538] [11940] [__main__] [DEBUG] 本次判定信号是错误的！ 市场为 22.5 ，考虑是否离场！
[2022-04-11 16:40:59,060] [11940] [__main__] [DEBUG] 判定信号 正确的数值为-5.0 ！
[2022-04-11 16:40:59,641] [11940] [__main__] [DEBUG] 判定信号 错误的数值为37.5 ！
[2022-04-11 16:41:00,122] [11940] [__main__] [DEBUG] 判定信号 总计的数值为32.5 ！
[2022-04-11 16:41:00,722] [11940] [__main__] [DEBUG] 总信号彻底失败！赶紧离场！
[2022-04-11 16:41:01,810] [11940] [__main__] [DEBUG] 松井日内保证金为 62,000 
tradeone is NI225 
 mt5 time :2022-04-11 11:41:00 
 time: 2022-04-11 16:41:01 
 市场为 -115.0 ，考虑是否进场！
[2022-04-11 16:44:14,563] [11940] [__main__] [DEBUG] 本次判定信号是正确的！ 市场为 0.0 ，考虑是否进场！
[2022-04-11 16:44:15,861] [11940] [__main__] [DEBUG] 判定信号 正确的数值为-5.0 ！
[2022-04-11 16:44:18,262] [11940] [__main__] [DEBUG] 判定信号 错误的数值为37.5 ！
[2022-04-11 16:44:19,799] [11940] [__main__] [DEBUG] 判定信号 总计的数值为32.5 ！
