[2022-04-13 08:11:09,937] [7192] [__main__] [DEBUG] 松井日内保证金为 62,000 
tradeone is NI225 
 mt5 time :2022-04-13 03:11:08 
 time: 2022-04-13 08:11:08 
 市场为 132.5 ，考虑是否进场！
[2022-04-13 08:14:22,161] [7192] [__main__] [DEBUG] 本次判定信号是正确的！ 市场为 35.0 ，考虑是否进场！
[2022-04-13 08:14:23,196] [7192] [__main__] [DEBUG] 判定信号 正确的数值为35.0 ！
[2022-04-13 08:14:23,702] [7192] [__main__] [DEBUG] 判定信号 错误的数值为0 ！
[2022-04-13 08:14:24,220] [7192] [__main__] [DEBUG] 判定信号 总计的数值为35.0 ！
[2022-04-13 08:17:25,254] [7192] [__main__] [DEBUG] 本次判定信号是错误的！ 市场为 -50.0 ，考虑是否离场！
[2022-04-13 08:17:26,211] [7192] [__main__] [DEBUG] 判定信号 正确的数值为35.0 ！
[2022-04-13 08:17:26,772] [7192] [__main__] [DEBUG] 判定信号 错误的数值为-50.0 ！
[2022-04-13 08:17:27,153] [7192] [__main__] [DEBUG] 判定信号 总计的数值为-15.0 ！
[2022-04-13 08:20:28,132] [7192] [__main__] [DEBUG] 本次判定信号是正确的！ 市场为 17.5 ，考虑是否进场！
[2022-04-13 08:20:28,651] [7192] [__main__] [DEBUG] 判定信号 正确的数值为52.5 ！
[2022-04-13 08:20:29,192] [7192] [__main__] [DEBUG] 判定信号 错误的数值为-50.0 ！
[2022-04-13 08:20:29,735] [7192] [__main__] [DEBUG] 判定信号 总计的数值为2.5 ！
[2022-04-13 08:23:30,752] [7192] [__main__] [DEBUG] 本次判定信号是正确的！ 市场为 12.5 ，考虑是否进场！
[2022-04-13 08:23:31,280] [7192] [__main__] [DEBUG] 判定信号 正确的数值为65.0 ！
[2022-04-13 08:23:31,812] [7192] [__main__] [DEBUG] 判定信号 错误的数值为-50.0 ！
[2022-04-13 08:23:32,364] [7192] [__main__] [DEBUG] 判定信号 总计的数值为15.0 ！
[2022-04-13 08:26:33,568] [7192] [__main__] [DEBUG] 本次判定信号是正确的！ 市场为 17.5 ，考虑是否进场！
[2022-04-13 08:26:34,089] [7192] [__main__] [DEBUG] 判定信号 正确的数值为82.5 ！
[2022-04-13 08:26:34,628] [7192] [__main__] [DEBUG] 判定信号 错误的数值为-50.0 ！
[2022-04-13 08:26:35,211] [7192] [__main__] [DEBUG] 判定信号 总计的数值为32.5 ！
[2022-04-13 08:29:36,173] [7192] [__main__] [DEBUG] 本次判定信号是正确的！ 市场为 32.5 ，考虑是否进场！
[2022-04-13 08:29:36,671] [7192] [__main__] [DEBUG] 判定信号 正确的数值为115.0 ！
[2022-04-13 08:29:37,175] [7192] [__main__] [DEBUG] 判定信号 错误的数值为-50.0 ！
[2022-04-13 08:29:37,700] [7192] [__main__] [DEBUG] 判定信号 总计的数值为65.0 ！
[2022-04-13 08:32:38,637] [7192] [__main__] [DEBUG] 本次判定信号是正确的！ 市场为 32.5 ，考虑是否进场！
[2022-04-13 08:32:39,320] [7192] [__main__] [DEBUG] 判定信号 正确的数值为147.5 ！
[2022-04-13 08:32:39,882] [7192] [__main__] [DEBUG] 判定信号 错误的数值为-50.0 ！
[2022-04-13 08:32:40,427] [7192] [__main__] [DEBUG] 判定信号 总计的数值为97.5 ！
[2022-04-13 08:35:41,420] [7192] [__main__] [DEBUG] 本次判定信号是正确的！ 市场为 42.5 ，考虑是否进场！
[2022-04-13 08:35:41,982] [7192] [__main__] [DEBUG] 判定信号 正确的数值为190.0 ！
[2022-04-13 08:35:42,506] [7192] [__main__] [DEBUG] 判定信号 错误的数值为-50.0 ！
[2022-04-13 08:35:43,054] [7192] [__main__] [DEBUG] 判定信号 总计的数值为140.0 ！
[2022-04-13 08:38:44,273] [7192] [__main__] [DEBUG] 本次判定信号是正确的！ 市场为 50.0 ，考虑是否进场！
[2022-04-13 08:38:44,755] [7192] [__main__] [DEBUG] 判定信号 正确的数值为240.0 ！
[2022-04-13 08:38:45,274] [7192] [__main__] [DEBUG] 判定信号 错误的数值为-50.0 ！
[2022-04-13 08:38:45,679] [7192] [__main__] [DEBUG] 判定信号 总计的数值为190.0 ！
[2022-04-13 08:54:30,117] [7032] [__main__] [DEBUG] 松井日内保证金为 62,000 
tradeone is NI225 
 mt5 time :2022-04-13 03:54:28 
 time: 2022-04-13 08:54:29 
 市场为 197.5 ，考虑是否进场！
[2022-04-13 08:57:43,398] [7032] [__main__] [DEBUG] 本次判定信号是正确的！ 市场为 2.5 ，考虑是否进场！
[2022-04-13 08:57:43,890] [7032] [__main__] [DEBUG] 判定信号 正确的数值为2.5 ！
[2022-04-13 08:57:44,429] [7032] [__main__] [DEBUG] 判定信号 错误的数值为0 ！
[2022-04-13 08:57:44,933] [7032] [__main__] [DEBUG] 判定信号 总计的数值为2.5 ！
[2022-04-13 09:00:45,901] [7032] [__main__] [DEBUG] 本次判定信号是正确的！ 市场为 0.0 ，考虑是否进场！
[2022-04-13 09:00:46,438] [7032] [__main__] [DEBUG] 判定信号 正确的数值为2.5 ！
[2022-04-13 09:00:46,962] [7032] [__main__] [DEBUG] 判定信号 错误的数值为0 ！
[2022-04-13 09:00:47,387] [7032] [__main__] [DEBUG] 判定信号 总计的数值为2.5 ！
[2022-04-13 09:03:48,451] [7032] [__main__] [DEBUG] 本次判定信号是正确的！ 市场为 17.5 ，考虑是否进场！
[2022-04-13 09:03:48,985] [7032] [__main__] [DEBUG] 判定信号 正确的数值为20.0 ！
[2022-04-13 09:03:49,501] [7032] [__main__] [DEBUG] 判定信号 错误的数值为0 ！
[2022-04-13 09:03:50,030] [7032] [__main__] [DEBUG] 判定信号 总计的数值为20.0 ！
[2022-04-13 09:06:50,613] [7032] [__main__] [DEBUG] 本次判定信号是正确的！ 市场为 17.5 ，考虑是否进场！
[2022-04-13 09:06:51,140] [7032] [__main__] [DEBUG] 判定信号 正确的数值为37.5 ！
[2022-04-13 09:06:51,660] [7032] [__main__] [DEBUG] 判定信号 错误的数值为0 ！
[2022-04-13 09:06:52,183] [7032] [__main__] [DEBUG] 判定信号 总计的数值为37.5 ！
[2022-04-13 09:09:53,157] [7032] [__main__] [DEBUG] 本次判定信号是错误的！ 市场为 -50.0 ，考虑是否离场！
[2022-04-13 09:09:53,658] [7032] [__main__] [DEBUG] 判定信号 正确的数值为37.5 ！
[2022-04-13 09:09:54,185] [7032] [__main__] [DEBUG] 判定信号 错误的数值为-50.0 ！
[2022-04-13 09:09:54,706] [7032] [__main__] [DEBUG] 判定信号 总计的数值为-12.5 ！
[2022-04-13 09:12:55,719] [7032] [__main__] [DEBUG] 本次判定信号是错误的！ 市场为 -25.0 ，考虑是否离场！
[2022-04-13 09:12:56,239] [7032] [__main__] [DEBUG] 判定信号 正确的数值为37.5 ！
[2022-04-13 09:12:56,763] [7032] [__main__] [DEBUG] 判定信号 错误的数值为-75.0 ！
[2022-04-13 09:12:57,283] [7032] [__main__] [DEBUG] 判定信号 总计的数值为-37.5 ！
[2022-04-13 09:15:58,793] [7032] [__main__] [DEBUG] 本次判定信号是错误的！ 市场为 -55.0 ，考虑是否离场！
[2022-04-13 09:15:59,341] [7032] [__main__] [DEBUG] 判定信号 正确的数值为37.5 ！
[2022-04-13 09:15:59,758] [7032] [__main__] [DEBUG] 判定信号 错误的数值为-130.0 ！
[2022-04-13 09:16:00,256] [7032] [__main__] [DEBUG] 判定信号 总计的数值为-92.5 ！
[2022-04-13 09:19:01,274] [7032] [__main__] [DEBUG] 本次判定信号是错误的！ 市场为 -47.5 ，考虑是否离场！
[2022-04-13 09:19:01,819] [7032] [__main__] [DEBUG] 判定信号 正确的数值为37.5 ！
[2022-04-13 09:19:02,354] [7032] [__main__] [DEBUG] 判定信号 错误的数值为-177.5 ！
[2022-04-13 09:19:02,880] [7032] [__main__] [DEBUG] 判定信号 总计的数值为-140.0 ！
[2022-04-13 09:22:03,840] [7032] [__main__] [DEBUG] 本次判定信号是正确的！ 市场为 20.0 ，考虑是否进场！
[2022-04-13 09:22:04,362] [7032] [__main__] [DEBUG] 判定信号 正确的数值为57.5 ！
[2022-04-13 09:22:04,901] [7032] [__main__] [DEBUG] 判定信号 错误的数值为-177.5 ！
[2022-04-13 09:22:05,442] [7032] [__main__] [DEBUG] 判定信号 总计的数值为-120.0 ！
[2022-04-13 09:22:05,902] [7032] [__main__] [DEBUG] 做多的信号彻底失败！赶紧离场！
[2022-04-13 09:22:06,842] [7032] [__main__] [DEBUG] 松井日内保证金为 62,000 
tradeone is NI225 
 mt5 time :2022-04-13 04:22:00 
 time: 2022-04-13 09:22:06 
 市场为 140.0 ，考虑是否进场！
[2022-04-13 09:25:22,802] [7032] [__main__] [DEBUG] 本次判定信号是正确的！ 市场为 75.0 ，考虑是否进场！
[2022-04-13 09:25:23,347] [7032] [__main__] [DEBUG] 判定信号 正确的数值为132.5 ！
[2022-04-13 09:25:23,887] [7032] [__main__] [DEBUG] 判定信号 错误的数值为-177.5 ！
[2022-04-13 09:25:24,308] [7032] [__main__] [DEBUG] 判定信号 总计的数值为-45.0 ！
[2022-04-13 09:25:24,735] [7032] [__main__] [DEBUG] 做多的信号彻底失败！赶紧离场！
[2022-04-13 09:25:26,015] [7032] [__main__] [DEBUG] 松井日内保证金为 62,000 
tradeone is NI225 
 mt5 time :2022-04-13 04:25:22 
 time: 2022-04-13 09:25:25 
 市场为 157.5 ，考虑是否进场！
[2022-04-13 09:28:41,223] [7032] [__main__] [DEBUG] 本次判定信号是正确的！ 市场为 72.5 ，考虑是否进场！
[2022-04-13 09:28:42,202] [7032] [__main__] [DEBUG] 判定信号 正确的数值为205.0 ！
[2022-04-13 09:28:42,703] [7032] [__main__] [DEBUG] 判定信号 错误的数值为-177.5 ！
[2022-04-13 09:28:43,158] [7032] [__main__] [DEBUG] 判定信号 总计的数值为27.5 ！
[2022-04-13 10:09:22,258] [5516] [__main__] [DEBUG] 松井日内保证金为 62,000 
tradeone is NI225 
 mt5 time :2022-04-13 05:09:15 
 time: 2022-04-13 10:09:21 
 市场为 105.0 ，考虑是否进场！
[2022-04-13 10:12:37,264] [5516] [__main__] [DEBUG] 本次判定信号是正确的！ 市场为 17.5 ，考虑是否进场！
[2022-04-13 10:12:37,800] [5516] [__main__] [DEBUG] 判定信号 正确的数值为17.5 ！
[2022-04-13 10:12:38,346] [5516] [__main__] [DEBUG] 判定信号 错误的数值为0 ！
[2022-04-13 10:12:38,985] [5516] [__main__] [DEBUG] 判定信号 总计的数值为17.5 ！
[2022-04-13 10:15:39,965] [5516] [__main__] [DEBUG] 本次判定信号是错误的！ 市场为 -5.0 ，考虑是否离场！
[2022-04-13 10:15:40,818] [5516] [__main__] [DEBUG] 判定信号 正确的数值为17.5 ！
[2022-04-13 10:15:41,394] [5516] [__main__] [DEBUG] 判定信号 错误的数值为-5.0 ！
[2022-04-13 10:15:41,681] [5516] [__main__] [DEBUG] 判定信号 总计的数值为12.5 ！
[2022-04-13 10:18:42,887] [5516] [__main__] [DEBUG] 本次判定信号是正确的！ 市场为 12.5 ，考虑是否进场！
[2022-04-13 10:18:43,420] [5516] [__main__] [DEBUG] 判定信号 正确的数值为30.0 ！
[2022-04-13 10:18:43,958] [5516] [__main__] [DEBUG] 判定信号 错误的数值为-5.0 ！
[2022-04-13 10:18:44,484] [5516] [__main__] [DEBUG] 判定信号 总计的数值为25.0 ！
[2022-04-13 10:21:47,061] [5516] [__main__] [DEBUG] 本次判定信号是正确的！ 市场为 25.0 ，考虑是否进场！
[2022-04-13 10:21:47,582] [5516] [__main__] [DEBUG] 判定信号 正确的数值为55.0 ！
[2022-04-13 10:21:48,142] [5516] [__main__] [DEBUG] 判定信号 错误的数值为-5.0 ！
[2022-04-13 10:21:48,642] [5516] [__main__] [DEBUG] 判定信号 总计的数值为50.0 ！
[2022-04-13 10:24:49,594] [5516] [__main__] [DEBUG] 本次判定信号是正确的！ 市场为 0.0 ，考虑是否进场！
[2022-04-13 10:24:50,094] [5516] [__main__] [DEBUG] 判定信号 正确的数值为55.0 ！
[2022-04-13 10:24:50,620] [5516] [__main__] [DEBUG] 判定信号 错误的数值为-5.0 ！
[2022-04-13 10:24:51,141] [5516] [__main__] [DEBUG] 判定信号 总计的数值为50.0 ！
[2022-04-13 10:27:52,156] [5516] [__main__] [DEBUG] 本次判定信号是正确的！ 市场为 0.0 ，考虑是否进场！
[2022-04-13 10:27:52,679] [5516] [__main__] [DEBUG] 判定信号 正确的数值为55.0 ！
[2022-04-13 10:27:53,253] [5516] [__main__] [DEBUG] 判定信号 错误的数值为-5.0 ！
[2022-04-13 10:27:53,796] [5516] [__main__] [DEBUG] 判定信号 总计的数值为50.0 ！
[2022-04-13 10:30:54,800] [5516] [__main__] [DEBUG] 本次判定信号是正确的！ 市场为 7.5 ，考虑是否进场！
[2022-04-13 10:30:55,320] [5516] [__main__] [DEBUG] 判定信号 正确的数值为62.5 ！
[2022-04-13 10:30:55,844] [5516] [__main__] [DEBUG] 判定信号 错误的数值为-5.0 ！
[2022-04-13 10:30:56,384] [5516] [__main__] [DEBUG] 判定信号 总计的数值为57.5 ！
[2022-04-13 10:33:57,593] [5516] [__main__] [DEBUG] 本次判定信号是正确的！ 市场为 0.0 ，考虑是否进场！
[2022-04-13 10:33:58,114] [5516] [__main__] [DEBUG] 判定信号 正确的数值为62.5 ！
[2022-04-13 10:33:58,635] [5516] [__main__] [DEBUG] 判定信号 错误的数值为-5.0 ！
[2022-04-13 10:33:59,018] [5516] [__main__] [DEBUG] 判定信号 总计的数值为57.5 ！
[2022-04-13 10:37:00,019] [5516] [__main__] [DEBUG] 本次判定信号是正确的！ 市场为 0.0 ，考虑是否进场！
[2022-04-13 10:37:00,445] [5516] [__main__] [DEBUG] 判定信号 正确的数值为62.5 ！
[2022-04-13 10:37:00,985] [5516] [__main__] [DEBUG] 判定信号 错误的数值为-5.0 ！
[2022-04-13 10:37:01,528] [5516] [__main__] [DEBUG] 判定信号 总计的数值为57.5 ！
[2022-04-13 10:40:02,560] [5516] [__main__] [DEBUG] 本次判定信号是正确的！ 市场为 0.0 ，考虑是否进场！
[2022-04-13 10:40:03,101] [5516] [__main__] [DEBUG] 判定信号 正确的数值为62.5 ！
[2022-04-13 10:40:03,524] [5516] [__main__] [DEBUG] 判定信号 错误的数值为-5.0 ！
[2022-04-13 10:40:04,034] [5516] [__main__] [DEBUG] 判定信号 总计的数值为57.5 ！
[2022-04-13 10:43:05,013] [5516] [__main__] [DEBUG] 本次判定信号是正确的！ 市场为 0.0 ，考虑是否进场！
[2022-04-13 10:43:05,656] [5516] [__main__] [DEBUG] 判定信号 正确的数值为62.5 ！
[2022-04-13 10:43:06,162] [5516] [__main__] [DEBUG] 判定信号 错误的数值为-5.0 ！
[2022-04-13 10:43:06,733] [5516] [__main__] [DEBUG] 判定信号 总计的数值为57.5 ！
[2022-04-13 10:46:08,038] [5516] [__main__] [DEBUG] 本次判定信号是错误的！ 市场为 -7.5 ，考虑是否离场！
[2022-04-13 10:46:08,739] [5516] [__main__] [DEBUG] 判定信号 正确的数值为62.5 ！
[2022-04-13 10:46:09,244] [5516] [__main__] [DEBUG] 判定信号 错误的数值为-12.5 ！
[2022-04-13 10:46:09,784] [5516] [__main__] [DEBUG] 判定信号 总计的数值为50.0 ！
[2022-04-13 10:49:10,324] [5516] [__main__] [DEBUG] 本次判定信号是正确的！ 市场为 2.5 ，考虑是否进场！
[2022-04-13 10:49:10,827] [5516] [__main__] [DEBUG] 判定信号 正确的数值为65.0 ！
[2022-04-13 10:49:11,372] [5516] [__main__] [DEBUG] 判定信号 错误的数值为-12.5 ！
[2022-04-13 10:49:11,894] [5516] [__main__] [DEBUG] 判定信号 总计的数值为52.5 ！
[2022-04-13 10:52:12,896] [5516] [__main__] [DEBUG] 本次判定信号是正确的！ 市场为 17.5 ，考虑是否进场！
[2022-04-13 10:52:13,400] [5516] [__main__] [DEBUG] 判定信号 正确的数值为82.5 ！
[2022-04-13 10:52:13,800] [5516] [__main__] [DEBUG] 判定信号 错误的数值为-12.5 ！
[2022-04-13 10:52:14,341] [5516] [__main__] [DEBUG] 判定信号 总计的数值为70.0 ！
[2022-04-13 10:55:15,318] [5516] [__main__] [DEBUG] 本次判定信号是正确的！ 市场为 0.0 ，考虑是否进场！
[2022-04-13 10:55:15,739] [5516] [__main__] [DEBUG] 判定信号 正确的数值为82.5 ！
[2022-04-13 10:55:16,163] [5516] [__main__] [DEBUG] 判定信号 错误的数值为-12.5 ！
[2022-04-13 10:55:16,743] [5516] [__main__] [DEBUG] 判定信号 总计的数值为70.0 ！
[2022-04-13 10:58:19,055] [5516] [__main__] [DEBUG] 本次判定信号是错误的！ 市场为 -2.5 ，考虑是否离场！
[2022-04-13 10:58:19,557] [5516] [__main__] [DEBUG] 判定信号 正确的数值为82.5 ！
[2022-04-13 10:58:19,961] [5516] [__main__] [DEBUG] 判定信号 错误的数值为-15.0 ！
[2022-04-13 10:58:20,500] [5516] [__main__] [DEBUG] 判定信号 总计的数值为67.5 ！
[2022-04-13 11:01:21,500] [5516] [__main__] [DEBUG] 本次判定信号是错误的！ 市场为 -17.5 ，考虑是否离场！
[2022-04-13 11:01:22,044] [5516] [__main__] [DEBUG] 判定信号 正确的数值为82.5 ！
[2022-04-13 11:01:22,568] [5516] [__main__] [DEBUG] 判定信号 错误的数值为-32.5 ！
[2022-04-13 11:01:23,088] [5516] [__main__] [DEBUG] 判定信号 总计的数值为50.0 ！
[2022-04-13 11:04:24,090] [5516] [__main__] [DEBUG] 本次判定信号是正确的！ 市场为 0.0 ，考虑是否进场！
[2022-04-13 11:04:24,661] [5516] [__main__] [DEBUG] 判定信号 正确的数值为82.5 ！
[2022-04-13 11:04:25,186] [5516] [__main__] [DEBUG] 判定信号 错误的数值为-32.5 ！
[2022-04-13 11:04:25,686] [5516] [__main__] [DEBUG] 判定信号 总计的数值为50.0 ！
[2022-04-13 11:07:26,674] [5516] [__main__] [DEBUG] 本次判定信号是正确的！ 市场为 0.0 ，考虑是否进场！
[2022-04-13 11:07:27,213] [5516] [__main__] [DEBUG] 判定信号 正确的数值为82.5 ！
[2022-04-13 11:07:27,715] [5516] [__main__] [DEBUG] 判定信号 错误的数值为-32.5 ！
[2022-04-13 11:07:28,213] [5516] [__main__] [DEBUG] 判定信号 总计的数值为50.0 ！
[2022-04-13 11:10:29,353] [5516] [__main__] [DEBUG] 本次判定信号是错误的！ 市场为 -22.5 ，考虑是否离场！
[2022-04-13 11:10:29,896] [5516] [__main__] [DEBUG] 判定信号 正确的数值为82.5 ！
[2022-04-13 11:10:30,416] [5516] [__main__] [DEBUG] 判定信号 错误的数值为-55.0 ！
[2022-04-13 11:10:30,917] [5516] [__main__] [DEBUG] 判定信号 总计的数值为27.5 ！
[2022-04-13 11:13:31,927] [5516] [__main__] [DEBUG] 本次判定信号是错误的！ 市场为 -17.5 ，考虑是否离场！
[2022-04-13 11:13:32,490] [5516] [__main__] [DEBUG] 判定信号 正确的数值为82.5 ！
[2022-04-13 11:13:32,991] [5516] [__main__] [DEBUG] 判定信号 错误的数值为-72.5 ！
[2022-04-13 11:13:33,572] [5516] [__main__] [DEBUG] 判定信号 总计的数值为10.0 ！
[2022-04-13 20:03:14,920] [6320] [__main__] [DEBUG] 松井日内保证金为 62,000 
tradeone is NI225 
 mt5 time :2022-04-13 15:03:09 
 time: 2022-04-13 20:03:13 
 市场为 -102.5 ，考虑是否进场！
[2022-04-13 20:06:28,338] [6320] [__main__] [DEBUG] 本次判定信号是正确的！ 市场为 0.0 ，考虑是否进场！
[2022-04-13 20:06:29,619] [6320] [__main__] [DEBUG] 判定信号 正确的数值为0.0 ！
[2022-04-13 20:06:30,614] [6320] [__main__] [DEBUG] 判定信号 错误的数值为0 ！
[2022-04-13 20:06:31,150] [6320] [__main__] [DEBUG] 判定信号 总计的数值为0.0 ！
[2022-04-13 20:09:32,329] [6320] [__main__] [DEBUG] 本次判定信号是正确的！ 市场为 -7.5 ，考虑是否进场！
[2022-04-13 20:09:33,336] [6320] [__main__] [DEBUG] 判定信号 正确的数值为-7.5 ！
[2022-04-13 20:09:33,759] [6320] [__main__] [DEBUG] 判定信号 错误的数值为0 ！
[2022-04-13 20:09:34,295] [6320] [__main__] [DEBUG] 判定信号 总计的数值为-7.5 ！
[2022-04-13 20:12:37,637] [6320] [__main__] [DEBUG] 本次判定信号是正确的！ 市场为 -12.5 ，考虑是否进场！
[2022-04-13 20:12:38,189] [6320] [__main__] [DEBUG] 判定信号 正确的数值为-20.0 ！
[2022-04-13 20:12:38,767] [6320] [__main__] [DEBUG] 判定信号 错误的数值为0 ！
[2022-04-13 20:12:39,347] [6320] [__main__] [DEBUG] 判定信号 总计的数值为-20.0 ！
[2022-04-13 20:15:40,552] [6320] [__main__] [DEBUG] 本次判定信号是正确的！ 市场为 -2.5 ，考虑是否进场！
[2022-04-13 20:15:41,084] [6320] [__main__] [DEBUG] 判定信号 正确的数值为-22.5 ！
[2022-04-13 20:15:41,524] [6320] [__main__] [DEBUG] 判定信号 错误的数值为0 ！
[2022-04-13 20:15:42,085] [6320] [__main__] [DEBUG] 判定信号 总计的数值为-22.5 ！
[2022-04-13 20:18:43,167] [6320] [__main__] [DEBUG] 本次判定信号是正确的！ 市场为 0.0 ，考虑是否进场！
[2022-04-13 20:18:43,702] [6320] [__main__] [DEBUG] 判定信号 正确的数值为-22.5 ！
[2022-04-13 20:18:44,469] [6320] [__main__] [DEBUG] 判定信号 错误的数值为0 ！
[2022-04-13 20:18:45,020] [6320] [__main__] [DEBUG] 判定信号 总计的数值为-22.5 ！
[2022-04-13 20:21:46,074] [6320] [__main__] [DEBUG] 本次判定信号是错误的！ 市场为 25.0 ，考虑是否离场！
[2022-04-13 20:21:46,609] [6320] [__main__] [DEBUG] 判定信号 正确的数值为-22.5 ！
[2022-04-13 20:21:47,119] [6320] [__main__] [DEBUG] 判定信号 错误的数值为25.0 ！
[2022-04-13 20:21:47,678] [6320] [__main__] [DEBUG] 判定信号 总计的数值为2.5 ！
[2022-04-13 20:21:48,224] [6320] [__main__] [DEBUG] 总信号彻底失败！赶紧离场！
