[2022-04-22 09:04:48,307] [8092] [__main__] [DEBUG] 松井日内保证金为 62,000 
tradeone is NI225 
 mt5 time :2022-04-22 04:04:43 
 time: 2022-04-22 09:04:47 
 市场为 -142.5 ，考虑是否进场！
[2022-04-22 09:07:59,489] [8092] [__main__] [DEBUG] 本次判定信号是正确的！ 市场为 -22.5 ，考虑是否进场！
[2022-04-22 09:08:00,716] [8092] [__main__] [DEBUG] 判定信号 正确的数值为-22.5 ！
[2022-04-22 09:08:01,330] [8092] [__main__] [DEBUG] 判定信号 错误的数值为0 ！
[2022-04-22 09:08:01,933] [8092] [__main__] [DEBUG] 判定信号 总计的数值为-22.5 ！
[2022-04-22 09:11:03,091] [8092] [__main__] [DEBUG] 本次判定信号是正确的！ 市场为 -2.5 ，考虑是否进场！
[2022-04-22 09:11:04,217] [8092] [__main__] [DEBUG] 判定信号 正确的数值为-25.0 ！
[2022-04-22 09:11:04,935] [8092] [__main__] [DEBUG] 判定信号 错误的数值为0 ！
[2022-04-22 09:11:05,550] [8092] [__main__] [DEBUG] 判定信号 总计的数值为-25.0 ！
[2022-04-22 09:14:06,795] [8092] [__main__] [DEBUG] 本次判定信号是错误的！ 市场为 30.0 ，考虑是否离场！
[2022-04-22 09:14:07,409] [8092] [__main__] [DEBUG] 判定信号 正确的数值为-25.0 ！
[2022-04-22 09:14:08,335] [8092] [__main__] [DEBUG] 判定信号 错误的数值为30.0 ！
[2022-04-22 09:14:08,947] [8092] [__main__] [DEBUG] 判定信号 总计的数值为5.0 ！
[2022-04-22 09:14:09,560] [8092] [__main__] [DEBUG] 总信号彻底失败！赶紧离场！
[2022-04-22 09:14:10,893] [8092] [__main__] [DEBUG] 松井日内保证金为 62,000 
tradeone is NI225 
 mt5 time :2022-04-22 04:14:08 
 time: 2022-04-22 09:14:10 
 市场为 -110.0 ，考虑是否进场！
[2022-04-22 09:17:25,144] [8092] [__main__] [DEBUG] 本次判定信号是错误的！ 市场为 32.5 ，考虑是否离场！
[2022-04-22 09:17:26,270] [8092] [__main__] [DEBUG] 判定信号 正确的数值为-25.0 ！
[2022-04-22 09:17:26,885] [8092] [__main__] [DEBUG] 判定信号 错误的数值为62.5 ！
[2022-04-22 09:17:27,500] [8092] [__main__] [DEBUG] 判定信号 总计的数值为37.5 ！
[2022-04-22 09:17:27,909] [8092] [__main__] [DEBUG] 总信号彻底失败！赶紧离场！
[2022-04-22 18:32:48,873] [10692] [__main__] [DEBUG] 松井日内保证金为 62,000 
tradeone is NI225 
 mt5 time :2022-04-22 13:32:40 
 time: 2022-04-22 18:32:48 
 市场为 -125.0 ，考虑是否进场！
[2022-04-22 18:36:04,558] [10692] [__main__] [DEBUG] 本次判定信号是正确的！ 市场为 0.0 ，考虑是否进场！
[2022-04-22 18:36:05,785] [10692] [__main__] [DEBUG] 判定信号 正确的数值为0.0 ！
[2022-04-22 18:36:06,401] [10692] [__main__] [DEBUG] 判定信号 错误的数值为0 ！
[2022-04-22 18:36:07,015] [10692] [__main__] [DEBUG] 判定信号 总计的数值为0.0 ！
[2022-04-22 18:39:08,570] [10692] [__main__] [DEBUG] 本次判定信号是正确的！ 市场为 -5.0 ，考虑是否进场！
[2022-04-22 18:39:09,696] [10692] [__main__] [DEBUG] 判定信号 正确的数值为-5.0 ！
[2022-04-22 18:39:10,311] [10692] [__main__] [DEBUG] 判定信号 错误的数值为0 ！
[2022-04-22 18:39:10,924] [10692] [__main__] [DEBUG] 判定信号 总计的数值为-5.0 ！
[2022-04-22 18:42:11,559] [10692] [__main__] [DEBUG] 本次判定信号是错误的！ 市场为 27.5 ，考虑是否离场！
[2022-04-22 18:42:12,785] [10692] [__main__] [DEBUG] 判定信号 正确的数值为-5.0 ！
[2022-04-22 18:42:13,306] [10692] [__main__] [DEBUG] 判定信号 错误的数值为27.5 ！
[2022-04-22 18:42:13,809] [10692] [__main__] [DEBUG] 判定信号 总计的数值为22.5 ！
[2022-04-22 18:45:15,095] [10692] [__main__] [DEBUG] 本次判定信号是错误的！ 市场为 40.0 ，考虑是否离场！
[2022-04-22 18:45:16,187] [10692] [__main__] [DEBUG] 判定信号 正确的数值为-5.0 ！
[2022-04-22 18:45:16,695] [10692] [__main__] [DEBUG] 判定信号 错误的数值为67.5 ！
[2022-04-22 18:45:17,149] [10692] [__main__] [DEBUG] 判定信号 总计的数值为62.5 ！
[2022-04-22 18:45:17,720] [10692] [__main__] [DEBUG] 总信号彻底失败！赶紧离场！
[2022-04-22 19:31:18,207] [9096] [__main__] [DEBUG] 松井日内保证金为 62,000 
tradeone is NI225 
 mt5 time :2022-04-22 14:31:11 
 time: 2022-04-22 19:31:15 
 市场为 105.0 ，考虑是否进场！
[2022-04-22 19:34:34,505] [9096] [__main__] [DEBUG] 本次判定信号是正确的！ 市场为 0.0 ，考虑是否进场！
[2022-04-22 19:34:35,734] [9096] [__main__] [DEBUG] 判定信号 正确的数值为0.0 ！
[2022-04-22 19:34:36,246] [9096] [__main__] [DEBUG] 判定信号 错误的数值为0 ！
[2022-04-22 19:34:36,758] [9096] [__main__] [DEBUG] 判定信号 总计的数值为0.0 ！
[2022-04-22 19:37:39,334] [9096] [__main__] [DEBUG] 本次判定信号是正确的！ 市场为 0.0 ，考虑是否进场！
[2022-04-22 19:37:39,964] [9096] [__main__] [DEBUG] 判定信号 正确的数值为0.0 ！
[2022-04-22 19:37:41,484] [9096] [__main__] [DEBUG] 判定信号 错误的数值为0 ！
[2022-04-22 19:37:41,896] [9096] [__main__] [DEBUG] 判定信号 总计的数值为0.0 ！
[2022-04-22 19:40:43,247] [9096] [__main__] [DEBUG] 本次判定信号是正确的！ 市场为 15.0 ，考虑是否进场！
[2022-04-22 19:40:43,858] [9096] [__main__] [DEBUG] 判定信号 正确的数值为15.0 ！
[2022-04-22 19:40:44,474] [9096] [__main__] [DEBUG] 判定信号 错误的数值为0 ！
[2022-04-22 19:40:45,047] [9096] [__main__] [DEBUG] 判定信号 总计的数值为15.0 ！
[2022-04-22 19:43:46,337] [9096] [__main__] [DEBUG] 本次判定信号是正确的！ 市场为 10.0 ，考虑是否进场！
[2022-04-22 19:43:47,563] [9096] [__main__] [DEBUG] 判定信号 正确的数值为25.0 ！
[2022-04-22 19:43:48,588] [9096] [__main__] [DEBUG] 判定信号 错误的数值为0 ！
[2022-04-22 19:43:49,204] [9096] [__main__] [DEBUG] 判定信号 总计的数值为25.0 ！
[2022-04-22 19:46:50,347] [9096] [__main__] [DEBUG] 本次判定信号是正确的！ 市场为 0.0 ，考虑是否进场！
[2022-04-22 19:46:51,371] [9096] [__main__] [DEBUG] 判定信号 正确的数值为25.0 ！
[2022-04-22 19:46:51,987] [9096] [__main__] [DEBUG] 判定信号 错误的数值为0 ！
[2022-04-22 19:46:52,600] [9096] [__main__] [DEBUG] 判定信号 总计的数值为25.0 ！
[2022-04-22 19:49:55,279] [9096] [__main__] [DEBUG] 本次判定信号是正确的！ 市场为 0.0 ，考虑是否进场！
[2022-04-22 19:49:55,898] [9096] [__main__] [DEBUG] 判定信号 正确的数值为25.0 ！
[2022-04-22 19:49:56,504] [9096] [__main__] [DEBUG] 判定信号 错误的数值为0 ！
[2022-04-22 19:49:57,020] [9096] [__main__] [DEBUG] 判定信号 总计的数值为25.0 ！
[2022-04-22 19:52:58,268] [9096] [__main__] [DEBUG] 本次判定信号是正确的！ 市场为 0.0 ，考虑是否进场！
[2022-04-22 19:52:59,190] [9096] [__main__] [DEBUG] 判定信号 正确的数值为25.0 ！
[2022-04-22 19:52:59,804] [9096] [__main__] [DEBUG] 判定信号 错误的数值为0 ！
[2022-04-22 19:53:00,419] [9096] [__main__] [DEBUG] 判定信号 总计的数值为25.0 ！
[2022-04-22 19:56:01,664] [9096] [__main__] [DEBUG] 本次判定信号是正确的！ 市场为 0.0 ，考虑是否进场！
[2022-04-22 19:56:02,278] [9096] [__main__] [DEBUG] 判定信号 正确的数值为25.0 ！
[2022-04-22 19:56:02,893] [9096] [__main__] [DEBUG] 判定信号 错误的数值为0 ！
[2022-04-22 19:56:03,405] [9096] [__main__] [DEBUG] 判定信号 总计的数值为25.0 ！
[2022-04-22 19:59:04,857] [9096] [__main__] [DEBUG] 本次判定信号是正确的！ 市场为 10.0 ，考虑是否进场！
[2022-04-22 19:59:05,471] [9096] [__main__] [DEBUG] 判定信号 正确的数值为35.0 ！
[2022-04-22 19:59:06,086] [9096] [__main__] [DEBUG] 判定信号 错误的数值为0 ！
[2022-04-22 19:59:06,702] [9096] [__main__] [DEBUG] 判定信号 总计的数值为35.0 ！
