[2022-04-29 08:51:10,898] [7684] [__main__] [DEBUG] 松井日内保证金为 63,000 
tradeone is NI225 
 mt5 time :2022-04-29 03:51:03 
 time: 2022-04-29 08:51:10 
 市场为 125.0 ，考虑是否进场！
[2022-04-29 08:54:26,974] [7684] [__main__] [DEBUG] 本次判定信号是正确的！ 市场为 0.0 ，考虑是否进场！
[2022-04-29 08:54:27,536] [7684] [__main__] [DEBUG] 判定信号 正确的数值为0.0 ！
[2022-04-29 08:54:28,068] [7684] [__main__] [DEBUG] 判定信号 错误的数值为0 ！
[2022-04-29 08:54:28,568] [7684] [__main__] [DEBUG] 判定信号 总计的数值为0.0 ！
[2022-04-29 08:57:29,450] [7684] [__main__] [DEBUG] 本次判定信号是正确的！ 市场为 0.0 ，考虑是否进场！
[2022-04-29 08:57:29,997] [7684] [__main__] [DEBUG] 判定信号 正确的数值为0.0 ！
[2022-04-29 08:57:30,528] [7684] [__main__] [DEBUG] 判定信号 错误的数值为0 ！
[2022-04-29 08:57:31,028] [7684] [__main__] [DEBUG] 判定信号 总计的数值为0.0 ！
[2022-04-29 09:00:32,065] [7684] [__main__] [DEBUG] 本次判定信号是正确的！ 市场为 7.5 ，考虑是否进场！
[2022-04-29 09:00:32,574] [7684] [__main__] [DEBUG] 判定信号 正确的数值为7.5 ！
[2022-04-29 09:00:33,074] [7684] [__main__] [DEBUG] 判定信号 错误的数值为0 ！
[2022-04-29 09:00:33,485] [7684] [__main__] [DEBUG] 判定信号 总计的数值为7.5 ！
[2022-04-29 09:03:34,487] [7684] [__main__] [DEBUG] 本次判定信号是正确的！ 市场为 5.0 ，考虑是否进场！
[2022-04-29 09:03:35,721] [7684] [__main__] [DEBUG] 判定信号 正确的数值为12.5 ！
[2022-04-29 09:03:36,409] [7684] [__main__] [DEBUG] 判定信号 错误的数值为0 ！
[2022-04-29 09:03:36,987] [7684] [__main__] [DEBUG] 判定信号 总计的数值为12.5 ！
[2022-04-29 09:06:38,012] [7684] [__main__] [DEBUG] 本次判定信号是正确的！ 市场为 0.0 ，考虑是否进场！
[2022-04-29 09:06:38,621] [7684] [__main__] [DEBUG] 判定信号 正确的数值为12.5 ！
[2022-04-29 09:06:39,168] [7684] [__main__] [DEBUG] 判定信号 错误的数值为0 ！
[2022-04-29 09:06:39,684] [7684] [__main__] [DEBUG] 判定信号 总计的数值为12.5 ！
[2022-04-29 09:09:40,617] [7684] [__main__] [DEBUG] 本次判定信号是正确的！ 市场为 0.0 ，考虑是否进场！
[2022-04-29 09:09:41,414] [7684] [__main__] [DEBUG] 判定信号 正确的数值为12.5 ！
[2022-04-29 09:09:41,914] [7684] [__main__] [DEBUG] 判定信号 错误的数值为0 ！
[2022-04-29 09:09:42,414] [7684] [__main__] [DEBUG] 判定信号 总计的数值为12.5 ！
[2022-04-29 09:12:43,363] [7684] [__main__] [DEBUG] 本次判定信号是正确的！ 市场为 0.0 ，考虑是否进场！
[2022-04-29 09:12:43,886] [7684] [__main__] [DEBUG] 判定信号 正确的数值为12.5 ！
[2022-04-29 09:12:44,407] [7684] [__main__] [DEBUG] 判定信号 错误的数值为0 ！
[2022-04-29 09:12:44,931] [7684] [__main__] [DEBUG] 判定信号 总计的数值为12.5 ！
[2022-04-29 09:15:46,604] [7684] [__main__] [DEBUG] 本次判定信号是正确的！ 市场为 0.0 ，考虑是否进场！
[2022-04-29 09:15:47,104] [7684] [__main__] [DEBUG] 判定信号 正确的数值为12.5 ！
[2022-04-29 09:15:47,590] [7684] [__main__] [DEBUG] 判定信号 错误的数值为0 ！
[2022-04-29 09:15:48,110] [7684] [__main__] [DEBUG] 判定信号 总计的数值为12.5 ！
