[2022-04-27 08:04:22,447] [5304] [__main__] [DEBUG] 松井日内保证金为 63,000 
tradeone is NI225 
 mt5 time :2022-04-27 03:04:22 
 time: 2022-04-27 08:04:22 
 市场为 100.0 ，考虑是否进场！
[2022-04-27 08:07:35,543] [5304] [__main__] [DEBUG] 本次判定信号是正确的！ 市场为 22.5 ，考虑是否进场！
[2022-04-27 08:07:35,887] [5304] [__main__] [DEBUG] 判定信号 正确的数值为22.5 ！
[2022-04-27 08:07:35,890] [5304] [__main__] [DEBUG] 判定信号 错误的数值为0 ！
[2022-04-27 08:07:35,893] [5304] [__main__] [DEBUG] 判定信号 总计的数值为22.5 ！
[2022-04-27 08:10:35,943] [5304] [__main__] [DEBUG] 本次判定信号是错误的！ 市场为 -22.5 ，考虑是否离场！
[2022-04-27 08:10:35,951] [5304] [__main__] [DEBUG] 判定信号 正确的数值为22.5 ！
[2022-04-27 08:10:35,956] [5304] [__main__] [DEBUG] 判定信号 错误的数值为-22.5 ！
[2022-04-27 08:10:35,961] [5304] [__main__] [DEBUG] 判定信号 总计的数值为0.0 ！
[2022-04-27 08:13:36,007] [5304] [__main__] [DEBUG] 本次判定信号是错误的！ 市场为 -97.5 ，考虑是否离场！
[2022-04-27 08:13:36,013] [5304] [__main__] [DEBUG] 判定信号 正确的数值为22.5 ！
[2022-04-27 08:13:36,016] [5304] [__main__] [DEBUG] 判定信号 错误的数值为-120.0 ！
[2022-04-27 08:13:36,019] [5304] [__main__] [DEBUG] 判定信号 总计的数值为-97.5 ！
[2022-04-27 08:13:36,023] [5304] [__main__] [DEBUG] 总信号彻底失败！赶紧离场！
[2022-04-27 09:10:14,000] [124] [__main__] [DEBUG] 松井日内保证金为 63,000 
tradeone is NI225 
 mt5 time :2022-04-27 04:10:12 
 time: 2022-04-27 09:10:14 
 市场为 120.0 ，考虑是否进场！
[2022-04-27 09:13:27,077] [124] [__main__] [DEBUG] 本次判定信号是错误的！ 市场为 -20.0 ，考虑是否离场！
[2022-04-27 09:13:27,077] [124] [__main__] [DEBUG] 判定信号 正确的数值为0 ！
[2022-04-27 09:13:27,077] [124] [__main__] [DEBUG] 判定信号 错误的数值为-20.0 ！
[2022-04-27 09:13:27,077] [124] [__main__] [DEBUG] 判定信号 总计的数值为-20.0 ！
[2022-04-27 09:24:35,791] [11116] [__main__] [DEBUG] 松井日内保证金为 63,000 
tradeone is NI225 
 mt5 time :2022-04-27 04:24:35 
 time: 2022-04-27 09:24:35 
 市场为 127.5 ，考虑是否进场！
[2022-04-27 09:27:46,854] [11116] [__main__] [DEBUG] 本次判定信号是正确的！ 市场为 20.0 ，考虑是否进场！
[2022-04-27 09:27:46,854] [11116] [__main__] [DEBUG] 判定信号 正确的数值为20.0 ！
[2022-04-27 09:27:46,854] [11116] [__main__] [DEBUG] 判定信号 错误的数值为0 ！
[2022-04-27 09:27:46,854] [11116] [__main__] [DEBUG] 判定信号 总计的数值为20.0 ！
[2022-04-27 09:30:46,920] [11116] [__main__] [DEBUG] 本次判定信号是正确的！ 市场为 7.5 ，考虑是否进场！
[2022-04-27 09:30:46,935] [11116] [__main__] [DEBUG] 判定信号 正确的数值为27.5 ！
[2022-04-27 09:30:46,935] [11116] [__main__] [DEBUG] 判定信号 错误的数值为0 ！
[2022-04-27 09:30:46,935] [11116] [__main__] [DEBUG] 判定信号 总计的数值为27.5 ！
[2022-04-27 09:33:46,980] [11116] [__main__] [DEBUG] 本次判定信号是正确的！ 市场为 12.5 ，考虑是否进场！
[2022-04-27 09:33:46,980] [11116] [__main__] [DEBUG] 判定信号 正确的数值为40.0 ！
[2022-04-27 09:33:46,980] [11116] [__main__] [DEBUG] 判定信号 错误的数值为0 ！
[2022-04-27 09:33:46,980] [11116] [__main__] [DEBUG] 判定信号 总计的数值为40.0 ！
[2022-04-27 09:36:47,030] [11116] [__main__] [DEBUG] 本次判定信号是正确的！ 市场为 7.5 ，考虑是否进场！
[2022-04-27 09:36:47,046] [11116] [__main__] [DEBUG] 判定信号 正确的数值为47.5 ！
[2022-04-27 09:36:47,046] [11116] [__main__] [DEBUG] 判定信号 错误的数值为0 ！
[2022-04-27 09:36:47,046] [11116] [__main__] [DEBUG] 判定信号 总计的数值为47.5 ！
[2022-04-27 09:39:47,096] [11116] [__main__] [DEBUG] 本次判定信号是正确的！ 市场为 35.0 ，考虑是否进场！
[2022-04-27 09:39:47,096] [11116] [__main__] [DEBUG] 判定信号 正确的数值为82.5 ！
[2022-04-27 09:39:47,096] [11116] [__main__] [DEBUG] 判定信号 错误的数值为0 ！
[2022-04-27 09:39:47,096] [11116] [__main__] [DEBUG] 判定信号 总计的数值为82.5 ！
[2022-04-27 09:42:47,146] [11116] [__main__] [DEBUG] 本次判定信号是正确的！ 市场为 47.5 ，考虑是否进场！
[2022-04-27 09:42:47,146] [11116] [__main__] [DEBUG] 判定信号 正确的数值为130.0 ！
[2022-04-27 09:42:47,161] [11116] [__main__] [DEBUG] 判定信号 错误的数值为0 ！
[2022-04-27 09:42:47,161] [11116] [__main__] [DEBUG] 判定信号 总计的数值为130.0 ！
[2022-04-27 09:45:47,206] [11116] [__main__] [DEBUG] 本次判定信号是正确的！ 市场为 20.0 ，考虑是否进场！
[2022-04-27 09:45:47,206] [11116] [__main__] [DEBUG] 判定信号 正确的数值为150.0 ！
[2022-04-27 09:45:47,222] [11116] [__main__] [DEBUG] 判定信号 错误的数值为0 ！
[2022-04-27 09:45:47,222] [11116] [__main__] [DEBUG] 判定信号 总计的数值为150.0 ！
[2022-04-27 09:48:47,257] [11116] [__main__] [DEBUG] 本次判定信号是正确的！ 市场为 32.5 ，考虑是否进场！
[2022-04-27 09:48:47,257] [11116] [__main__] [DEBUG] 判定信号 正确的数值为182.5 ！
[2022-04-27 09:48:47,273] [11116] [__main__] [DEBUG] 判定信号 错误的数值为0 ！
[2022-04-27 09:48:47,273] [11116] [__main__] [DEBUG] 判定信号 总计的数值为182.5 ！
[2022-04-27 09:51:47,309] [11116] [__main__] [DEBUG] 本次判定信号是错误的！ 市场为 -32.5 ，考虑是否离场！
[2022-04-27 09:51:47,325] [11116] [__main__] [DEBUG] 判定信号 正确的数值为182.5 ！
[2022-04-27 09:51:47,325] [11116] [__main__] [DEBUG] 判定信号 错误的数值为-32.5 ！
[2022-04-27 09:51:47,325] [11116] [__main__] [DEBUG] 判定信号 总计的数值为150.0 ！
[2022-04-27 09:54:47,357] [11116] [__main__] [DEBUG] 本次判定信号是错误的！ 市场为 -42.5 ，考虑是否离场！
[2022-04-27 09:54:47,357] [11116] [__main__] [DEBUG] 判定信号 正确的数值为182.5 ！
[2022-04-27 09:54:47,373] [11116] [__main__] [DEBUG] 判定信号 错误的数值为-75.0 ！
[2022-04-27 09:54:47,373] [11116] [__main__] [DEBUG] 判定信号 总计的数值为107.5 ！
[2022-04-27 09:57:47,405] [11116] [__main__] [DEBUG] 本次判定信号是错误的！ 市场为 -42.5 ，考虑是否离场！
[2022-04-27 09:57:47,421] [11116] [__main__] [DEBUG] 判定信号 正确的数值为182.5 ！
[2022-04-27 09:57:47,421] [11116] [__main__] [DEBUG] 判定信号 错误的数值为-117.5 ！
[2022-04-27 09:57:47,421] [11116] [__main__] [DEBUG] 判定信号 总计的数值为65.0 ！
[2022-04-27 10:00:47,454] [11116] [__main__] [DEBUG] 本次判定信号是正确的！ 市场为 0.0 ，考虑是否进场！
[2022-04-27 10:00:47,470] [11116] [__main__] [DEBUG] 判定信号 正确的数值为182.5 ！
[2022-04-27 10:00:47,470] [11116] [__main__] [DEBUG] 判定信号 错误的数值为-117.5 ！
[2022-04-27 10:00:47,470] [11116] [__main__] [DEBUG] 判定信号 总计的数值为65.0 ！
[2022-04-27 10:03:47,502] [11116] [__main__] [DEBUG] 本次判定信号是错误的！ 市场为 -25.0 ，考虑是否离场！
[2022-04-27 10:03:47,502] [11116] [__main__] [DEBUG] 判定信号 正确的数值为182.5 ！
[2022-04-27 10:03:47,518] [11116] [__main__] [DEBUG] 判定信号 错误的数值为-142.5 ！
[2022-04-27 10:03:47,518] [11116] [__main__] [DEBUG] 判定信号 总计的数值为40.0 ！
[2022-04-27 10:06:47,563] [11116] [__main__] [DEBUG] 本次判定信号是错误的！ 市场为 -32.5 ，考虑是否离场！
[2022-04-27 10:06:47,563] [11116] [__main__] [DEBUG] 判定信号 正确的数值为182.5 ！
[2022-04-27 10:06:47,563] [11116] [__main__] [DEBUG] 判定信号 错误的数值为-175.0 ！
[2022-04-27 10:06:47,563] [11116] [__main__] [DEBUG] 判定信号 总计的数值为7.5 ！
