[2022-04-18 07:44:24,770] [6720] [__main__] [DEBUG] 松井日内保证金为 62,000 
tradeone is NI225 
 mt5 time :2022-04-18 02:44:13 
 time: 2022-04-18 07:44:22 
 市场为 -105.0 ，考虑是否进场！
[2022-04-18 07:47:37,077] [6720] [__main__] [DEBUG] 本次判定信号是正确的！ 市场为 0.0 ，考虑是否进场！
[2022-04-18 07:47:38,101] [6720] [__main__] [DEBUG] 判定信号 正确的数值为0.0 ！
[2022-04-18 07:47:38,716] [6720] [__main__] [DEBUG] 判定信号 错误的数值为0 ！
[2022-04-18 07:47:39,330] [6720] [__main__] [DEBUG] 判定信号 总计的数值为0.0 ！
[2022-04-18 07:50:40,577] [6720] [__main__] [DEBUG] 本次判定信号是正确的！ 市场为 0.0 ，考虑是否进场！
[2022-04-18 07:50:41,703] [6720] [__main__] [DEBUG] 判定信号 正确的数值为0.0 ！
[2022-04-18 07:50:42,319] [6720] [__main__] [DEBUG] 判定信号 错误的数值为0 ！
[2022-04-18 07:50:42,828] [6720] [__main__] [DEBUG] 判定信号 总计的数值为0.0 ！
[2022-04-18 07:53:44,075] [6720] [__main__] [DEBUG] 本次判定信号是正确的！ 市场为 0.0 ，考虑是否进场！
[2022-04-18 07:53:44,690] [6720] [__main__] [DEBUG] 判定信号 正确的数值为0.0 ！
[2022-04-18 07:53:45,513] [6720] [__main__] [DEBUG] 判定信号 错误的数值为0 ！
[2022-04-18 07:53:45,963] [6720] [__main__] [DEBUG] 判定信号 总计的数值为0.0 ！
[2022-04-18 07:56:47,166] [6720] [__main__] [DEBUG] 本次判定信号是错误的！ 市场为 30.0 ，考虑是否离场！
[2022-04-18 07:56:48,395] [6720] [__main__] [DEBUG] 判定信号 正确的数值为0.0 ！
[2022-04-18 07:56:49,008] [6720] [__main__] [DEBUG] 判定信号 错误的数值为30.0 ！
[2022-04-18 07:56:49,523] [6720] [__main__] [DEBUG] 判定信号 总计的数值为30.0 ！
[2022-04-18 07:59:50,769] [6720] [__main__] [DEBUG] 本次判定信号是正确的！ 市场为 -12.5 ，考虑是否进场！
[2022-04-18 07:59:51,996] [6720] [__main__] [DEBUG] 判定信号 正确的数值为-12.5 ！
[2022-04-18 07:59:52,512] [6720] [__main__] [DEBUG] 判定信号 错误的数值为30.0 ！
[2022-04-18 07:59:52,819] [6720] [__main__] [DEBUG] 判定信号 总计的数值为17.5 ！
[2022-04-18 08:02:54,063] [6720] [__main__] [DEBUG] 本次判定信号是正确的！ 市场为 -40.0 ，考虑是否进场！
[2022-04-18 08:02:54,678] [6720] [__main__] [DEBUG] 判定信号 正确的数值为-52.5 ！
[2022-04-18 08:02:55,394] [6720] [__main__] [DEBUG] 判定信号 错误的数值为30.0 ！
[2022-04-18 08:02:55,907] [6720] [__main__] [DEBUG] 判定信号 总计的数值为-22.5 ！
[2022-04-18 08:05:57,359] [6720] [__main__] [DEBUG] 本次判定信号是正确的！ 市场为 0.0 ，考虑是否进场！
[2022-04-18 08:05:57,973] [6720] [__main__] [DEBUG] 判定信号 正确的数值为-52.5 ！
[2022-04-18 08:05:58,589] [6720] [__main__] [DEBUG] 判定信号 错误的数值为30.0 ！
[2022-04-18 08:05:59,203] [6720] [__main__] [DEBUG] 判定信号 总计的数值为-22.5 ！
[2022-04-18 08:09:00,758] [6720] [__main__] [DEBUG] 本次判定信号是正确的！ 市场为 -20.0 ，考虑是否进场！
[2022-04-18 08:09:02,030] [6720] [__main__] [DEBUG] 判定信号 正确的数值为-72.5 ！
[2022-04-18 08:09:02,601] [6720] [__main__] [DEBUG] 判定信号 错误的数值为30.0 ！
[2022-04-18 08:09:03,215] [6720] [__main__] [DEBUG] 判定信号 总计的数值为-42.5 ！
[2022-04-18 08:12:04,464] [6720] [__main__] [DEBUG] 本次判定信号是错误的！ 市场为 27.5 ，考虑是否离场！
[2022-04-18 08:12:05,589] [6720] [__main__] [DEBUG] 判定信号 正确的数值为-72.5 ！
[2022-04-18 08:12:06,204] [6720] [__main__] [DEBUG] 判定信号 错误的数值为57.5 ！
[2022-04-18 08:12:06,819] [6720] [__main__] [DEBUG] 判定信号 总计的数值为-15.0 ！
[2022-04-18 08:12:07,329] [6720] [__main__] [DEBUG] 总信号彻底失败！赶紧离场！
[2022-04-18 08:18:02,349] [6720] [__main__] [DEBUG] 松井日内保证金为 62,000 
tradeone is NI225 
 mt5 time :2022-04-18 03:17:56 
 time: 2022-04-18 08:18:01 
 市场为 -105.0 ，考虑是否进场！
[2022-04-18 08:21:13,839] [6720] [__main__] [DEBUG] 本次判定信号是正确的！ 市场为 0.0 ，考虑是否进场！
[2022-04-18 08:21:14,966] [6720] [__main__] [DEBUG] 判定信号 正确的数值为-72.5 ！
[2022-04-18 08:21:15,364] [6720] [__main__] [DEBUG] 判定信号 错误的数值为57.5 ！
[2022-04-18 08:21:15,887] [6720] [__main__] [DEBUG] 判定信号 总计的数值为-15.0 ！
[2022-04-18 08:24:17,645] [6720] [__main__] [DEBUG] 本次判定信号是正确的！ 市场为 -40.0 ，考虑是否进场！
[2022-04-18 08:24:18,259] [6720] [__main__] [DEBUG] 判定信号 正确的数值为-112.5 ！
[2022-04-18 08:24:18,772] [6720] [__main__] [DEBUG] 判定信号 错误的数值为57.5 ！
[2022-04-18 08:24:19,492] [6720] [__main__] [DEBUG] 判定信号 总计的数值为-55.0 ！
[2022-04-18 08:27:20,737] [6720] [__main__] [DEBUG] 本次判定信号是错误的！ 市场为 22.5 ，考虑是否离场！
[2022-04-18 08:27:21,911] [6720] [__main__] [DEBUG] 判定信号 正确的数值为-112.5 ！
[2022-04-18 08:27:22,578] [6720] [__main__] [DEBUG] 判定信号 错误的数值为80.0 ！
[2022-04-18 08:27:23,195] [6720] [__main__] [DEBUG] 判定信号 总计的数值为-32.5 ！
[2022-04-18 08:27:23,704] [6720] [__main__] [DEBUG] 总信号彻底失败！赶紧离场！
[2022-04-18 08:28:02,514] [6720] [__main__] [DEBUG] 松井日内保证金为 62,000 
tradeone is NI225 
 mt5 time :2022-04-18 03:27:59 
 time: 2022-04-18 08:28:01 
 市场为 -130.0 ，考虑是否进场！
[2022-04-18 08:57:57,683] [4540] [__main__] [DEBUG] 松井日内保证金为 62,000 
tradeone is NI225 
 mt5 time :2022-04-18 03:57:51 
 time: 2022-04-18 08:57:57 
 市场为 -120.0 ，考虑是否进场！
