[2022-04-21 08:07:38,461] [8036] [__main__] [DEBUG] 松井日内保证金为 62,000 
tradeone is NI225 
 mt5 time :2022-04-21 03:07:31 
 time: 2022-04-21 08:07:37 
 市场为 102.5 ，考虑是否进场！
[2022-04-21 08:10:53,430] [8036] [__main__] [DEBUG] 本次判定信号是正确的！ 市场为 45.0 ，考虑是否进场！
[2022-04-21 08:10:54,147] [8036] [__main__] [DEBUG] 判定信号 正确的数值为45.0 ！
[2022-04-21 08:10:54,608] [8036] [__main__] [DEBUG] 判定信号 错误的数值为0 ！
[2022-04-21 08:10:55,585] [8036] [__main__] [DEBUG] 判定信号 总计的数值为45.0 ！
[2022-04-21 08:13:57,545] [8036] [__main__] [DEBUG] 本次判定信号是正确的！ 市场为 57.5 ，考虑是否进场！
[2022-04-21 08:13:58,978] [8036] [__main__] [DEBUG] 判定信号 正确的数值为102.5 ！
[2022-04-21 08:13:59,696] [8036] [__main__] [DEBUG] 判定信号 错误的数值为0 ！
[2022-04-21 08:14:00,411] [8036] [__main__] [DEBUG] 判定信号 总计的数值为102.5 ！
[2022-04-21 08:17:01,661] [8036] [__main__] [DEBUG] 本次判定信号是正确的！ 市场为 70.0 ，考虑是否进场！
[2022-04-21 08:17:02,887] [8036] [__main__] [DEBUG] 判定信号 正确的数值为172.5 ！
[2022-04-21 08:17:03,502] [8036] [__main__] [DEBUG] 判定信号 错误的数值为0 ！
[2022-04-21 08:17:03,810] [8036] [__main__] [DEBUG] 判定信号 总计的数值为172.5 ！
[2022-04-21 08:20:05,055] [8036] [__main__] [DEBUG] 本次判定信号是正确的！ 市场为 82.5 ，考虑是否进场！
[2022-04-21 08:20:06,288] [8036] [__main__] [DEBUG] 判定信号 正确的数值为255.0 ！
[2022-04-21 08:20:06,798] [8036] [__main__] [DEBUG] 判定信号 错误的数值为0 ！
[2022-04-21 08:20:07,412] [8036] [__main__] [DEBUG] 判定信号 总计的数值为255.0 ！
[2022-04-21 08:23:09,376] [8036] [__main__] [DEBUG] 本次判定信号是正确的！ 市场为 60.0 ，考虑是否进场！
[2022-04-21 08:23:10,199] [8036] [__main__] [DEBUG] 判定信号 正确的数值为315.0 ！
[2022-04-21 08:23:10,901] [8036] [__main__] [DEBUG] 判定信号 错误的数值为0 ！
[2022-04-21 08:23:11,527] [8036] [__main__] [DEBUG] 判定信号 总计的数值为315.0 ！
[2022-04-21 08:26:13,696] [8036] [__main__] [DEBUG] 本次判定信号是正确的！ 市场为 82.5 ，考虑是否进场！
[2022-04-21 08:26:14,106] [8036] [__main__] [DEBUG] 判定信号 正确的数值为397.5 ！
[2022-04-21 08:26:14,619] [8036] [__main__] [DEBUG] 判定信号 错误的数值为0 ！
[2022-04-21 08:26:15,233] [8036] [__main__] [DEBUG] 判定信号 总计的数值为397.5 ！
