[2022-04-14 08:09:35,346] [11816] [__main__] [DEBUG] 松井日内保证金为 62,000 
tradeone is NI225 
 mt5 time :2022-04-14 03:09:31 
 time: 2022-04-14 08:09:33 
 市场为 112.5 ，考虑是否进场！
[2022-04-14 08:12:46,435] [11816] [__main__] [DEBUG] 本次判定信号是正确的！ 市场为 67.5 ，考虑是否进场！
[2022-04-14 08:12:46,999] [11816] [__main__] [DEBUG] 判定信号 正确的数值为67.5 ！
[2022-04-14 08:12:47,436] [11816] [__main__] [DEBUG] 判定信号 错误的数值为0 ！
[2022-04-14 08:12:48,019] [11816] [__main__] [DEBUG] 判定信号 总计的数值为67.5 ！
[2022-04-14 08:15:49,014] [11816] [__main__] [DEBUG] 本次判定信号是正确的！ 市场为 97.5 ，考虑是否进场！
[2022-04-14 08:15:49,452] [11816] [__main__] [DEBUG] 判定信号 正确的数值为165.0 ！
[2022-04-14 08:15:49,979] [11816] [__main__] [DEBUG] 判定信号 错误的数值为0 ！
[2022-04-14 08:15:50,520] [11816] [__main__] [DEBUG] 判定信号 总计的数值为165.0 ！
[2022-04-14 08:18:51,568] [11816] [__main__] [DEBUG] 本次判定信号是正确的！ 市场为 87.5 ，考虑是否进场！
[2022-04-14 08:18:52,106] [11816] [__main__] [DEBUG] 判定信号 正确的数值为252.5 ！
[2022-04-14 08:18:52,611] [11816] [__main__] [DEBUG] 判定信号 错误的数值为0 ！
[2022-04-14 08:18:53,133] [11816] [__main__] [DEBUG] 判定信号 总计的数值为252.5 ！
[2022-04-14 08:21:54,507] [11816] [__main__] [DEBUG] 本次判定信号是正确的！ 市场为 15.0 ，考虑是否进场！
[2022-04-14 08:21:54,793] [11816] [__main__] [DEBUG] 判定信号 正确的数值为267.5 ！
[2022-04-14 08:21:55,069] [11816] [__main__] [DEBUG] 判定信号 错误的数值为0 ！
[2022-04-14 08:21:55,355] [11816] [__main__] [DEBUG] 判定信号 总计的数值为267.5 ！
