[2022-04-20 08:28:44,089] [10256] [__main__] [DEBUG] 松井日内保证金为 62,000 
tradeone is NI225 
 mt5 time :2022-04-20 03:28:40 
 time: 2022-04-20 08:28:42 
 市场为 110.0 ，考虑是否进场！
[2022-04-20 08:31:58,232] [10256] [__main__] [DEBUG] 本次判定信号是正确的！ 市场为 90.0 ，考虑是否进场！
[2022-04-20 08:31:59,466] [10256] [__main__] [DEBUG] 判定信号 正确的数值为90.0 ！
[2022-04-20 08:32:00,081] [10256] [__main__] [DEBUG] 判定信号 错误的数值为0 ！
[2022-04-20 08:32:00,697] [10256] [__main__] [DEBUG] 判定信号 总计的数值为90.0 ！
[2022-04-20 08:35:01,842] [10256] [__main__] [DEBUG] 本次判定信号是正确的！ 市场为 0.0 ，考虑是否进场！
[2022-04-20 08:35:02,764] [10256] [__main__] [DEBUG] 判定信号 正确的数值为90.0 ！
[2022-04-20 08:35:03,991] [10256] [__main__] [DEBUG] 判定信号 错误的数值为0 ！
[2022-04-20 08:35:04,505] [10256] [__main__] [DEBUG] 判定信号 总计的数值为90.0 ！
[2022-04-20 08:38:05,648] [10256] [__main__] [DEBUG] 本次判定信号是正确的！ 市场为 20.0 ，考虑是否进场！
[2022-04-20 08:38:06,160] [10256] [__main__] [DEBUG] 判定信号 正确的数值为110.0 ！
[2022-04-20 08:38:06,776] [10256] [__main__] [DEBUG] 判定信号 错误的数值为0 ！
[2022-04-20 08:38:07,389] [10256] [__main__] [DEBUG] 判定信号 总计的数值为110.0 ！
[2022-04-20 08:41:08,729] [10256] [__main__] [DEBUG] 本次判定信号是正确的！ 市场为 0.0 ，考虑是否进场！
[2022-04-20 08:41:09,253] [10256] [__main__] [DEBUG] 判定信号 正确的数值为110.0 ！
[2022-04-20 08:41:09,867] [10256] [__main__] [DEBUG] 判定信号 错误的数值为0 ！
[2022-04-20 08:41:10,737] [10256] [__main__] [DEBUG] 判定信号 总计的数值为110.0 ！
[2022-04-20 08:44:11,934] [10256] [__main__] [DEBUG] 本次判定信号是错误的！ 市场为 -12.5 ，考虑是否离场！
[2022-04-20 08:44:13,060] [10256] [__main__] [DEBUG] 判定信号 正确的数值为110.0 ！
[2022-04-20 08:44:13,468] [10256] [__main__] [DEBUG] 判定信号 错误的数值为-12.5 ！
[2022-04-20 08:44:13,980] [10256] [__main__] [DEBUG] 判定信号 总计的数值为97.5 ！
[2022-04-20 08:47:15,229] [10256] [__main__] [DEBUG] 本次判定信号是错误的！ 市场为 -10.0 ，考虑是否离场！
[2022-04-20 08:47:16,457] [10256] [__main__] [DEBUG] 判定信号 正确的数值为110.0 ！
[2022-04-20 08:47:17,071] [10256] [__main__] [DEBUG] 判定信号 错误的数值为-22.5 ！
[2022-04-20 08:47:17,685] [10256] [__main__] [DEBUG] 判定信号 总计的数值为87.5 ！
[2022-04-20 08:50:19,753] [10256] [__main__] [DEBUG] 本次判定信号是错误的！ 市场为 -15.0 ，考虑是否离场！
[2022-04-20 08:50:20,778] [10256] [__main__] [DEBUG] 判定信号 正确的数值为110.0 ！
[2022-04-20 08:50:21,392] [10256] [__main__] [DEBUG] 判定信号 错误的数值为-37.5 ！
[2022-04-20 08:50:22,007] [10256] [__main__] [DEBUG] 判定信号 总计的数值为72.5 ！
[2022-04-20 08:53:23,559] [10256] [__main__] [DEBUG] 本次判定信号是错误的！ 市场为 -17.5 ，考虑是否离场！
[2022-04-20 08:53:24,175] [10256] [__main__] [DEBUG] 判定信号 正确的数值为110.0 ！
[2022-04-20 08:53:24,791] [10256] [__main__] [DEBUG] 判定信号 错误的数值为-55.0 ！
[2022-04-20 08:53:25,405] [10256] [__main__] [DEBUG] 判定信号 总计的数值为55.0 ！
[2022-04-20 08:56:26,447] [10256] [__main__] [DEBUG] 本次判定信号是正确的！ 市场为 17.5 ，考虑是否进场！
[2022-04-20 08:56:27,572] [10256] [__main__] [DEBUG] 判定信号 正确的数值为127.5 ！
[2022-04-20 08:56:28,086] [10256] [__main__] [DEBUG] 判定信号 错误的数值为-55.0 ！
[2022-04-20 08:56:28,598] [10256] [__main__] [DEBUG] 判定信号 总计的数值为72.5 ！
[2022-04-20 08:59:29,843] [10256] [__main__] [DEBUG] 本次判定信号是正确的！ 市场为 17.5 ，考虑是否进场！
[2022-04-20 08:59:30,560] [10256] [__main__] [DEBUG] 判定信号 正确的数值为145.0 ！
[2022-04-20 08:59:31,175] [10256] [__main__] [DEBUG] 判定信号 错误的数值为-55.0 ！
[2022-04-20 08:59:31,789] [10256] [__main__] [DEBUG] 判定信号 总计的数值为90.0 ！
[2022-04-20 09:02:32,390] [10256] [__main__] [DEBUG] 本次判定信号是正确的！ 市场为 42.5 ，考虑是否进场！
[2022-04-20 09:02:33,547] [10256] [__main__] [DEBUG] 判定信号 正确的数值为187.5 ！
[2022-04-20 09:02:34,061] [10256] [__main__] [DEBUG] 判定信号 错误的数值为-55.0 ！
[2022-04-20 09:02:34,674] [10256] [__main__] [DEBUG] 判定信号 总计的数值为132.5 ！
[2022-04-20 09:05:35,821] [10256] [__main__] [DEBUG] 本次判定信号是正确的！ 市场为 0.0 ，考虑是否进场！
[2022-04-20 09:05:36,947] [10256] [__main__] [DEBUG] 判定信号 正确的数值为187.5 ！
[2022-04-20 09:05:37,561] [10256] [__main__] [DEBUG] 判定信号 错误的数值为-55.0 ！
[2022-04-20 09:05:38,174] [10256] [__main__] [DEBUG] 判定信号 总计的数值为132.5 ！
[2022-04-20 09:08:39,422] [10256] [__main__] [DEBUG] 本次判定信号是正确的！ 市场为 0.0 ，考虑是否进场！
[2022-04-20 09:08:40,020] [10256] [__main__] [DEBUG] 判定信号 正确的数值为187.5 ！
[2022-04-20 09:08:40,448] [10256] [__main__] [DEBUG] 判定信号 错误的数值为-55.0 ！
[2022-04-20 09:08:41,036] [10256] [__main__] [DEBUG] 判定信号 总计的数值为132.5 ！
[2022-04-20 09:11:42,721] [10256] [__main__] [DEBUG] 本次判定信号是错误的！ 市场为 -55.0 ，考虑是否离场！
[2022-04-20 09:11:43,538] [10256] [__main__] [DEBUG] 判定信号 正确的数值为187.5 ！
[2022-04-20 09:11:44,663] [10256] [__main__] [DEBUG] 判定信号 错误的数值为-110.0 ！
[2022-04-20 09:11:45,381] [10256] [__main__] [DEBUG] 判定信号 总计的数值为77.5 ！
[2022-04-20 10:02:02,388] [10776] [__main__] [DEBUG] 松井日内保证金为 62,000 
tradeone is NI225 
 mt5 time :2022-04-20 05:01:55 
 time: 2022-04-20 10:02:01 
 市场为 -250.0 ，考虑是否进场！
[2022-04-20 10:05:13,604] [10776] [__main__] [DEBUG] 本次判定信号是正确的！ 市场为 -35.0 ，考虑是否进场！
[2022-04-20 10:05:14,178] [10776] [__main__] [DEBUG] 判定信号 正确的数值为-35.0 ！
[2022-04-20 10:05:14,799] [10776] [__main__] [DEBUG] 判定信号 错误的数值为0 ！
[2022-04-20 10:05:15,407] [10776] [__main__] [DEBUG] 判定信号 总计的数值为-35.0 ！
[2022-04-20 10:08:16,551] [10776] [__main__] [DEBUG] 本次判定信号是错误的！ 市场为 10.0 ，考虑是否离场！
[2022-04-20 10:08:17,165] [10776] [__main__] [DEBUG] 判定信号 正确的数值为-35.0 ！
[2022-04-20 10:08:17,575] [10776] [__main__] [DEBUG] 判定信号 错误的数值为10.0 ！
[2022-04-20 10:08:18,456] [10776] [__main__] [DEBUG] 判定信号 总计的数值为-25.0 ！
[2022-04-20 10:08:18,809] [10776] [__main__] [DEBUG] 总信号彻底失败！赶紧离场！
[2022-04-20 10:08:20,033] [10776] [__main__] [DEBUG] 松井日内保证金为 62,000 
tradeone is NI225 
 mt5 time :2022-04-20 05:08:15 
 time: 2022-04-20 10:08:19 
 市场为 -177.5 ，考虑是否进场！
