[2022-03-28 08:02:22,155] [8460] [__main__] [DEBUG] tradeone is NI225 
 mt5 time :2022-03-28 03:02:20 
 time: 2022-03-28 08:02:21 
 市场为 -195.0 ，考虑是否进场！
[2022-03-28 08:22:07,929] [1616] [__main__] [DEBUG] tradeone is NI225 
 mt5 time :2022-03-28 03:22:05 
 time: 2022-03-28 08:22:06 
 市场为 -222.5 ，考虑是否进场！
[2022-03-28 08:22:26,931] [1616] [__main__] [DEBUG] 本次判定信号是错误的！ 市场为 15.0 ，考虑是否离场！
[2022-03-28 08:22:27,502] [1616] [__main__] [DEBUG] 判定信号 正确的数值为0 ！
[2022-03-28 08:22:28,014] [1616] [__main__] [DEBUG] 判定信号 错误的数值为15.0 ！
[2022-03-28 08:22:28,562] [1616] [__main__] [DEBUG] 判定信号 总计的数值为15.0 ！
[2022-03-28 08:22:35,319] [1616] [__main__] [DEBUG] 本次判定信号是错误的！ 市场为 17.5 ，考虑是否离场！
[2022-03-28 08:22:35,732] [1616] [__main__] [DEBUG] 判定信号 正确的数值为0 ！
[2022-03-28 08:22:36,254] [1616] [__main__] [DEBUG] 判定信号 错误的数值为32.5 ！
[2022-03-28 08:22:36,793] [1616] [__main__] [DEBUG] 判定信号 总计的数值为32.5 ！
[2022-03-28 08:22:43,394] [1616] [__main__] [DEBUG] 本次判定信号是正确的！ 市场为 -5.0 ，考虑是否进场！
[2022-03-28 08:22:43,929] [1616] [__main__] [DEBUG] 判定信号 正确的数值为-5.0 ！
[2022-03-28 08:22:44,492] [1616] [__main__] [DEBUG] 判定信号 错误的数值为32.5 ！
[2022-03-28 08:22:45,136] [1616] [__main__] [DEBUG] 判定信号 总计的数值为27.5 ！
[2022-03-28 08:22:51,711] [1616] [__main__] [DEBUG] 本次判定信号是错误的！ 市场为 10.0 ，考虑是否离场！
[2022-03-28 08:22:52,217] [1616] [__main__] [DEBUG] 判定信号 正确的数值为-5.0 ！
[2022-03-28 08:22:52,639] [1616] [__main__] [DEBUG] 判定信号 错误的数值为42.5 ！
[2022-03-28 08:22:53,052] [1616] [__main__] [DEBUG] 判定信号 总计的数值为37.5 ！
[2022-03-28 08:22:53,576] [1616] [__main__] [DEBUG] 总信号彻底失败！赶紧离场！
[2022-03-28 08:23:08,619] [1616] [__main__] [DEBUG] tradeone is NI225 
 mt5 time :2022-03-28 03:23:00 
 time: 2022-03-28 08:23:07 
 市场为 -235.0 ，考虑是否进场！
[2022-03-28 08:23:30,833] [1616] [__main__] [DEBUG] 本次判定信号是正确的！ 市场为 0.0 ，考虑是否进场！
[2022-03-28 08:23:31,357] [1616] [__main__] [DEBUG] 判定信号 正确的数值为-5.0 ！
[2022-03-28 08:23:31,903] [1616] [__main__] [DEBUG] 判定信号 错误的数值为42.5 ！
[2022-03-28 08:23:32,390] [1616] [__main__] [DEBUG] 判定信号 总计的数值为37.5 ！
[2022-03-28 08:23:38,986] [1616] [__main__] [DEBUG] 本次判定信号是错误的！ 市场为 5.0 ，考虑是否离场！
[2022-03-28 08:23:39,542] [1616] [__main__] [DEBUG] 判定信号 正确的数值为-5.0 ！
[2022-03-28 08:23:40,088] [1616] [__main__] [DEBUG] 判定信号 错误的数值为47.5 ！
[2022-03-28 08:23:40,648] [1616] [__main__] [DEBUG] 判定信号 总计的数值为42.5 ！
[2022-03-28 08:23:41,127] [1616] [__main__] [DEBUG] 总信号彻底失败！赶紧离场！
[2022-03-28 08:24:18,283] [1616] [__main__] [DEBUG] tradeone is NI225 
 mt5 time :2022-03-28 03:24:15 
 time: 2022-03-28 08:24:17 
 市场为 -235.0 ，考虑是否进场！
[2022-03-28 08:24:39,345] [1616] [__main__] [DEBUG] 本次判定信号是正确的！ 市场为 -15.0 ，考虑是否进场！
[2022-03-28 08:24:39,866] [1616] [__main__] [DEBUG] 判定信号 正确的数值为-20.0 ！
[2022-03-28 08:24:40,408] [1616] [__main__] [DEBUG] 判定信号 错误的数值为47.5 ！
[2022-03-28 08:24:40,807] [1616] [__main__] [DEBUG] 判定信号 总计的数值为27.5 ！
[2022-03-28 08:24:47,402] [1616] [__main__] [DEBUG] 本次判定信号是正确的！ 市场为 -15.0 ，考虑是否进场！
[2022-03-28 08:24:47,905] [1616] [__main__] [DEBUG] 判定信号 正确的数值为-35.0 ！
[2022-03-28 08:24:48,469] [1616] [__main__] [DEBUG] 判定信号 错误的数值为47.5 ！
[2022-03-28 08:24:48,770] [1616] [__main__] [DEBUG] 判定信号 总计的数值为12.5 ！
[2022-03-28 08:24:55,367] [1616] [__main__] [DEBUG] 本次判定信号是正确的！ 市场为 -15.0 ，考虑是否进场！
[2022-03-28 08:24:55,853] [1616] [__main__] [DEBUG] 判定信号 正确的数值为-50.0 ！
[2022-03-28 08:24:56,370] [1616] [__main__] [DEBUG] 判定信号 错误的数值为47.5 ！
[2022-03-28 08:24:56,912] [1616] [__main__] [DEBUG] 判定信号 总计的数值为-2.5 ！
[2022-03-28 08:25:03,470] [1616] [__main__] [DEBUG] 本次判定信号是正确的！ 市场为 -15.0 ，考虑是否进场！
[2022-03-28 08:25:03,889] [1616] [__main__] [DEBUG] 判定信号 正确的数值为-65.0 ！
[2022-03-28 08:25:04,431] [1616] [__main__] [DEBUG] 判定信号 错误的数值为47.5 ！
[2022-03-28 08:25:04,952] [1616] [__main__] [DEBUG] 判定信号 总计的数值为-17.5 ！
[2022-03-28 08:25:11,532] [1616] [__main__] [DEBUG] 本次判定信号是错误的！ 市场为 2.5 ，考虑是否离场！
[2022-03-28 08:25:12,092] [1616] [__main__] [DEBUG] 判定信号 正确的数值为-65.0 ！
[2022-03-28 08:25:12,493] [1616] [__main__] [DEBUG] 判定信号 错误的数值为50.0 ！
[2022-03-28 08:25:13,050] [1616] [__main__] [DEBUG] 判定信号 总计的数值为-15.0 ！
[2022-03-28 08:25:13,616] [1616] [__main__] [DEBUG] 总信号彻底失败！赶紧离场！
[2022-03-28 08:25:14,177] [1616] [__main__] [DEBUG] tradeone is NI225 
 mt5 time :2022-03-28 03:25:12 
 time: 2022-03-28 08:25:13 
 市场为 -225.0 ，考虑是否进场！
[2022-03-28 08:26:56,129] [11968] [__main__] [DEBUG] tradeone is NI225 
 mt5 time :2022-03-28 03:26:53 
 time: 2022-03-28 08:26:55 
 市场为 -212.5 ，考虑是否进场！
[2022-03-28 08:37:08,651] [11968] [__main__] [DEBUG] 本次判定信号是正确的！ 市场为 -60.0 ，考虑是否进场！
[2022-03-28 08:37:09,667] [11968] [__main__] [DEBUG] 判定信号 正确的数值为-60.0 ！
[2022-03-28 08:37:10,171] [11968] [__main__] [DEBUG] 判定信号 错误的数值为0 ！
[2022-03-28 08:37:10,715] [11968] [__main__] [DEBUG] 判定信号 总计的数值为-60.0 ！
[2022-03-28 08:47:12,342] [11968] [__main__] [DEBUG] 本次判定信号是正确的！ 市场为 -50.0 ，考虑是否进场！
[2022-03-28 08:47:12,885] [11968] [__main__] [DEBUG] 判定信号 正确的数值为-110.0 ！
[2022-03-28 08:47:13,425] [11968] [__main__] [DEBUG] 判定信号 错误的数值为0 ！
[2022-03-28 08:47:14,005] [11968] [__main__] [DEBUG] 判定信号 总计的数值为-110.0 ！
[2022-03-28 08:57:15,871] [11968] [__main__] [DEBUG] 本次判定信号是正确的！ 市场为 -35.0 ，考虑是否进场！
[2022-03-28 08:57:16,396] [11968] [__main__] [DEBUG] 判定信号 正确的数值为-145.0 ！
[2022-03-28 08:57:16,957] [11968] [__main__] [DEBUG] 判定信号 错误的数值为0 ！
[2022-03-28 08:57:17,378] [11968] [__main__] [DEBUG] 判定信号 总计的数值为-145.0 ！
[2022-03-28 09:54:10,396] [2996] [__main__] [DEBUG] tradeone is NI225 
 mt5 time :2022-03-28 04:54:05 
 time: 2022-03-28 09:54:08 
 市场为 110.0 ，考虑是否进场！
[2022-03-28 10:04:26,238] [2996] [__main__] [DEBUG] 本次判定信号是正确的！ 市场为 55.0 ，考虑是否进场！
[2022-03-28 10:04:26,815] [2996] [__main__] [DEBUG] 判定信号 正确的数值为55.0 ！
[2022-03-28 10:04:27,379] [2996] [__main__] [DEBUG] 判定信号 错误的数值为0 ！
[2022-03-28 10:04:27,804] [2996] [__main__] [DEBUG] 判定信号 总计的数值为55.0 ！
[2022-03-28 10:14:29,313] [2996] [__main__] [DEBUG] 本次判定信号是错误的！ 市场为 -30.0 ，考虑是否离场！
[2022-03-28 10:14:29,856] [2996] [__main__] [DEBUG] 判定信号 正确的数值为55.0 ！
[2022-03-28 10:14:30,398] [2996] [__main__] [DEBUG] 判定信号 错误的数值为-30.0 ！
[2022-03-28 10:14:30,917] [2996] [__main__] [DEBUG] 判定信号 总计的数值为25.0 ！
[2022-03-28 10:36:17,223] [11420] [__main__] [DEBUG] tradeone is NI225 
 mt5 time :2022-03-28 05:36:14 
 time: 2022-03-28 10:36:16 
 市场为 100.0 ，考虑是否进场！
[2022-03-28 10:46:32,145] [11420] [__main__] [DEBUG] 本次判定信号是正确的！ 市场为 0.0 ，考虑是否进场！
[2022-03-28 10:46:32,661] [11420] [__main__] [DEBUG] 判定信号 正确的数值为0.0 ！
[2022-03-28 10:46:33,175] [11420] [__main__] [DEBUG] 判定信号 错误的数值为0 ！
[2022-03-28 10:46:33,655] [11420] [__main__] [DEBUG] 判定信号 总计的数值为0.0 ！
[2022-03-28 10:56:35,514] [11420] [__main__] [DEBUG] 本次判定信号是错误的！ 市场为 -5.0 ，考虑是否离场！
[2022-03-28 10:56:36,095] [11420] [__main__] [DEBUG] 判定信号 正确的数值为0.0 ！
[2022-03-28 10:56:36,591] [11420] [__main__] [DEBUG] 判定信号 错误的数值为-5.0 ！
[2022-03-28 10:56:37,098] [11420] [__main__] [DEBUG] 判定信号 总计的数值为-5.0 ！
[2022-03-28 11:06:38,607] [11420] [__main__] [DEBUG] 本次判定信号是正确的！ 市场为 50.0 ，考虑是否进场！
[2022-03-28 11:06:39,161] [11420] [__main__] [DEBUG] 判定信号 正确的数值为50.0 ！
[2022-03-28 11:06:39,701] [11420] [__main__] [DEBUG] 判定信号 错误的数值为-5.0 ！
[2022-03-28 11:06:40,236] [11420] [__main__] [DEBUG] 判定信号 总计的数值为45.0 ！
[2022-03-28 11:16:41,928] [11420] [__main__] [DEBUG] 本次判定信号是错误的！ 市场为 -30.0 ，考虑是否离场！
[2022-03-28 11:16:42,966] [11420] [__main__] [DEBUG] 判定信号 正确的数值为50.0 ！
[2022-03-28 11:16:43,510] [11420] [__main__] [DEBUG] 判定信号 错误的数值为-35.0 ！
[2022-03-28 11:16:44,090] [11420] [__main__] [DEBUG] 判定信号 总计的数值为15.0 ！
[2022-03-28 11:26:45,710] [11420] [__main__] [DEBUG] 本次判定信号是正确的！ 市场为 0.0 ，考虑是否进场！
[2022-03-28 11:26:46,247] [11420] [__main__] [DEBUG] 判定信号 正确的数值为50.0 ！
[2022-03-28 11:26:46,836] [11420] [__main__] [DEBUG] 判定信号 错误的数值为-35.0 ！
[2022-03-28 11:26:47,286] [11420] [__main__] [DEBUG] 判定信号 总计的数值为15.0 ！
[2022-03-28 11:36:49,083] [11420] [__main__] [DEBUG] 本次判定信号是正确的！ 市场为 0.0 ，考虑是否进场！
[2022-03-28 11:36:49,606] [11420] [__main__] [DEBUG] 判定信号 正确的数值为50.0 ！
[2022-03-28 11:36:50,124] [11420] [__main__] [DEBUG] 判定信号 错误的数值为-35.0 ！
[2022-03-28 11:36:50,563] [11420] [__main__] [DEBUG] 判定信号 总计的数值为15.0 ！
[2022-03-28 11:46:52,085] [11420] [__main__] [DEBUG] 本次判定信号是正确的！ 市场为 17.5 ，考虑是否进场！
[2022-03-28 11:46:52,636] [11420] [__main__] [DEBUG] 判定信号 正确的数值为67.5 ！
[2022-03-28 11:46:53,118] [11420] [__main__] [DEBUG] 判定信号 错误的数值为-35.0 ！
[2022-03-28 11:46:53,660] [11420] [__main__] [DEBUG] 判定信号 总计的数值为32.5 ！
[2022-03-28 11:56:55,086] [11420] [__main__] [DEBUG] 本次判定信号是正确的！ 市场为 0.0 ，考虑是否进场！
[2022-03-28 11:56:55,643] [11420] [__main__] [DEBUG] 判定信号 正确的数值为67.5 ！
[2022-03-28 11:56:56,242] [11420] [__main__] [DEBUG] 判定信号 错误的数值为-35.0 ！
[2022-03-28 11:56:56,802] [11420] [__main__] [DEBUG] 判定信号 总计的数值为32.5 ！
[2022-03-28 12:06:58,681] [11420] [__main__] [DEBUG] 本次判定信号是正确的！ 市场为 15.0 ，考虑是否进场！
[2022-03-28 12:06:59,215] [11420] [__main__] [DEBUG] 判定信号 正确的数值为82.5 ！
[2022-03-28 12:06:59,752] [11420] [__main__] [DEBUG] 判定信号 错误的数值为-35.0 ！
[2022-03-28 12:07:00,290] [11420] [__main__] [DEBUG] 判定信号 总计的数值为47.5 ！
[2022-03-28 12:17:01,147] [11420] [__main__] [DEBUG] 本次判定信号是正确的！ 市场为 0.0 ，考虑是否进场！
[2022-03-28 12:17:01,668] [11420] [__main__] [DEBUG] 判定信号 正确的数值为82.5 ！
[2022-03-28 12:17:02,206] [11420] [__main__] [DEBUG] 判定信号 错误的数值为-35.0 ！
[2022-03-28 12:17:02,750] [11420] [__main__] [DEBUG] 判定信号 总计的数值为47.5 ！
[2022-03-28 12:27:04,949] [11420] [__main__] [DEBUG] 本次判定信号是正确的！ 市场为 0.0 ，考虑是否进场！
[2022-03-28 12:27:05,492] [11420] [__main__] [DEBUG] 判定信号 正确的数值为82.5 ！
[2022-03-28 12:27:06,034] [11420] [__main__] [DEBUG] 判定信号 错误的数值为-35.0 ！
[2022-03-28 12:27:06,611] [11420] [__main__] [DEBUG] 判定信号 总计的数值为47.5 ！
[2022-03-28 15:06:32,356] [6884] [__main__] [DEBUG] tradeone is NI225 
 mt5 time :2022-03-28 10:06:30 
 time: 2022-03-28 15:06:31 
 市场为 107.5 ，考虑是否进场！
[2022-03-28 15:16:47,782] [6884] [__main__] [DEBUG] 本次判定信号是错误的！ 市场为 -10.0 ，考虑是否离场！
[2022-03-28 15:16:48,328] [6884] [__main__] [DEBUG] 判定信号 正确的数值为0 ！
[2022-03-28 15:16:48,743] [6884] [__main__] [DEBUG] 判定信号 错误的数值为-10.0 ！
[2022-03-28 15:16:49,268] [6884] [__main__] [DEBUG] 判定信号 总计的数值为-10.0 ！
[2022-03-28 15:26:52,520] [6884] [__main__] [DEBUG] 本次判定信号是正确的！ 市场为 12.5 ，考虑是否进场！
[2022-03-28 15:26:53,070] [6884] [__main__] [DEBUG] 判定信号 正确的数值为12.5 ！
[2022-03-28 15:26:53,573] [6884] [__main__] [DEBUG] 判定信号 错误的数值为-10.0 ！
[2022-03-28 15:26:53,994] [6884] [__main__] [DEBUG] 判定信号 总计的数值为2.5 ！
[2022-03-28 15:36:55,257] [6884] [__main__] [DEBUG] 本次判定信号是正确的！ 市场为 40.0 ，考虑是否进场！
[2022-03-28 15:36:55,773] [6884] [__main__] [DEBUG] 判定信号 正确的数值为52.5 ！
[2022-03-28 15:36:56,313] [6884] [__main__] [DEBUG] 判定信号 错误的数值为-10.0 ！
[2022-03-28 15:36:56,634] [6884] [__main__] [DEBUG] 判定信号 总计的数值为42.5 ！
[2022-03-28 15:46:58,360] [6884] [__main__] [DEBUG] 本次判定信号是正确的！ 市场为 0.0 ，考虑是否进场！
[2022-03-28 15:46:59,361] [6884] [__main__] [DEBUG] 判定信号 正确的数值为52.5 ！
[2022-03-28 15:46:59,890] [6884] [__main__] [DEBUG] 判定信号 错误的数值为-10.0 ！
[2022-03-28 15:47:00,434] [6884] [__main__] [DEBUG] 判定信号 总计的数值为42.5 ！
[2022-03-28 16:01:55,871] [10032] [__main__] [DEBUG] tradeone is NI225 
 mt5 time :2022-03-28 11:01:46 
 time: 2022-03-28 16:01:54 
 市场为 155.0 ，考虑是否进场！
[2022-03-28 16:12:12,295] [10032] [__main__] [DEBUG] 本次判定信号是错误的！ 市场为 -17.5 ，考虑是否离场！
[2022-03-28 16:12:13,027] [10032] [__main__] [DEBUG] 判定信号 正确的数值为0 ！
[2022-03-28 16:12:13,562] [10032] [__main__] [DEBUG] 判定信号 错误的数值为-17.5 ！
[2022-03-28 16:12:14,067] [10032] [__main__] [DEBUG] 判定信号 总计的数值为-17.5 ！
[2022-03-28 16:22:16,086] [10032] [__main__] [DEBUG] 本次判定信号是正确的！ 市场为 0.0 ，考虑是否进场！
[2022-03-28 16:22:16,652] [10032] [__main__] [DEBUG] 判定信号 正确的数值为0.0 ！
[2022-03-28 16:22:17,170] [10032] [__main__] [DEBUG] 判定信号 错误的数值为-17.5 ！
[2022-03-28 16:22:17,672] [10032] [__main__] [DEBUG] 判定信号 总计的数值为-17.5 ！
[2022-03-28 16:32:19,841] [10032] [__main__] [DEBUG] 本次判定信号是正确的！ 市场为 10.0 ，考虑是否进场！
[2022-03-28 16:32:20,498] [10032] [__main__] [DEBUG] 判定信号 正确的数值为10.0 ！
[2022-03-28 16:32:21,067] [10032] [__main__] [DEBUG] 判定信号 错误的数值为-17.5 ！
[2022-03-28 16:32:21,607] [10032] [__main__] [DEBUG] 判定信号 总计的数值为-7.5 ！
[2022-03-28 16:42:22,904] [10032] [__main__] [DEBUG] 本次判定信号是正确的！ 市场为 32.5 ，考虑是否进场！
[2022-03-28 16:42:23,521] [10032] [__main__] [DEBUG] 判定信号 正确的数值为42.5 ！
[2022-03-28 16:42:23,939] [10032] [__main__] [DEBUG] 判定信号 错误的数值为-17.5 ！
[2022-03-28 16:42:24,467] [10032] [__main__] [DEBUG] 判定信号 总计的数值为25.0 ！
[2022-03-28 17:01:45,008] [11912] [__main__] [DEBUG] tradeone is NI225 
 mt5 time :2022-03-28 12:01:42 
 time: 2022-03-28 17:01:44 
 市场为 105.0 ，考虑是否进场！
[2022-03-28 17:11:57,296] [11912] [__main__] [DEBUG] 本次判定信号是错误的！ 市场为 -27.5 ，考虑是否离场！
[2022-03-28 17:11:58,355] [11912] [__main__] [DEBUG] 判定信号 正确的数值为0 ！
[2022-03-28 17:11:58,922] [11912] [__main__] [DEBUG] 判定信号 错误的数值为-27.5 ！
[2022-03-28 17:11:59,457] [11912] [__main__] [DEBUG] 判定信号 总计的数值为-27.5 ！
[2022-03-28 17:48:56,602] [11540] [__main__] [DEBUG] tradeone is NI225 
 mt5 time :2022-03-28 12:48:53 
 time: 2022-03-28 17:48:54 
 市场为 -102.5 ，考虑是否进场！
[2022-03-28 17:59:09,975] [11540] [__main__] [DEBUG] 本次判定信号是错误的！ 市场为 5.0 ，考虑是否离场！
[2022-03-28 17:59:10,491] [11540] [__main__] [DEBUG] 判定信号 正确的数值为0 ！
[2022-03-28 17:59:10,893] [11540] [__main__] [DEBUG] 判定信号 错误的数值为5.0 ！
[2022-03-28 17:59:11,392] [11540] [__main__] [DEBUG] 判定信号 总计的数值为5.0 ！
[2022-03-28 18:09:12,819] [11540] [__main__] [DEBUG] 本次判定信号是错误的！ 市场为 35.0 ，考虑是否离场！
[2022-03-28 18:09:13,405] [11540] [__main__] [DEBUG] 判定信号 正确的数值为0 ！
[2022-03-28 18:09:13,963] [11540] [__main__] [DEBUG] 判定信号 错误的数值为40.0 ！
[2022-03-28 18:09:14,491] [11540] [__main__] [DEBUG] 判定信号 总计的数值为40.0 ！
[2022-03-28 18:19:15,895] [11540] [__main__] [DEBUG] 本次判定信号是错误的！ 市场为 5.0 ，考虑是否离场！
[2022-03-28 18:19:16,416] [11540] [__main__] [DEBUG] 判定信号 正确的数值为0 ！
[2022-03-28 18:19:16,936] [11540] [__main__] [DEBUG] 判定信号 错误的数值为45.0 ！
[2022-03-28 18:19:17,491] [11540] [__main__] [DEBUG] 判定信号 总计的数值为45.0 ！
[2022-03-28 18:19:18,019] [11540] [__main__] [DEBUG] 总信号彻底失败！赶紧离场！
[2022-03-28 18:33:19,340] [11540] [__main__] [DEBUG] tradeone is NI225 
 mt5 time :2022-03-28 13:33:12 
 time: 2022-03-28 18:33:18 
 市场为 -107.5 ，考虑是否进场！
[2022-03-28 18:43:32,926] [11540] [__main__] [DEBUG] 本次判定信号是错误的！ 市场为 25.0 ，考虑是否离场！
[2022-03-28 18:43:33,372] [11540] [__main__] [DEBUG] 判定信号 正确的数值为0 ！
[2022-03-28 18:43:33,950] [11540] [__main__] [DEBUG] 判定信号 错误的数值为70.0 ！
[2022-03-28 18:43:34,535] [11540] [__main__] [DEBUG] 判定信号 总计的数值为70.0 ！
[2022-03-28 18:43:35,070] [11540] [__main__] [DEBUG] 总信号彻底失败！赶紧离场！
[2022-03-28 19:30:31,511] [10440] [__main__] [DEBUG] tradeone is NI225 
 mt5 time :2022-03-28 14:30:27 
 time: 2022-03-28 19:30:30 
 市场为 100.0 ，考虑是否进场！
[2022-03-28 19:40:45,889] [10440] [__main__] [DEBUG] 本次判定信号是正确的！ 市场为 0.0 ，考虑是否进场！
[2022-03-28 19:40:46,464] [10440] [__main__] [DEBUG] 判定信号 正确的数值为0.0 ！
[2022-03-28 19:40:46,989] [10440] [__main__] [DEBUG] 判定信号 错误的数值为0 ！
[2022-03-28 19:40:47,372] [10440] [__main__] [DEBUG] 判定信号 总计的数值为0.0 ！
[2022-03-28 19:50:49,232] [10440] [__main__] [DEBUG] 本次判定信号是正确的！ 市场为 0.0 ，考虑是否进场！
[2022-03-28 19:50:49,816] [10440] [__main__] [DEBUG] 判定信号 正确的数值为0.0 ！
[2022-03-28 19:50:50,342] [10440] [__main__] [DEBUG] 判定信号 错误的数值为0 ！
[2022-03-28 19:50:50,853] [10440] [__main__] [DEBUG] 判定信号 总计的数值为0.0 ！
[2022-03-28 20:00:52,560] [10440] [__main__] [DEBUG] 本次判定信号是正确的！ 市场为 0.0 ，考虑是否进场！
[2022-03-28 20:00:53,085] [10440] [__main__] [DEBUG] 判定信号 正确的数值为0.0 ！
[2022-03-28 20:00:53,763] [10440] [__main__] [DEBUG] 判定信号 错误的数值为0 ！
[2022-03-28 20:00:54,303] [10440] [__main__] [DEBUG] 判定信号 总计的数值为0.0 ！
[2022-03-28 20:10:57,547] [10440] [__main__] [DEBUG] 本次判定信号是正确的！ 市场为 0.0 ，考虑是否进场！
[2022-03-28 20:10:58,132] [10440] [__main__] [DEBUG] 判定信号 正确的数值为0.0 ！
[2022-03-28 20:10:58,697] [10440] [__main__] [DEBUG] 判定信号 错误的数值为0 ！
[2022-03-28 20:10:59,222] [10440] [__main__] [DEBUG] 判定信号 总计的数值为0.0 ！
[2022-03-28 20:21:00,514] [10440] [__main__] [DEBUG] 本次判定信号是正确的！ 市场为 0.0 ，考虑是否进场！
[2022-03-28 20:21:01,056] [10440] [__main__] [DEBUG] 判定信号 正确的数值为0.0 ！
[2022-03-28 20:21:01,461] [10440] [__main__] [DEBUG] 判定信号 错误的数值为0 ！
[2022-03-28 20:21:01,880] [10440] [__main__] [DEBUG] 判定信号 总计的数值为0.0 ！
[2022-03-28 20:31:03,213] [10440] [__main__] [DEBUG] 本次判定信号是正确的！ 市场为 10.0 ，考虑是否进场！
[2022-03-28 20:31:03,758] [10440] [__main__] [DEBUG] 判定信号 正确的数值为10.0 ！
[2022-03-28 20:31:04,194] [10440] [__main__] [DEBUG] 判定信号 错误的数值为0 ！
[2022-03-28 20:31:04,631] [10440] [__main__] [DEBUG] 判定信号 总计的数值为10.0 ！
[2022-03-28 20:41:06,527] [10440] [__main__] [DEBUG] 本次判定信号是错误的！ 市场为 -35.0 ，考虑是否离场！
[2022-03-28 20:41:07,089] [10440] [__main__] [DEBUG] 判定信号 正确的数值为10.0 ！
[2022-03-28 20:41:07,709] [10440] [__main__] [DEBUG] 判定信号 错误的数值为-35.0 ！
[2022-03-28 20:41:08,270] [10440] [__main__] [DEBUG] 判定信号 总计的数值为-25.0 ！
[2022-03-28 20:51:09,773] [10440] [__main__] [DEBUG] 本次判定信号是错误的！ 市场为 -22.5 ，考虑是否离场！
[2022-03-28 20:51:10,334] [10440] [__main__] [DEBUG] 判定信号 正确的数值为10.0 ！
[2022-03-28 20:51:10,879] [10440] [__main__] [DEBUG] 判定信号 错误的数值为-57.5 ！
[2022-03-28 20:51:11,400] [10440] [__main__] [DEBUG] 判定信号 总计的数值为-47.5 ！
[2022-03-28 21:01:13,512] [10440] [__main__] [DEBUG] 本次判定信号是正确的！ 市场为 10.0 ，考虑是否进场！
[2022-03-28 21:01:14,079] [10440] [__main__] [DEBUG] 判定信号 正确的数值为20.0 ！
[2022-03-28 21:01:14,613] [10440] [__main__] [DEBUG] 判定信号 错误的数值为-57.5 ！
[2022-03-28 21:01:15,195] [10440] [__main__] [DEBUG] 判定信号 总计的数值为-37.5 ！
[2022-03-28 21:11:17,806] [10440] [__main__] [DEBUG] 本次判定信号是正确的！ 市场为 0.0 ，考虑是否进场！
[2022-03-28 21:11:18,329] [10440] [__main__] [DEBUG] 判定信号 正确的数值为20.0 ！
[2022-03-28 21:11:18,891] [10440] [__main__] [DEBUG] 判定信号 错误的数值为-57.5 ！
[2022-03-28 21:11:19,456] [10440] [__main__] [DEBUG] 判定信号 总计的数值为-37.5 ！
[2022-03-28 21:21:20,756] [10440] [__main__] [DEBUG] 本次判定信号是正确的！ 市场为 0.0 ，考虑是否进场！
[2022-03-28 21:21:21,296] [10440] [__main__] [DEBUG] 判定信号 正确的数值为20.0 ！
[2022-03-28 21:21:22,127] [10440] [__main__] [DEBUG] 判定信号 错误的数值为-57.5 ！
[2022-03-28 21:21:22,662] [10440] [__main__] [DEBUG] 判定信号 总计的数值为-37.5 ！
[2022-03-28 21:31:23,957] [10440] [__main__] [DEBUG] 本次判定信号是正确的！ 市场为 0.0 ，考虑是否进场！
[2022-03-28 21:31:24,524] [10440] [__main__] [DEBUG] 判定信号 正确的数值为20.0 ！
[2022-03-28 21:31:25,063] [10440] [__main__] [DEBUG] 判定信号 错误的数值为-57.5 ！
[2022-03-28 21:31:25,470] [10440] [__main__] [DEBUG] 判定信号 总计的数值为-37.5 ！
[2022-03-28 21:41:27,711] [10440] [__main__] [DEBUG] 本次判定信号是正确的！ 市场为 30.0 ，考虑是否进场！
[2022-03-28 21:41:28,252] [10440] [__main__] [DEBUG] 判定信号 正确的数值为50.0 ！
[2022-03-28 21:41:28,796] [10440] [__main__] [DEBUG] 判定信号 错误的数值为-57.5 ！
[2022-03-28 21:41:29,318] [10440] [__main__] [DEBUG] 判定信号 总计的数值为-7.5 ！
[2022-03-28 21:51:32,756] [10440] [__main__] [DEBUG] 本次判定信号是错误的！ 市场为 -5.0 ，考虑是否离场！
[2022-03-28 21:51:33,040] [10440] [__main__] [DEBUG] 判定信号 正确的数值为50.0 ！
[2022-03-28 21:51:33,326] [10440] [__main__] [DEBUG] 判定信号 错误的数值为-62.5 ！
[2022-03-28 21:51:33,485] [10440] [__main__] [DEBUG] 判定信号 总计的数值为-12.5 ！
[2022-03-28 22:01:34,559] [10440] [__main__] [DEBUG] 本次判定信号是错误的！ 市场为 -35.0 ，考虑是否离场！
[2022-03-28 22:01:34,827] [10440] [__main__] [DEBUG] 判定信号 正确的数值为50.0 ！
[2022-03-28 22:01:35,107] [10440] [__main__] [DEBUG] 判定信号 错误的数值为-97.5 ！
[2022-03-28 22:01:35,377] [10440] [__main__] [DEBUG] 判定信号 总计的数值为-47.5 ！
[2022-03-28 22:11:36,667] [10440] [__main__] [DEBUG] 本次判定信号是正确的！ 市场为 17.5 ，考虑是否进场！
[2022-03-28 22:11:37,189] [10440] [__main__] [DEBUG] 判定信号 正确的数值为67.5 ！
[2022-03-28 22:11:37,710] [10440] [__main__] [DEBUG] 判定信号 错误的数值为-97.5 ！
[2022-03-28 22:11:38,233] [10440] [__main__] [DEBUG] 判定信号 总计的数值为-30.0 ！
[2022-03-28 22:21:41,502] [10440] [__main__] [DEBUG] 本次判定信号是错误的！ 市场为 -30.0 ，考虑是否离场！
[2022-03-28 22:21:42,064] [10440] [__main__] [DEBUG] 判定信号 正确的数值为67.5 ！
[2022-03-28 22:21:42,565] [10440] [__main__] [DEBUG] 判定信号 错误的数值为-127.5 ！
[2022-03-28 22:21:43,105] [10440] [__main__] [DEBUG] 判定信号 总计的数值为-60.0 ！
[2022-03-28 22:31:44,890] [10440] [__main__] [DEBUG] 本次判定信号是正确的！ 市场为 32.5 ，考虑是否进场！
[2022-03-28 22:31:45,449] [10440] [__main__] [DEBUG] 判定信号 正确的数值为100.0 ！
[2022-03-28 22:31:45,873] [10440] [__main__] [DEBUG] 判定信号 错误的数值为-127.5 ！
[2022-03-28 22:31:46,315] [10440] [__main__] [DEBUG] 判定信号 总计的数值为-27.5 ！
[2022-03-28 22:41:49,708] [10440] [__main__] [DEBUG] 本次判定信号是正确的！ 市场为 0.0 ，考虑是否进场！
[2022-03-28 22:41:50,255] [10440] [__main__] [DEBUG] 判定信号 正确的数值为100.0 ！
[2022-03-28 22:41:50,874] [10440] [__main__] [DEBUG] 判定信号 错误的数值为-127.5 ！
[2022-03-28 22:41:51,418] [10440] [__main__] [DEBUG] 判定信号 总计的数值为-27.5 ！
[2022-03-28 22:51:53,411] [10440] [__main__] [DEBUG] 本次判定信号是正确的！ 市场为 0.0 ，考虑是否进场！
[2022-03-28 22:51:53,983] [10440] [__main__] [DEBUG] 判定信号 正确的数值为100.0 ！
[2022-03-28 22:51:54,834] [10440] [__main__] [DEBUG] 判定信号 错误的数值为-127.5 ！
[2022-03-28 22:51:55,598] [10440] [__main__] [DEBUG] 判定信号 总计的数值为-27.5 ！
