[2022-03-30 08:06:12,223] [6312] [__main__] [DEBUG] tradeone is NI225 
 mt5 time :2022-03-30 03:06:10 
 time: 2022-03-30 08:06:11 
 市场为 -120.0 ，考虑是否进场！
[2022-03-30 08:16:26,435] [6312] [__main__] [DEBUG] 本次判定信号是正确的！ 市场为 -30.0 ，考虑是否进场！
[2022-03-30 08:16:26,973] [6312] [__main__] [DEBUG] 判定信号 正确的数值为-30.0 ！
[2022-03-30 08:16:27,511] [6312] [__main__] [DEBUG] 判定信号 错误的数值为0 ！
[2022-03-30 08:16:28,073] [6312] [__main__] [DEBUG] 判定信号 总计的数值为-30.0 ！
[2022-03-30 08:26:29,361] [6312] [__main__] [DEBUG] 本次判定信号是正确的！ 市场为 -2.5 ，考虑是否进场！
[2022-03-30 08:26:30,289] [6312] [__main__] [DEBUG] 判定信号 正确的数值为-32.5 ！
[2022-03-30 08:26:30,725] [6312] [__main__] [DEBUG] 判定信号 错误的数值为0 ！
[2022-03-30 08:26:31,248] [6312] [__main__] [DEBUG] 判定信号 总计的数值为-32.5 ！
[2022-03-30 08:36:32,610] [6312] [__main__] [DEBUG] 本次判定信号是正确的！ 市场为 -12.5 ，考虑是否进场！
[2022-03-30 08:36:33,150] [6312] [__main__] [DEBUG] 判定信号 正确的数值为-45.0 ！
[2022-03-30 08:36:33,659] [6312] [__main__] [DEBUG] 判定信号 错误的数值为0 ！
[2022-03-30 08:36:34,157] [6312] [__main__] [DEBUG] 判定信号 总计的数值为-45.0 ！
[2022-03-30 08:46:35,640] [6312] [__main__] [DEBUG] 本次判定信号是正确的！ 市场为 -75.0 ，考虑是否进场！
[2022-03-30 08:46:36,480] [6312] [__main__] [DEBUG] 判定信号 正确的数值为-120.0 ！
[2022-03-30 08:46:37,002] [6312] [__main__] [DEBUG] 判定信号 错误的数值为0 ！
[2022-03-30 08:46:37,544] [6312] [__main__] [DEBUG] 判定信号 总计的数值为-120.0 ！
[2022-03-30 08:49:46,128] [13204] [__main__] [DEBUG] tradeone is NI225 
 mt5 time :2022-03-30 03:49:44 
 time: 2022-03-30 08:49:45 
 市场为 -250.0 ，考虑是否进场！
[2022-03-30 08:59:59,987] [13204] [__main__] [DEBUG] 本次判定信号是正确的！ 市场为 -40.0 ，考虑是否进场！
[2022-03-30 09:00:00,525] [13204] [__main__] [DEBUG] 判定信号 正确的数值为-40.0 ！
[2022-03-30 09:00:01,049] [13204] [__main__] [DEBUG] 判定信号 错误的数值为0 ！
[2022-03-30 09:00:01,567] [13204] [__main__] [DEBUG] 判定信号 总计的数值为-40.0 ！
[2022-03-30 09:10:02,265] [13204] [__main__] [DEBUG] 本次判定信号是错误的！ 市场为 35.0 ，考虑是否离场！
[2022-03-30 09:10:02,827] [13204] [__main__] [DEBUG] 判定信号 正确的数值为-40.0 ！
[2022-03-30 09:10:03,546] [13204] [__main__] [DEBUG] 判定信号 错误的数值为35.0 ！
[2022-03-30 09:10:04,248] [13204] [__main__] [DEBUG] 判定信号 总计的数值为-5.0 ！
[2022-03-30 09:10:04,763] [13204] [__main__] [DEBUG] 总信号彻底失败！赶紧离场！
[2022-03-30 09:10:05,369] [13204] [__main__] [DEBUG] tradeone is NI225 
 mt5 time :2022-03-30 04:10:04 
 time: 2022-03-30 09:10:04 
 市场为 -232.5 ，考虑是否进场！
[2022-03-30 10:23:44,287] [7424] [__main__] [DEBUG] tradeone is NI225 
 mt5 time :2022-03-30 05:23:40 
 time: 2022-03-30 10:23:43 
 市场为 -110.0 ，考虑是否进场！
[2022-03-30 10:46:14,788] [10164] [__main__] [DEBUG] tradeone is NI225 
 mt5 time :2022-03-30 05:46:14 
 time: 2022-03-30 10:46:14 
 市场为 -222.5 ，考虑是否进场！
[2022-03-30 13:13:37,985] [11436] [__main__] [DEBUG] tradeone is NI225 
 mt5 time :2022-03-30 08:13:33 
 time: 2022-03-30 13:13:37 
 市场为 -100.0 ，考虑是否进场！
[2022-03-30 13:23:54,656] [11436] [__main__] [DEBUG] 本次判定信号是错误的！ 市场为 15.0 ，考虑是否离场！
[2022-03-30 13:23:55,238] [11436] [__main__] [DEBUG] 判定信号 正确的数值为0 ！
[2022-03-30 13:23:55,762] [11436] [__main__] [DEBUG] 判定信号 错误的数值为15.0 ！
[2022-03-30 13:23:56,282] [11436] [__main__] [DEBUG] 判定信号 总计的数值为15.0 ！
[2022-03-30 13:33:57,636] [11436] [__main__] [DEBUG] 本次判定信号是错误的！ 市场为 10.0 ，考虑是否离场！
[2022-03-30 13:33:58,639] [11436] [__main__] [DEBUG] 判定信号 正确的数值为0 ！
[2022-03-30 13:33:59,202] [11436] [__main__] [DEBUG] 判定信号 错误的数值为25.0 ！
[2022-03-30 13:33:59,781] [11436] [__main__] [DEBUG] 判定信号 总计的数值为25.0 ！
[2022-03-30 13:44:01,773] [11436] [__main__] [DEBUG] 本次判定信号是错误的！ 市场为 85.0 ，考虑是否离场！
[2022-03-30 13:44:02,298] [11436] [__main__] [DEBUG] 判定信号 正确的数值为0 ！
[2022-03-30 13:44:03,027] [11436] [__main__] [DEBUG] 判定信号 错误的数值为110.0 ！
[2022-03-30 13:44:03,562] [11436] [__main__] [DEBUG] 判定信号 总计的数值为110.0 ！
[2022-03-30 13:44:04,063] [11436] [__main__] [DEBUG] 总信号彻底失败！赶紧离场！
[2022-03-30 13:44:04,664] [11436] [__main__] [DEBUG] tradeone is NI225 
 mt5 time :2022-03-30 08:44:03 
 time: 2022-03-30 13:44:04 
 市场为 170.0 ，考虑是否进场！
[2022-03-30 13:54:19,138] [11436] [__main__] [DEBUG] 本次判定信号是正确的！ 市场为 0.0 ，考虑是否进场！
[2022-03-30 13:54:19,806] [11436] [__main__] [DEBUG] 判定信号 正确的数值为0.0 ！
[2022-03-30 13:54:20,238] [11436] [__main__] [DEBUG] 判定信号 错误的数值为110.0 ！
[2022-03-30 13:54:20,817] [11436] [__main__] [DEBUG] 判定信号 总计的数值为110.0 ！
[2022-03-30 14:04:22,166] [11436] [__main__] [DEBUG] 本次判定信号是错误的！ 市场为 -35.0 ，考虑是否离场！
[2022-03-30 14:04:22,701] [11436] [__main__] [DEBUG] 判定信号 正确的数值为0.0 ！
[2022-03-30 14:04:23,396] [11436] [__main__] [DEBUG] 判定信号 错误的数值为75.0 ！
[2022-03-30 14:04:23,852] [11436] [__main__] [DEBUG] 判定信号 总计的数值为75.0 ！
[2022-03-30 14:04:24,271] [11436] [__main__] [DEBUG] 总信号彻底失败！赶紧离场！
[2022-03-30 14:04:24,916] [11436] [__main__] [DEBUG] tradeone is NI225 
 mt5 time :2022-03-30 09:04:24 
 time: 2022-03-30 14:04:24 
 市场为 132.5 ，考虑是否进场！
[2022-03-30 14:14:37,287] [11436] [__main__] [DEBUG] 本次判定信号是正确的！ 市场为 47.5 ，考虑是否进场！
[2022-03-30 14:14:37,821] [11436] [__main__] [DEBUG] 判定信号 正确的数值为47.5 ！
[2022-03-30 14:14:38,383] [11436] [__main__] [DEBUG] 判定信号 错误的数值为75.0 ！
[2022-03-30 14:14:38,966] [11436] [__main__] [DEBUG] 判定信号 总计的数值为122.5 ！
[2022-03-30 14:24:40,315] [11436] [__main__] [DEBUG] 本次判定信号是正确的！ 市场为 0.0 ，考虑是否进场！
[2022-03-30 14:24:40,924] [11436] [__main__] [DEBUG] 判定信号 正确的数值为47.5 ！
[2022-03-30 14:24:41,448] [11436] [__main__] [DEBUG] 判定信号 错误的数值为75.0 ！
[2022-03-30 14:24:41,978] [11436] [__main__] [DEBUG] 判定信号 总计的数值为122.5 ！
[2022-03-30 14:34:43,391] [11436] [__main__] [DEBUG] 本次判定信号是正确的！ 市场为 0.0 ，考虑是否进场！
[2022-03-30 14:34:43,919] [11436] [__main__] [DEBUG] 判定信号 正确的数值为47.5 ！
[2022-03-30 14:34:44,442] [11436] [__main__] [DEBUG] 判定信号 错误的数值为75.0 ！
[2022-03-30 14:34:44,983] [11436] [__main__] [DEBUG] 判定信号 总计的数值为122.5 ！
[2022-03-30 16:14:49,985] [12384] [__main__] [DEBUG] tradeone is NI225 
 mt5 time :2022-03-30 11:14:46 
 time: 2022-03-30 16:14:49 
 市场为 -115.0 ，考虑是否进场！
[2022-03-30 16:25:08,539] [12384] [__main__] [DEBUG] 本次判定信号是错误的！ 市场为 20.0 ，考虑是否离场！
[2022-03-30 16:25:09,108] [12384] [__main__] [DEBUG] 判定信号 正确的数值为0 ！
[2022-03-30 16:25:09,545] [12384] [__main__] [DEBUG] 判定信号 错误的数值为20.0 ！
[2022-03-30 16:25:10,149] [12384] [__main__] [DEBUG] 判定信号 总计的数值为20.0 ！
[2022-03-30 16:35:12,167] [12384] [__main__] [DEBUG] 本次判定信号是错误的！ 市场为 15.0 ，考虑是否离场！
[2022-03-30 16:35:12,839] [12384] [__main__] [DEBUG] 判定信号 正确的数值为0 ！
[2022-03-30 16:35:13,524] [12384] [__main__] [DEBUG] 判定信号 错误的数值为35.0 ！
[2022-03-30 16:35:14,205] [12384] [__main__] [DEBUG] 判定信号 总计的数值为35.0 ！
[2022-03-30 16:54:54,667] [8108] [__main__] [DEBUG] tradeone is NI225 
 mt5 time :2022-03-30 11:54:35 
 time: 2022-03-30 16:54:53 
 市场为 -115.0 ，考虑是否进场！
[2022-03-30 17:05:08,283] [8108] [__main__] [DEBUG] 本次判定信号是错误的！ 市场为 30.0 ，考虑是否离场！
[2022-03-30 17:05:08,804] [8108] [__main__] [DEBUG] 判定信号 正确的数值为0 ！
[2022-03-30 17:05:09,185] [8108] [__main__] [DEBUG] 判定信号 错误的数值为30.0 ！
[2022-03-30 17:05:09,771] [8108] [__main__] [DEBUG] 判定信号 总计的数值为30.0 ！
[2022-03-30 21:21:12,491] [13544] [__main__] [DEBUG] tradeone is NI225 
 mt5 time :2022-03-30 16:21:10 
 time: 2022-03-30 21:21:10 
 市场为 102.5 ，考虑是否进场！
[2022-03-30 21:31:24,549] [13544] [__main__] [DEBUG] 本次判定信号是正确的！ 市场为 5.0 ，考虑是否进场！
[2022-03-30 21:31:25,562] [13544] [__main__] [DEBUG] 判定信号 正确的数值为5.0 ！
[2022-03-30 21:31:26,151] [13544] [__main__] [DEBUG] 判定信号 错误的数值为0 ！
[2022-03-30 21:31:26,809] [13544] [__main__] [DEBUG] 判定信号 总计的数值为5.0 ！
[2022-03-30 21:41:28,391] [13544] [__main__] [DEBUG] 本次判定信号是错误的！ 市场为 -25.0 ，考虑是否离场！
[2022-03-30 21:41:28,950] [13544] [__main__] [DEBUG] 判定信号 正确的数值为5.0 ！
[2022-03-30 21:41:29,494] [13544] [__main__] [DEBUG] 判定信号 错误的数值为-25.0 ！
[2022-03-30 21:41:29,913] [13544] [__main__] [DEBUG] 判定信号 总计的数值为-20.0 ！
