[2022-04-05 08:19:23,514] [3284] [__main__] [DEBUG] tradeone is NI225 
 mt5 time :2022-04-05 03:19:15 
 time: 2022-04-05 08:19:22 
 市场为 -105.0 ，考虑是否进场！
[2022-04-05 08:33:48,080] [8664] [__main__] [DEBUG] tradeone is NI225 
 mt5 time :2022-04-05 03:33:46 
 time: 2022-04-05 08:33:47 
 市场为 -182.5 ，考虑是否进场！
[2022-04-05 08:44:01,146] [8664] [__main__] [DEBUG] 本次判定信号是正确的！ 市场为 -10.0 ，考虑是否进场！
[2022-04-05 08:44:01,724] [8664] [__main__] [DEBUG] 判定信号 正确的数值为-10.0 ！
[2022-04-05 08:44:02,247] [8664] [__main__] [DEBUG] 判定信号 错误的数值为0 ！
[2022-04-05 08:44:02,847] [8664] [__main__] [DEBUG] 判定信号 总计的数值为-10.0 ！
[2022-04-05 08:54:04,552] [8664] [__main__] [DEBUG] 本次判定信号是正确的！ 市场为 -55.0 ，考虑是否进场！
[2022-04-05 08:54:05,697] [8664] [__main__] [DEBUG] 判定信号 正确的数值为-65.0 ！
[2022-04-05 08:54:06,199] [8664] [__main__] [DEBUG] 判定信号 错误的数值为0 ！
[2022-04-05 08:54:07,158] [8664] [__main__] [DEBUG] 判定信号 总计的数值为-65.0 ！
[2022-04-05 15:42:58,971] [4948] [__main__] [DEBUG] tradeone is NI225 
 mt5 time :2022-04-05 10:42:47 
 time: 2022-04-05 15:42:57 
 市场为 102.5 ，考虑是否进场！
[2022-04-05 15:53:13,715] [4948] [__main__] [DEBUG] 本次判定信号是正确的！ 市场为 7.5 ，考虑是否进场！
[2022-04-05 15:53:14,436] [4948] [__main__] [DEBUG] 判定信号 正确的数值为7.5 ！
[2022-04-05 15:53:15,015] [4948] [__main__] [DEBUG] 判定信号 错误的数值为0 ！
[2022-04-05 15:53:15,442] [4948] [__main__] [DEBUG] 判定信号 总计的数值为7.5 ！
[2022-04-05 16:03:17,035] [4948] [__main__] [DEBUG] 本次判定信号是错误的！ 市场为 -20.0 ，考虑是否离场！
[2022-04-05 16:03:17,575] [4948] [__main__] [DEBUG] 判定信号 正确的数值为7.5 ！
[2022-04-05 16:03:18,099] [4948] [__main__] [DEBUG] 判定信号 错误的数值为-20.0 ！
[2022-04-05 16:03:18,598] [4948] [__main__] [DEBUG] 判定信号 总计的数值为-12.5 ！
[2022-04-05 16:13:19,840] [4948] [__main__] [DEBUG] 本次判定信号是正确的！ 市场为 15.0 ，考虑是否进场！
[2022-04-05 16:13:20,400] [4948] [__main__] [DEBUG] 判定信号 正确的数值为22.5 ！
[2022-04-05 16:13:20,903] [4948] [__main__] [DEBUG] 判定信号 错误的数值为-20.0 ！
[2022-04-05 16:13:21,463] [4948] [__main__] [DEBUG] 判定信号 总计的数值为2.5 ！
[2022-04-05 16:23:23,654] [4948] [__main__] [DEBUG] 本次判定信号是错误的！ 市场为 -25.0 ，考虑是否离场！
[2022-04-05 16:23:24,193] [4948] [__main__] [DEBUG] 判定信号 正确的数值为22.5 ！
[2022-04-05 16:23:24,573] [4948] [__main__] [DEBUG] 判定信号 错误的数值为-45.0 ！
[2022-04-05 16:23:25,194] [4948] [__main__] [DEBUG] 判定信号 总计的数值为-22.5 ！
[2022-04-05 16:33:26,484] [4948] [__main__] [DEBUG] 本次判定信号是错误的！ 市场为 -17.5 ，考虑是否离场！
[2022-04-05 16:33:27,026] [4948] [__main__] [DEBUG] 判定信号 正确的数值为22.5 ！
[2022-04-05 16:33:27,544] [4948] [__main__] [DEBUG] 判定信号 错误的数值为-62.5 ！
[2022-04-05 16:33:28,090] [4948] [__main__] [DEBUG] 判定信号 总计的数值为-40.0 ！
[2022-04-05 22:10:57,163] [4720] [__main__] [DEBUG] tradeone is NI225 
 mt5 time :2022-04-05 17:10:55 
 time: 2022-04-05 22:10:56 
 市场为 -115.0 ，考虑是否进场！
[2022-04-05 22:21:13,051] [4720] [__main__] [DEBUG] 本次判定信号是正确的！ 市场为 -40.0 ，考虑是否进场！
[2022-04-05 22:21:14,483] [4720] [__main__] [DEBUG] 判定信号 正确的数值为-40.0 ！
[2022-04-05 22:21:15,129] [4720] [__main__] [DEBUG] 判定信号 错误的数值为0 ！
[2022-04-05 22:21:15,714] [4720] [__main__] [DEBUG] 判定信号 总计的数值为-40.0 ！
[2022-04-05 22:31:17,948] [4720] [__main__] [DEBUG] 本次判定信号是错误的！ 市场为 2.5 ，考虑是否离场！
[2022-04-05 22:31:18,482] [4720] [__main__] [DEBUG] 判定信号 正确的数值为-40.0 ！
[2022-04-05 22:31:19,003] [4720] [__main__] [DEBUG] 判定信号 错误的数值为2.5 ！
[2022-04-05 22:31:19,524] [4720] [__main__] [DEBUG] 判定信号 总计的数值为-37.5 ！
[2022-04-05 22:31:19,925] [4720] [__main__] [DEBUG] 总信号彻底失败！赶紧离场！
[2022-04-05 22:31:20,551] [4720] [__main__] [DEBUG] tradeone is NI225 
 mt5 time :2022-04-05 17:31:15 
 time: 2022-04-05 22:31:19 
 市场为 -107.5 ，考虑是否进场！
[2022-04-05 22:41:32,861] [4720] [__main__] [DEBUG] 本次判定信号是正确的！ 市场为 -10.0 ，考虑是否进场！
[2022-04-05 22:41:33,506] [4720] [__main__] [DEBUG] 判定信号 正确的数值为-50.0 ！
[2022-04-05 22:41:34,040] [4720] [__main__] [DEBUG] 判定信号 错误的数值为2.5 ！
[2022-04-05 22:41:34,597] [4720] [__main__] [DEBUG] 判定信号 总计的数值为-47.5 ！
[2022-04-05 22:51:36,356] [4720] [__main__] [DEBUG] 本次判定信号是错误的！ 市场为 40.0 ，考虑是否离场！
[2022-04-05 22:51:37,277] [4720] [__main__] [DEBUG] 判定信号 正确的数值为-50.0 ！
[2022-04-05 22:51:37,866] [4720] [__main__] [DEBUG] 判定信号 错误的数值为42.5 ！
[2022-04-05 22:51:38,422] [4720] [__main__] [DEBUG] 判定信号 总计的数值为-7.5 ！
[2022-04-05 22:51:38,958] [4720] [__main__] [DEBUG] 总信号彻底失败！赶紧离场！
