[2022-04-06 08:02:24,555] [8268] [__main__] [DEBUG] tradeone is NI225 
 mt5 time :2022-04-06 03:02:15 
 time: 2022-04-06 08:02:23 
 市场为 -110.0 ，考虑是否进场！
[2022-04-06 08:12:36,618] [8268] [__main__] [DEBUG] 本次判定信号是错误的！ 市场为 62.5 ，考虑是否离场！
[2022-04-06 08:12:37,462] [8268] [__main__] [DEBUG] 判定信号 正确的数值为0 ！
[2022-04-06 08:12:38,003] [8268] [__main__] [DEBUG] 判定信号 错误的数值为62.5 ！
[2022-04-06 08:12:38,589] [8268] [__main__] [DEBUG] 判定信号 总计的数值为62.5 ！
[2022-04-06 08:12:39,137] [8268] [__main__] [DEBUG] 总信号彻底失败！赶紧离场！
[2022-04-06 08:31:33,924] [7928] [__main__] [DEBUG] tradeone is NI225 
 mt5 time :2022-04-06 03:31:30 
 time: 2022-04-06 08:31:32 
 市场为 -112.5 ，考虑是否进场！
[2022-04-06 08:41:48,268] [7928] [__main__] [DEBUG] 本次判定信号是正确的！ 市场为 -5.0 ，考虑是否进场！
[2022-04-06 08:41:48,815] [7928] [__main__] [DEBUG] 判定信号 正确的数值为-5.0 ！
[2022-04-06 08:41:49,230] [7928] [__main__] [DEBUG] 判定信号 错误的数值为0 ！
[2022-04-06 08:41:49,831] [7928] [__main__] [DEBUG] 判定信号 总计的数值为-5.0 ！
[2022-04-06 08:51:51,478] [7928] [__main__] [DEBUG] 本次判定信号是正确的！ 市场为 -25.0 ，考虑是否进场！
[2022-04-06 08:51:52,069] [7928] [__main__] [DEBUG] 判定信号 正确的数值为-30.0 ！
[2022-04-06 08:51:52,683] [7928] [__main__] [DEBUG] 判定信号 错误的数值为0 ！
[2022-04-06 08:51:53,260] [7928] [__main__] [DEBUG] 判定信号 总计的数值为-30.0 ！
[2022-04-06 09:01:54,509] [7928] [__main__] [DEBUG] 本次判定信号是正确的！ 市场为 -7.5 ，考虑是否进场！
[2022-04-06 09:01:55,050] [7928] [__main__] [DEBUG] 判定信号 正确的数值为-37.5 ！
[2022-04-06 09:01:55,610] [7928] [__main__] [DEBUG] 判定信号 错误的数值为0 ！
[2022-04-06 09:01:56,178] [7928] [__main__] [DEBUG] 判定信号 总计的数值为-37.5 ！
[2022-04-06 09:38:05,133] [6876] [__main__] [DEBUG] tradeone is NI225 
 mt5 time :2022-04-06 04:38:02 
 time: 2022-04-06 09:38:03 
 市场为 -102.5 ，考虑是否进场！
[2022-04-06 09:48:21,387] [6876] [__main__] [DEBUG] 本次判定信号是正确的！ 市场为 -40.0 ，考虑是否进场！
[2022-04-06 09:48:22,432] [6876] [__main__] [DEBUG] 判定信号 正确的数值为-40.0 ！
[2022-04-06 09:48:22,965] [6876] [__main__] [DEBUG] 判定信号 错误的数值为0 ！
[2022-04-06 09:48:23,511] [6876] [__main__] [DEBUG] 判定信号 总计的数值为-40.0 ！
[2022-04-06 15:59:25,964] [6576] [__main__] [DEBUG] tradeone is NI225 
 mt5 time :2022-04-06 10:59:19 
 time: 2022-04-06 15:59:25 
 市场为 -140.0 ，考虑是否进场！
[2022-04-06 16:09:36,710] [6576] [__main__] [DEBUG] 本次判定信号是正确的！ 市场为 0.0 ，考虑是否进场！
[2022-04-06 16:09:37,306] [6576] [__main__] [DEBUG] 判定信号 正确的数值为0.0 ！
[2022-04-06 16:09:37,970] [6576] [__main__] [DEBUG] 判定信号 错误的数值为0 ！
[2022-04-06 16:09:38,613] [6576] [__main__] [DEBUG] 判定信号 总计的数值为0.0 ！
[2022-04-06 16:19:42,110] [6576] [__main__] [DEBUG] 本次判定信号是正确的！ 市场为 -22.5 ，考虑是否进场！
[2022-04-06 16:19:42,653] [6576] [__main__] [DEBUG] 判定信号 正确的数值为-22.5 ！
[2022-04-06 16:19:43,235] [6576] [__main__] [DEBUG] 判定信号 错误的数值为0 ！
[2022-04-06 16:19:43,914] [6576] [__main__] [DEBUG] 判定信号 总计的数值为-22.5 ！
[2022-04-06 16:28:11,360] [11852] [__main__] [DEBUG] tradeone is NI225 
 mt5 time :2022-04-06 11:28:09 
 time: 2022-04-06 16:28:10 
 市场为 -132.5 ，考虑是否进场！
[2022-04-06 16:38:26,598] [11852] [__main__] [DEBUG] 本次判定信号是正确的！ 市场为 0.0 ，考虑是否进场！
[2022-04-06 16:38:27,160] [11852] [__main__] [DEBUG] 判定信号 正确的数值为0.0 ！
[2022-04-06 16:38:27,663] [11852] [__main__] [DEBUG] 判定信号 错误的数值为0 ！
[2022-04-06 16:38:28,167] [11852] [__main__] [DEBUG] 判定信号 总计的数值为0.0 ！
[2022-04-06 16:48:29,493] [11852] [__main__] [DEBUG] 本次判定信号是错误的！ 市场为 22.5 ，考虑是否离场！
[2022-04-06 16:48:30,013] [11852] [__main__] [DEBUG] 判定信号 正确的数值为0.0 ！
[2022-04-06 16:48:30,676] [11852] [__main__] [DEBUG] 判定信号 错误的数值为22.5 ！
[2022-04-06 16:48:31,172] [11852] [__main__] [DEBUG] 判定信号 总计的数值为22.5 ！
[2022-04-06 16:58:32,963] [11852] [__main__] [DEBUG] 本次判定信号是错误的！ 市场为 5.0 ，考虑是否离场！
[2022-04-06 16:58:33,653] [11852] [__main__] [DEBUG] 判定信号 正确的数值为0.0 ！
[2022-04-06 16:58:34,157] [11852] [__main__] [DEBUG] 判定信号 错误的数值为27.5 ！
[2022-04-06 16:58:34,642] [11852] [__main__] [DEBUG] 判定信号 总计的数值为27.5 ！
[2022-04-06 17:08:36,823] [11852] [__main__] [DEBUG] 本次判定信号是正确的！ 市场为 -5.0 ，考虑是否进场！
[2022-04-06 17:08:37,349] [11852] [__main__] [DEBUG] 判定信号 正确的数值为-5.0 ！
[2022-04-06 17:08:37,804] [11852] [__main__] [DEBUG] 判定信号 错误的数值为27.5 ！
[2022-04-06 17:08:38,203] [11852] [__main__] [DEBUG] 判定信号 总计的数值为22.5 ！
[2022-04-06 17:18:39,622] [11852] [__main__] [DEBUG] 本次判定信号是正确的！ 市场为 0.0 ，考虑是否进场！
[2022-04-06 17:18:40,051] [11852] [__main__] [DEBUG] 判定信号 正确的数值为-5.0 ！
[2022-04-06 17:18:40,582] [11852] [__main__] [DEBUG] 判定信号 错误的数值为27.5 ！
[2022-04-06 17:18:41,088] [11852] [__main__] [DEBUG] 判定信号 总计的数值为22.5 ！
[2022-04-06 17:28:42,267] [11852] [__main__] [DEBUG] 本次判定信号是正确的！ 市场为 -25.0 ，考虑是否进场！
[2022-04-06 17:28:42,808] [11852] [__main__] [DEBUG] 判定信号 正确的数值为-30.0 ！
[2022-04-06 17:28:43,401] [11852] [__main__] [DEBUG] 判定信号 错误的数值为27.5 ！
[2022-04-06 17:28:43,947] [11852] [__main__] [DEBUG] 判定信号 总计的数值为-2.5 ！
[2022-04-06 17:38:45,294] [11852] [__main__] [DEBUG] 本次判定信号是错误的！ 市场为 10.0 ，考虑是否离场！
[2022-04-06 17:38:45,817] [11852] [__main__] [DEBUG] 判定信号 正确的数值为-30.0 ！
[2022-04-06 17:38:46,216] [11852] [__main__] [DEBUG] 判定信号 错误的数值为37.5 ！
[2022-04-06 17:38:46,757] [11852] [__main__] [DEBUG] 判定信号 总计的数值为7.5 ！
[2022-04-06 17:38:47,277] [11852] [__main__] [DEBUG] 总信号彻底失败！赶紧离场！
[2022-04-06 19:27:10,617] [6920] [__main__] [DEBUG] tradeone is NI225 
 mt5 time :2022-04-06 14:27:03 
 time: 2022-04-06 19:27:09 
 市场为 -100.0 ，考虑是否进场！
[2022-04-06 19:37:25,803] [6920] [__main__] [DEBUG] 本次判定信号是正确的！ 市场为 0.0 ，考虑是否进场！
[2022-04-06 19:37:26,372] [6920] [__main__] [DEBUG] 判定信号 正确的数值为0.0 ！
[2022-04-06 19:37:26,926] [6920] [__main__] [DEBUG] 判定信号 错误的数值为0 ！
[2022-04-06 19:37:27,452] [6920] [__main__] [DEBUG] 判定信号 总计的数值为0.0 ！
