[2022-04-08 08:06:49,431] [788] [__main__] [DEBUG] tradeone is NI225 
 mt5 time :2022-04-08 03:06:45 
 time: 2022-04-08 08:06:45 
 市场为 112.5 ，考虑是否进场！
[2022-04-08 08:10:00,475] [788] [__main__] [DEBUG] 本次判定信号是正确的！ 市场为 95.0 ，考虑是否进场！
[2022-04-08 08:10:01,129] [788] [__main__] [DEBUG] 判定信号 正确的数值为95.0 ！
[2022-04-08 08:10:01,714] [788] [__main__] [DEBUG] 判定信号 错误的数值为0 ！
[2022-04-08 08:10:02,318] [788] [__main__] [DEBUG] 判定信号 总计的数值为95.0 ！
[2022-04-08 08:13:06,556] [788] [__main__] [DEBUG] 本次判定信号是正确的！ 市场为 5.0 ，考虑是否进场！
[2022-04-08 08:13:07,796] [788] [__main__] [DEBUG] 判定信号 正确的数值为100.0 ！
[2022-04-08 08:13:08,466] [788] [__main__] [DEBUG] 判定信号 错误的数值为0 ！
[2022-04-08 08:13:09,104] [788] [__main__] [DEBUG] 判定信号 总计的数值为100.0 ！
[2022-04-08 08:16:10,104] [788] [__main__] [DEBUG] 本次判定信号是错误的！ 市场为 -122.5 ，考虑是否离场！
[2022-04-08 08:16:10,685] [788] [__main__] [DEBUG] 判定信号 正确的数值为100.0 ！
[2022-04-08 08:16:11,224] [788] [__main__] [DEBUG] 判定信号 错误的数值为-122.5 ！
[2022-04-08 08:16:11,689] [788] [__main__] [DEBUG] 判定信号 总计的数值为-22.5 ！
[2022-04-08 08:19:12,668] [788] [__main__] [DEBUG] 本次判定信号是错误的！ 市场为 -135.0 ，考虑是否离场！
[2022-04-08 08:19:13,254] [788] [__main__] [DEBUG] 判定信号 正确的数值为100.0 ！
[2022-04-08 08:19:13,814] [788] [__main__] [DEBUG] 判定信号 错误的数值为-257.5 ！
[2022-04-08 08:19:14,276] [788] [__main__] [DEBUG] 判定信号 总计的数值为-157.5 ！
[2022-04-08 08:55:23,597] [4412] [__main__] [DEBUG] tradeone is NI225 
 mt5 time :2022-04-08 03:55:18 
 time: 2022-04-08 08:55:19 
 市场为 -192.5 ，考虑是否进场！
[2022-04-08 08:58:38,939] [4412] [__main__] [DEBUG] 本次判定信号是错误的！ 市场为 15.0 ，考虑是否离场！
[2022-04-08 08:58:39,444] [4412] [__main__] [DEBUG] 判定信号 正确的数值为0 ！
[2022-04-08 08:58:40,081] [4412] [__main__] [DEBUG] 判定信号 错误的数值为15.0 ！
[2022-04-08 08:58:40,624] [4412] [__main__] [DEBUG] 判定信号 总计的数值为15.0 ！
[2022-04-08 09:01:41,585] [4412] [__main__] [DEBUG] 本次判定信号是错误的！ 市场为 7.5 ，考虑是否离场！
[2022-04-08 09:01:42,063] [4412] [__main__] [DEBUG] 判定信号 正确的数值为0 ！
[2022-04-08 09:01:42,567] [4412] [__main__] [DEBUG] 判定信号 错误的数值为22.5 ！
[2022-04-08 09:01:43,092] [4412] [__main__] [DEBUG] 判定信号 总计的数值为22.5 ！
[2022-04-08 09:04:44,057] [4412] [__main__] [DEBUG] 本次判定信号是错误的！ 市场为 7.5 ，考虑是否离场！
[2022-04-08 09:04:46,745] [4412] [__main__] [DEBUG] 判定信号 正确的数值为0 ！
[2022-04-08 09:04:47,247] [4412] [__main__] [DEBUG] 判定信号 错误的数值为30.0 ！
[2022-04-08 09:04:47,767] [4412] [__main__] [DEBUG] 判定信号 总计的数值为30.0 ！
[2022-04-08 09:07:48,700] [4412] [__main__] [DEBUG] 本次判定信号是正确的！ 市场为 -20.0 ，考虑是否进场！
[2022-04-08 09:07:49,207] [4412] [__main__] [DEBUG] 判定信号 正确的数值为-20.0 ！
[2022-04-08 09:07:49,704] [4412] [__main__] [DEBUG] 判定信号 错误的数值为30.0 ！
[2022-04-08 09:07:50,187] [4412] [__main__] [DEBUG] 判定信号 总计的数值为10.0 ！
[2022-04-08 09:10:51,146] [4412] [__main__] [DEBUG] 本次判定信号是正确的！ 市场为 -45.0 ，考虑是否进场！
[2022-04-08 09:10:51,704] [4412] [__main__] [DEBUG] 判定信号 正确的数值为-65.0 ！
[2022-04-08 09:10:52,084] [4412] [__main__] [DEBUG] 判定信号 错误的数值为30.0 ！
[2022-04-08 09:10:52,670] [4412] [__main__] [DEBUG] 判定信号 总计的数值为-35.0 ！
[2022-04-08 09:13:53,577] [4412] [__main__] [DEBUG] 本次判定信号是正确的！ 市场为 -37.5 ，考虑是否进场！
[2022-04-08 09:13:54,206] [4412] [__main__] [DEBUG] 判定信号 正确的数值为-102.5 ！
[2022-04-08 09:13:54,897] [4412] [__main__] [DEBUG] 判定信号 错误的数值为30.0 ！
[2022-04-08 09:13:55,484] [4412] [__main__] [DEBUG] 判定信号 总计的数值为-72.5 ！
[2022-04-08 09:16:56,480] [4412] [__main__] [DEBUG] 本次判定信号是正确的！ 市场为 -60.0 ，考虑是否进场！
[2022-04-08 09:16:57,030] [4412] [__main__] [DEBUG] 判定信号 正确的数值为-162.5 ！
[2022-04-08 09:16:57,571] [4412] [__main__] [DEBUG] 判定信号 错误的数值为30.0 ！
[2022-04-08 09:16:57,971] [4412] [__main__] [DEBUG] 判定信号 总计的数值为-132.5 ！
[2022-04-08 09:19:58,934] [4412] [__main__] [DEBUG] 本次判定信号是正确的！ 市场为 -10.0 ，考虑是否进场！
[2022-04-08 09:19:59,436] [4412] [__main__] [DEBUG] 判定信号 正确的数值为-172.5 ！
[2022-04-08 09:19:59,969] [4412] [__main__] [DEBUG] 判定信号 错误的数值为30.0 ！
[2022-04-08 09:20:00,506] [4412] [__main__] [DEBUG] 判定信号 总计的数值为-142.5 ！
[2022-04-08 09:23:01,690] [4412] [__main__] [DEBUG] 本次判定信号是正确的！ 市场为 -40.0 ，考虑是否进场！
[2022-04-08 09:23:02,203] [4412] [__main__] [DEBUG] 判定信号 正确的数值为-212.5 ！
[2022-04-08 09:23:02,745] [4412] [__main__] [DEBUG] 判定信号 错误的数值为30.0 ！
[2022-04-08 09:23:03,275] [4412] [__main__] [DEBUG] 判定信号 总计的数值为-182.5 ！
[2022-04-08 11:12:31,692] [8140] [__main__] [DEBUG] tradeone is NI225 
 mt5 time :2022-04-08 06:12:30 
 time: 2022-04-08 11:12:30 
 市场为 105.0 ，考虑是否进场！
[2022-04-08 11:15:44,637] [8140] [__main__] [DEBUG] 本次判定信号是正确的！ 市场为 7.5 ，考虑是否进场！
[2022-04-08 11:15:45,162] [8140] [__main__] [DEBUG] 判定信号 正确的数值为7.5 ！
[2022-04-08 11:15:45,696] [8140] [__main__] [DEBUG] 判定信号 错误的数值为0 ！
[2022-04-08 11:15:46,219] [8140] [__main__] [DEBUG] 判定信号 总计的数值为7.5 ！
[2022-04-08 11:18:47,148] [8140] [__main__] [DEBUG] 本次判定信号是正确的！ 市场为 0.0 ，考虑是否进场！
[2022-04-08 11:18:47,670] [8140] [__main__] [DEBUG] 判定信号 正确的数值为7.5 ！
[2022-04-08 11:18:48,125] [8140] [__main__] [DEBUG] 判定信号 错误的数值为0 ！
[2022-04-08 11:18:48,667] [8140] [__main__] [DEBUG] 判定信号 总计的数值为7.5 ！
[2022-04-08 11:21:49,631] [8140] [__main__] [DEBUG] 本次判定信号是错误的！ 市场为 -17.5 ，考虑是否离场！
[2022-04-08 11:21:50,596] [8140] [__main__] [DEBUG] 判定信号 正确的数值为7.5 ！
[2022-04-08 11:21:51,160] [8140] [__main__] [DEBUG] 判定信号 错误的数值为-17.5 ！
[2022-04-08 11:21:51,737] [8140] [__main__] [DEBUG] 判定信号 总计的数值为-10.0 ！
[2022-04-08 11:24:52,934] [8140] [__main__] [DEBUG] 本次判定信号是正确的！ 市场为 0.0 ，考虑是否进场！
[2022-04-08 11:24:53,742] [8140] [__main__] [DEBUG] 判定信号 正确的数值为7.5 ！
[2022-04-08 11:24:54,302] [8140] [__main__] [DEBUG] 判定信号 错误的数值为-17.5 ！
[2022-04-08 11:24:54,818] [8140] [__main__] [DEBUG] 判定信号 总计的数值为-10.0 ！
[2022-04-08 11:27:55,757] [8140] [__main__] [DEBUG] 本次判定信号是正确的！ 市场为 7.5 ，考虑是否进场！
[2022-04-08 11:27:56,700] [8140] [__main__] [DEBUG] 判定信号 正确的数值为15.0 ！
[2022-04-08 11:27:57,250] [8140] [__main__] [DEBUG] 判定信号 错误的数值为-17.5 ！
[2022-04-08 11:27:57,783] [8140] [__main__] [DEBUG] 判定信号 总计的数值为-2.5 ！
[2022-04-08 11:30:58,740] [8140] [__main__] [DEBUG] 本次判定信号是错误的！ 市场为 -5.0 ，考虑是否离场！
[2022-04-08 11:30:59,243] [8140] [__main__] [DEBUG] 判定信号 正确的数值为15.0 ！
[2022-04-08 11:30:59,643] [8140] [__main__] [DEBUG] 判定信号 错误的数值为-22.5 ！
[2022-04-08 11:31:00,164] [8140] [__main__] [DEBUG] 判定信号 总计的数值为-7.5 ！
[2022-04-08 11:34:01,114] [8140] [__main__] [DEBUG] 本次判定信号是正确的！ 市场为 0.0 ，考虑是否进场！
[2022-04-08 11:34:02,001] [8140] [__main__] [DEBUG] 判定信号 正确的数值为15.0 ！
[2022-04-08 11:34:02,578] [8140] [__main__] [DEBUG] 判定信号 错误的数值为-22.5 ！
[2022-04-08 11:34:03,212] [8140] [__main__] [DEBUG] 判定信号 总计的数值为-7.5 ！
[2022-04-08 11:37:04,157] [8140] [__main__] [DEBUG] 本次判定信号是正确的！ 市场为 0.0 ，考虑是否进场！
[2022-04-08 11:37:04,776] [8140] [__main__] [DEBUG] 判定信号 正确的数值为15.0 ！
[2022-04-08 11:37:05,318] [8140] [__main__] [DEBUG] 判定信号 错误的数值为-22.5 ！
[2022-04-08 11:37:05,879] [8140] [__main__] [DEBUG] 判定信号 总计的数值为-7.5 ！
[2022-04-08 11:40:06,867] [8140] [__main__] [DEBUG] 本次判定信号是错误的！ 市场为 -15.0 ，考虑是否离场！
[2022-04-08 11:40:07,429] [8140] [__main__] [DEBUG] 判定信号 正确的数值为15.0 ！
[2022-04-08 11:40:07,936] [8140] [__main__] [DEBUG] 判定信号 错误的数值为-37.5 ！
[2022-04-08 11:40:08,371] [8140] [__main__] [DEBUG] 判定信号 总计的数值为-22.5 ！
[2022-04-08 11:43:09,383] [8140] [__main__] [DEBUG] 本次判定信号是正确的！ 市场为 20.0 ，考虑是否进场！
[2022-04-08 11:43:09,878] [8140] [__main__] [DEBUG] 判定信号 正确的数值为35.0 ！
[2022-04-08 11:43:10,442] [8140] [__main__] [DEBUG] 判定信号 错误的数值为-37.5 ！
[2022-04-08 11:43:10,963] [8140] [__main__] [DEBUG] 判定信号 总计的数值为-2.5 ！
[2022-04-08 11:46:11,940] [8140] [__main__] [DEBUG] 本次判定信号是正确的！ 市场为 27.5 ，考虑是否进场！
[2022-04-08 11:46:12,463] [8140] [__main__] [DEBUG] 判定信号 正确的数值为62.5 ！
[2022-04-08 11:46:12,982] [8140] [__main__] [DEBUG] 判定信号 错误的数值为-37.5 ！
[2022-04-08 11:46:13,567] [8140] [__main__] [DEBUG] 判定信号 总计的数值为25.0 ！
[2022-04-08 11:49:14,736] [8140] [__main__] [DEBUG] 本次判定信号是正确的！ 市场为 30.0 ，考虑是否进场！
[2022-04-08 11:49:15,285] [8140] [__main__] [DEBUG] 判定信号 正确的数值为92.5 ！
[2022-04-08 11:49:15,725] [8140] [__main__] [DEBUG] 判定信号 错误的数值为-37.5 ！
[2022-04-08 11:49:16,267] [8140] [__main__] [DEBUG] 判定信号 总计的数值为55.0 ！
[2022-04-08 11:52:17,150] [8140] [__main__] [DEBUG] 本次判定信号是正确的！ 市场为 15.0 ，考虑是否进场！
[2022-04-08 11:52:18,073] [8140] [__main__] [DEBUG] 判定信号 正确的数值为107.5 ！
[2022-04-08 11:52:18,705] [8140] [__main__] [DEBUG] 判定信号 错误的数值为-37.5 ！
[2022-04-08 11:52:19,229] [8140] [__main__] [DEBUG] 判定信号 总计的数值为70.0 ！
[2022-04-08 11:55:20,153] [8140] [__main__] [DEBUG] 本次判定信号是错误的！ 市场为 -5.0 ，考虑是否离场！
[2022-04-08 11:55:20,657] [8140] [__main__] [DEBUG] 判定信号 正确的数值为107.5 ！
[2022-04-08 11:55:21,256] [8140] [__main__] [DEBUG] 判定信号 错误的数值为-42.5 ！
[2022-04-08 11:55:21,779] [8140] [__main__] [DEBUG] 判定信号 总计的数值为65.0 ！
[2022-04-08 11:58:22,743] [8140] [__main__] [DEBUG] 本次判定信号是正确的！ 市场为 0.0 ，考虑是否进场！
[2022-04-08 11:58:23,246] [8140] [__main__] [DEBUG] 判定信号 正确的数值为107.5 ！
[2022-04-08 11:58:23,788] [8140] [__main__] [DEBUG] 判定信号 错误的数值为-42.5 ！
[2022-04-08 11:58:24,308] [8140] [__main__] [DEBUG] 判定信号 总计的数值为65.0 ！
[2022-04-08 12:01:25,273] [8140] [__main__] [DEBUG] 本次判定信号是正确的！ 市场为 0.0 ，考虑是否进场！
[2022-04-08 12:01:25,807] [8140] [__main__] [DEBUG] 判定信号 正确的数值为107.5 ！
[2022-04-08 12:01:26,319] [8140] [__main__] [DEBUG] 判定信号 错误的数值为-42.5 ！
[2022-04-08 12:01:26,740] [8140] [__main__] [DEBUG] 判定信号 总计的数值为65.0 ！
[2022-04-08 14:48:44,822] [11540] [__main__] [DEBUG] tradeone is NI225 
 mt5 time :2022-04-08 09:48:39 
 time: 2022-04-08 14:48:42 
 市场为 135.0 ，考虑是否进场！
[2022-04-08 14:51:59,104] [11540] [__main__] [DEBUG] 本次判定信号是正确的！ 市场为 0.0 ，考虑是否进场！
[2022-04-08 14:51:59,705] [11540] [__main__] [DEBUG] 判定信号 正确的数值为0.0 ！
[2022-04-08 14:52:00,466] [11540] [__main__] [DEBUG] 判定信号 错误的数值为0 ！
[2022-04-08 14:52:01,250] [11540] [__main__] [DEBUG] 判定信号 总计的数值为0.0 ！
[2022-04-08 14:55:02,758] [11540] [__main__] [DEBUG] 本次判定信号是正确的！ 市场为 30.0 ，考虑是否进场！
[2022-04-08 14:55:04,866] [11540] [__main__] [DEBUG] 判定信号 正确的数值为30.0 ！
[2022-04-08 14:55:05,852] [11540] [__main__] [DEBUG] 判定信号 错误的数值为0 ！
[2022-04-08 14:55:06,793] [11540] [__main__] [DEBUG] 判定信号 总计的数值为30.0 ！
[2022-04-08 14:58:08,876] [11540] [__main__] [DEBUG] 本次判定信号是正确的！ 市场为 0.0 ，考虑是否进场！
[2022-04-08 14:58:09,437] [11540] [__main__] [DEBUG] 判定信号 正确的数值为30.0 ！
[2022-04-08 14:58:09,927] [11540] [__main__] [DEBUG] 判定信号 错误的数值为0 ！
[2022-04-08 14:58:10,470] [11540] [__main__] [DEBUG] 判定信号 总计的数值为30.0 ！
[2022-04-08 15:39:29,020] [7376] [__main__] [DEBUG] tradeone is NI225 
 mt5 time :2022-04-08 10:39:22 
 time: 2022-04-08 15:39:28 
 市场为 107.5 ，考虑是否进场！
[2022-04-08 15:42:40,209] [7376] [__main__] [DEBUG] 本次判定信号是正确的！ 市场为 45.0 ，考虑是否进场！
[2022-04-08 15:42:40,759] [7376] [__main__] [DEBUG] 判定信号 正确的数值为45.0 ！
[2022-04-08 15:42:42,173] [7376] [__main__] [DEBUG] 判定信号 错误的数值为0 ！
[2022-04-08 15:42:43,436] [7376] [__main__] [DEBUG] 判定信号 总计的数值为45.0 ！
[2022-04-08 15:45:44,421] [7376] [__main__] [DEBUG] 本次判定信号是正确的！ 市场为 0.0 ，考虑是否进场！
[2022-04-08 15:45:44,982] [7376] [__main__] [DEBUG] 判定信号 正确的数值为45.0 ！
[2022-04-08 15:45:45,723] [7376] [__main__] [DEBUG] 判定信号 错误的数值为0 ！
[2022-04-08 15:45:46,184] [7376] [__main__] [DEBUG] 判定信号 总计的数值为45.0 ！
[2022-04-08 15:48:47,226] [7376] [__main__] [DEBUG] 本次判定信号是错误的！ 市场为 -30.0 ，考虑是否离场！
[2022-04-08 15:48:47,750] [7376] [__main__] [DEBUG] 判定信号 正确的数值为45.0 ！
[2022-04-08 15:48:48,286] [7376] [__main__] [DEBUG] 判定信号 错误的数值为-30.0 ！
[2022-04-08 15:48:48,890] [7376] [__main__] [DEBUG] 判定信号 总计的数值为15.0 ！
[2022-04-08 16:04:51,748] [4756] [__main__] [DEBUG] tradeone is NI225 
 mt5 time :2022-04-08 11:04:50 
 time: 2022-04-08 16:04:50 
 市场为 107.5 ，考虑是否进场！
[2022-04-08 16:08:03,821] [4756] [__main__] [DEBUG] 本次判定信号是正确的！ 市场为 0.0 ，考虑是否进场！
[2022-04-08 16:08:04,367] [4756] [__main__] [DEBUG] 判定信号 正确的数值为0.0 ！
[2022-04-08 16:08:04,891] [4756] [__main__] [DEBUG] 判定信号 错误的数值为0 ！
[2022-04-08 16:08:05,294] [4756] [__main__] [DEBUG] 判定信号 总计的数值为0.0 ！
[2022-04-08 16:11:06,330] [4756] [__main__] [DEBUG] 本次判定信号是正确的！ 市场为 12.5 ，考虑是否进场！
[2022-04-08 16:11:06,884] [4756] [__main__] [DEBUG] 判定信号 正确的数值为12.5 ！
[2022-04-08 16:11:07,523] [4756] [__main__] [DEBUG] 判定信号 错误的数值为0 ！
[2022-04-08 16:11:08,112] [4756] [__main__] [DEBUG] 判定信号 总计的数值为12.5 ！
[2022-04-08 16:14:09,197] [4756] [__main__] [DEBUG] 本次判定信号是正确的！ 市场为 5.0 ，考虑是否进场！
[2022-04-08 16:14:09,714] [4756] [__main__] [DEBUG] 判定信号 正确的数值为17.5 ！
[2022-04-08 16:14:10,239] [4756] [__main__] [DEBUG] 判定信号 错误的数值为0 ！
[2022-04-08 16:14:10,778] [4756] [__main__] [DEBUG] 判定信号 总计的数值为17.5 ！
[2022-04-08 16:17:12,000] [4756] [__main__] [DEBUG] 本次判定信号是正确的！ 市场为 0.0 ，考虑是否进场！
[2022-04-08 16:17:13,102] [4756] [__main__] [DEBUG] 判定信号 正确的数值为17.5 ！
[2022-04-08 16:17:13,937] [4756] [__main__] [DEBUG] 判定信号 错误的数值为0 ！
[2022-04-08 16:17:14,500] [4756] [__main__] [DEBUG] 判定信号 总计的数值为17.5 ！
[2022-04-08 16:20:15,609] [4756] [__main__] [DEBUG] 本次判定信号是错误的！ 市场为 -10.0 ，考虑是否离场！
[2022-04-08 16:20:16,141] [4756] [__main__] [DEBUG] 判定信号 正确的数值为17.5 ！
[2022-04-08 16:20:16,699] [4756] [__main__] [DEBUG] 判定信号 错误的数值为-10.0 ！
[2022-04-08 16:20:17,201] [4756] [__main__] [DEBUG] 判定信号 总计的数值为7.5 ！
[2022-04-08 16:23:18,233] [4756] [__main__] [DEBUG] 本次判定信号是正确的！ 市场为 15.0 ，考虑是否进场！
[2022-04-08 16:23:19,512] [4756] [__main__] [DEBUG] 判定信号 正确的数值为32.5 ！
[2022-04-08 16:23:20,037] [4756] [__main__] [DEBUG] 判定信号 错误的数值为-10.0 ！
[2022-04-08 16:23:20,493] [4756] [__main__] [DEBUG] 判定信号 总计的数值为22.5 ！
[2022-04-08 16:26:21,462] [4756] [__main__] [DEBUG] 本次判定信号是正确的！ 市场为 22.5 ，考虑是否进场！
[2022-04-08 16:26:21,959] [4756] [__main__] [DEBUG] 判定信号 正确的数值为55.0 ！
[2022-04-08 16:26:22,542] [4756] [__main__] [DEBUG] 判定信号 错误的数值为-10.0 ！
[2022-04-08 16:26:22,942] [4756] [__main__] [DEBUG] 判定信号 总计的数值为45.0 ！
[2022-04-08 16:29:23,975] [4756] [__main__] [DEBUG] 本次判定信号是正确的！ 市场为 20.0 ，考虑是否进场！
[2022-04-08 16:29:24,524] [4756] [__main__] [DEBUG] 判定信号 正确的数值为75.0 ！
[2022-04-08 16:29:25,381] [4756] [__main__] [DEBUG] 判定信号 错误的数值为-10.0 ！
[2022-04-08 16:29:25,780] [4756] [__main__] [DEBUG] 判定信号 总计的数值为65.0 ！
[2022-04-08 16:32:26,758] [4756] [__main__] [DEBUG] 本次判定信号是正确的！ 市场为 0.0 ，考虑是否进场！
[2022-04-08 16:32:27,321] [4756] [__main__] [DEBUG] 判定信号 正确的数值为75.0 ！
[2022-04-08 16:32:27,802] [4756] [__main__] [DEBUG] 判定信号 错误的数值为-10.0 ！
[2022-04-08 16:32:28,370] [4756] [__main__] [DEBUG] 判定信号 总计的数值为65.0 ！
[2022-04-08 16:35:29,338] [4756] [__main__] [DEBUG] 本次判定信号是正确的！ 市场为 0.0 ，考虑是否进场！
[2022-04-08 16:35:29,887] [4756] [__main__] [DEBUG] 判定信号 正确的数值为75.0 ！
[2022-04-08 16:35:30,406] [4756] [__main__] [DEBUG] 判定信号 错误的数值为-10.0 ！
[2022-04-08 16:35:30,968] [4756] [__main__] [DEBUG] 判定信号 总计的数值为65.0 ！
[2022-04-08 16:38:32,180] [4756] [__main__] [DEBUG] 本次判定信号是正确的！ 市场为 0.0 ，考虑是否进场！
[2022-04-08 16:38:32,679] [4756] [__main__] [DEBUG] 判定信号 正确的数值为75.0 ！
[2022-04-08 16:38:33,425] [4756] [__main__] [DEBUG] 判定信号 错误的数值为-10.0 ！
[2022-04-08 16:38:33,941] [4756] [__main__] [DEBUG] 判定信号 总计的数值为65.0 ！
[2022-04-08 16:41:34,940] [4756] [__main__] [DEBUG] 本次判定信号是正确的！ 市场为 0.0 ，考虑是否进场！
[2022-04-08 16:41:35,462] [4756] [__main__] [DEBUG] 判定信号 正确的数值为75.0 ！
[2022-04-08 16:41:35,981] [4756] [__main__] [DEBUG] 判定信号 错误的数值为-10.0 ！
[2022-04-08 16:41:36,486] [4756] [__main__] [DEBUG] 判定信号 总计的数值为65.0 ！
[2022-04-08 16:44:37,451] [4756] [__main__] [DEBUG] 本次判定信号是正确的！ 市场为 0.0 ，考虑是否进场！
[2022-04-08 16:44:37,968] [4756] [__main__] [DEBUG] 判定信号 正确的数值为75.0 ！
[2022-04-08 16:44:38,696] [4756] [__main__] [DEBUG] 判定信号 错误的数值为-10.0 ！
[2022-04-08 16:44:39,443] [4756] [__main__] [DEBUG] 判定信号 总计的数值为65.0 ！
[2022-04-08 16:47:40,445] [4756] [__main__] [DEBUG] 本次判定信号是正确的！ 市场为 0.0 ，考虑是否进场！
[2022-04-08 16:47:40,950] [4756] [__main__] [DEBUG] 判定信号 正确的数值为75.0 ！
[2022-04-08 16:47:41,452] [4756] [__main__] [DEBUG] 判定信号 错误的数值为-10.0 ！
[2022-04-08 16:47:41,955] [4756] [__main__] [DEBUG] 判定信号 总计的数值为65.0 ！
[2022-04-08 16:50:42,940] [4756] [__main__] [DEBUG] 本次判定信号是正确的！ 市场为 0.0 ，考虑是否进场！
[2022-04-08 16:50:43,460] [4756] [__main__] [DEBUG] 判定信号 正确的数值为75.0 ！
[2022-04-08 16:50:43,979] [4756] [__main__] [DEBUG] 判定信号 错误的数值为-10.0 ！
[2022-04-08 16:50:44,522] [4756] [__main__] [DEBUG] 判定信号 总计的数值为65.0 ！
