[2022-04-07 07:57:05,405] [6776] [__main__] [DEBUG] tradeone is NI225 
 mt5 time :2022-04-07 02:57:02 
 time: 2022-04-07 07:57:04 
 市场为 -120.0 ，考虑是否进场！
[2022-04-07 08:00:16,381] [6776] [__main__] [DEBUG] 本次判定信号是正确的！ 市场为 -87.5 ，考虑是否进场！
[2022-04-07 08:00:16,944] [6776] [__main__] [DEBUG] 判定信号 正确的数值为-87.5 ！
[2022-04-07 08:00:17,463] [6776] [__main__] [DEBUG] 判定信号 错误的数值为0 ！
[2022-04-07 08:00:18,006] [6776] [__main__] [DEBUG] 判定信号 总计的数值为-87.5 ！
[2022-04-07 08:03:18,542] [6776] [__main__] [DEBUG] 本次判定信号是正确的！ 市场为 0.0 ，考虑是否进场！
[2022-04-07 08:03:19,081] [6776] [__main__] [DEBUG] 判定信号 正确的数值为-87.5 ！
[2022-04-07 08:03:19,619] [6776] [__main__] [DEBUG] 判定信号 错误的数值为0 ！
[2022-04-07 08:03:20,046] [6776] [__main__] [DEBUG] 判定信号 总计的数值为-87.5 ！
[2022-04-07 08:06:21,422] [6776] [__main__] [DEBUG] 本次判定信号是正确的！ 市场为 0.0 ，考虑是否进场！
[2022-04-07 08:06:22,006] [6776] [__main__] [DEBUG] 判定信号 正确的数值为-87.5 ！
[2022-04-07 08:06:22,409] [6776] [__main__] [DEBUG] 判定信号 错误的数值为0 ！
[2022-04-07 08:06:22,810] [6776] [__main__] [DEBUG] 判定信号 总计的数值为-87.5 ！
[2022-04-07 19:09:04,985] [8864] [__main__] [DEBUG] tradeone is NI225 
 mt5 time :2022-04-07 14:09:03 
 time: 2022-04-07 19:09:04 
 市场为 122.5 ，考虑是否进场！
[2022-04-07 19:12:19,008] [8864] [__main__] [DEBUG] 本次判定信号是正确的！ 市场为 0.0 ，考虑是否进场！
[2022-04-07 19:12:19,527] [8864] [__main__] [DEBUG] 判定信号 正确的数值为0.0 ！
[2022-04-07 19:12:20,052] [8864] [__main__] [DEBUG] 判定信号 错误的数值为0 ！
[2022-04-07 19:12:20,492] [8864] [__main__] [DEBUG] 判定信号 总计的数值为0.0 ！
[2022-04-07 19:15:21,513] [8864] [__main__] [DEBUG] 本次判定信号是正确的！ 市场为 5.0 ，考虑是否进场！
[2022-04-07 19:15:22,032] [8864] [__main__] [DEBUG] 判定信号 正确的数值为5.0 ！
[2022-04-07 19:15:22,415] [8864] [__main__] [DEBUG] 判定信号 错误的数值为0 ！
[2022-04-07 19:15:22,970] [8864] [__main__] [DEBUG] 判定信号 总计的数值为5.0 ！
[2022-04-07 19:18:23,890] [8864] [__main__] [DEBUG] 本次判定信号是错误的！ 市场为 -27.5 ，考虑是否离场！
[2022-04-07 19:18:24,409] [8864] [__main__] [DEBUG] 判定信号 正确的数值为5.0 ！
[2022-04-07 19:18:24,936] [8864] [__main__] [DEBUG] 判定信号 错误的数值为-27.5 ！
[2022-04-07 19:18:25,470] [8864] [__main__] [DEBUG] 判定信号 总计的数值为-22.5 ！
[2022-04-07 19:21:26,437] [8864] [__main__] [DEBUG] 本次判定信号是错误的！ 市场为 -37.5 ，考虑是否离场！
[2022-04-07 19:21:26,983] [8864] [__main__] [DEBUG] 判定信号 正确的数值为5.0 ！
[2022-04-07 19:21:27,379] [8864] [__main__] [DEBUG] 判定信号 错误的数值为-65.0 ！
[2022-04-07 19:21:27,981] [8864] [__main__] [DEBUG] 判定信号 总计的数值为-60.0 ！
[2022-04-07 19:24:28,930] [8864] [__main__] [DEBUG] 本次判定信号是错误的！ 市场为 -25.0 ，考虑是否离场！
[2022-04-07 19:24:29,474] [8864] [__main__] [DEBUG] 判定信号 正确的数值为5.0 ！
[2022-04-07 19:24:30,039] [8864] [__main__] [DEBUG] 判定信号 错误的数值为-90.0 ！
[2022-04-07 19:24:30,582] [8864] [__main__] [DEBUG] 判定信号 总计的数值为-85.0 ！
[2022-04-07 19:27:31,536] [8864] [__main__] [DEBUG] 本次判定信号是错误的！ 市场为 -30.0 ，考虑是否离场！
[2022-04-07 19:27:32,490] [8864] [__main__] [DEBUG] 判定信号 正确的数值为5.0 ！
[2022-04-07 19:27:33,006] [8864] [__main__] [DEBUG] 判定信号 错误的数值为-120.0 ！
[2022-04-07 19:27:33,545] [8864] [__main__] [DEBUG] 判定信号 总计的数值为-115.0 ！
[2022-04-07 19:30:34,297] [8864] [__main__] [DEBUG] 本次判定信号是正确的！ 市场为 0.0 ，考虑是否进场！
[2022-04-07 19:30:34,837] [8864] [__main__] [DEBUG] 判定信号 正确的数值为5.0 ！
[2022-04-07 19:30:35,355] [8864] [__main__] [DEBUG] 判定信号 错误的数值为-120.0 ！
[2022-04-07 19:30:35,877] [8864] [__main__] [DEBUG] 判定信号 总计的数值为-115.0 ！
[2022-04-07 19:30:36,423] [8864] [__main__] [DEBUG] 做多的信号彻底失败！赶紧离场！
