[2022-03-31 08:13:56,585] [11852] [__main__] [DEBUG] tradeone is NI225 
 mt5 time :2022-03-31 03:13:54 
 time: 2022-03-31 08:13:54 
 市场为 130.0 ，考虑是否进场！
[2022-03-31 08:24:08,101] [11852] [__main__] [DEBUG] 本次判定信号是错误的！ 市场为 -20.0 ，考虑是否离场！
[2022-03-31 08:24:08,719] [11852] [__main__] [DEBUG] 判定信号 正确的数值为0 ！
[2022-03-31 08:24:09,264] [11852] [__main__] [DEBUG] 判定信号 错误的数值为-20.0 ！
[2022-03-31 08:24:09,785] [11852] [__main__] [DEBUG] 判定信号 总计的数值为-20.0 ！
[2022-03-31 08:34:11,272] [11852] [__main__] [DEBUG] 本次判定信号是正确的！ 市场为 0.0 ，考虑是否进场！
[2022-03-31 08:34:11,844] [11852] [__main__] [DEBUG] 判定信号 正确的数值为0.0 ！
[2022-03-31 08:34:12,389] [11852] [__main__] [DEBUG] 判定信号 错误的数值为-20.0 ！
[2022-03-31 08:34:12,926] [11852] [__main__] [DEBUG] 判定信号 总计的数值为-20.0 ！
[2022-03-31 08:44:14,360] [11852] [__main__] [DEBUG] 本次判定信号是正确的！ 市场为 2.5 ，考虑是否进场！
[2022-03-31 08:44:14,907] [11852] [__main__] [DEBUG] 判定信号 正确的数值为2.5 ！
[2022-03-31 08:44:15,445] [11852] [__main__] [DEBUG] 判定信号 错误的数值为-20.0 ！
[2022-03-31 08:44:16,007] [11852] [__main__] [DEBUG] 判定信号 总计的数值为-17.5 ！
[2022-03-31 08:54:17,236] [11852] [__main__] [DEBUG] 本次判定信号是正确的！ 市场为 60.0 ，考虑是否进场！
[2022-03-31 08:54:17,844] [11852] [__main__] [DEBUG] 判定信号 正确的数值为62.5 ！
[2022-03-31 08:54:18,355] [11852] [__main__] [DEBUG] 判定信号 错误的数值为-20.0 ！
[2022-03-31 08:54:18,757] [11852] [__main__] [DEBUG] 判定信号 总计的数值为42.5 ！
[2022-03-31 09:04:20,185] [11852] [__main__] [DEBUG] 本次判定信号是正确的！ 市场为 25.0 ，考虑是否进场！
[2022-03-31 09:04:20,705] [11852] [__main__] [DEBUG] 判定信号 正确的数值为87.5 ！
[2022-03-31 09:04:21,225] [11852] [__main__] [DEBUG] 判定信号 错误的数值为-20.0 ！
[2022-03-31 09:04:21,787] [11852] [__main__] [DEBUG] 判定信号 总计的数值为67.5 ！
[2022-03-31 09:14:24,681] [11852] [__main__] [DEBUG] 本次判定信号是错误的！ 市场为 -12.5 ，考虑是否离场！
[2022-03-31 09:14:25,203] [11852] [__main__] [DEBUG] 判定信号 正确的数值为87.5 ！
[2022-03-31 09:14:25,701] [11852] [__main__] [DEBUG] 判定信号 错误的数值为-32.5 ！
[2022-03-31 09:14:26,247] [11852] [__main__] [DEBUG] 判定信号 总计的数值为55.0 ！
[2022-03-31 09:26:31,265] [5996] [__main__] [DEBUG] tradeone is NI225 
 mt5 time :2022-03-31 04:26:30 
 time: 2022-03-31 09:26:30 
 市场为 130.0 ，考虑是否进场！
[2022-03-31 09:36:42,550] [5996] [__main__] [DEBUG] 本次判定信号是正确的！ 市场为 27.5 ，考虑是否进场！
[2022-03-31 09:36:43,070] [5996] [__main__] [DEBUG] 判定信号 正确的数值为27.5 ！
[2022-03-31 09:36:43,592] [5996] [__main__] [DEBUG] 判定信号 错误的数值为0 ！
[2022-03-31 09:36:44,129] [5996] [__main__] [DEBUG] 判定信号 总计的数值为27.5 ！
[2022-03-31 09:46:46,595] [5996] [__main__] [DEBUG] 本次判定信号是错误的！ 市场为 -2.5 ，考虑是否离场！
[2022-03-31 09:46:47,517] [5996] [__main__] [DEBUG] 判定信号 正确的数值为27.5 ！
[2022-03-31 09:46:48,049] [5996] [__main__] [DEBUG] 判定信号 错误的数值为-2.5 ！
[2022-03-31 09:46:48,594] [5996] [__main__] [DEBUG] 判定信号 总计的数值为25.0 ！
[2022-03-31 15:33:17,754] [10484] [__main__] [DEBUG] tradeone is NI225 
 mt5 time :2022-03-31 10:33:16 
 time: 2022-03-31 15:33:16 
 市场为 105.0 ，考虑是否进场！
[2022-03-31 15:43:34,185] [10484] [__main__] [DEBUG] 本次判定信号是错误的！ 市场为 -12.5 ，考虑是否离场！
[2022-03-31 15:43:35,133] [10484] [__main__] [DEBUG] 判定信号 正确的数值为0 ！
[2022-03-31 15:43:35,672] [10484] [__main__] [DEBUG] 判定信号 错误的数值为-12.5 ！
[2022-03-31 15:43:36,202] [10484] [__main__] [DEBUG] 判定信号 总计的数值为-12.5 ！
[2022-03-31 15:53:38,551] [10484] [__main__] [DEBUG] 本次判定信号是错误的！ 市场为 -27.5 ，考虑是否离场！
[2022-03-31 15:53:39,132] [10484] [__main__] [DEBUG] 判定信号 正确的数值为0 ！
[2022-03-31 15:53:39,688] [10484] [__main__] [DEBUG] 判定信号 错误的数值为-40.0 ！
[2022-03-31 15:53:40,332] [10484] [__main__] [DEBUG] 判定信号 总计的数值为-40.0 ！
