[2022-03-29 09:38:53,985] [1604] [__main__] [DEBUG] tradeone is NI225 
 mt5 time :2022-03-29 04:38:46 
 time: 2022-03-29 09:38:52 
 市场为 110.0 ，考虑是否进场！
[2022-03-29 09:49:09,427] [1604] [__main__] [DEBUG] 本次判定信号是错误的！ 市场为 -20.0 ，考虑是否离场！
[2022-03-29 09:49:10,414] [1604] [__main__] [DEBUG] 判定信号 正确的数值为0 ！
[2022-03-29 09:49:10,997] [1604] [__main__] [DEBUG] 判定信号 错误的数值为-20.0 ！
[2022-03-29 09:49:12,057] [1604] [__main__] [DEBUG] 判定信号 总计的数值为-20.0 ！
[2022-03-29 09:59:11,713] [1604] [__main__] [DEBUG] 本次判定信号是错误的！ 市场为 -32.5 ，考虑是否离场！
[2022-03-29 09:59:12,997] [1604] [__main__] [DEBUG] 判定信号 正确的数值为0 ！
[2022-03-29 09:59:13,518] [1604] [__main__] [DEBUG] 判定信号 错误的数值为-52.5 ！
[2022-03-29 09:59:13,981] [1604] [__main__] [DEBUG] 判定信号 总计的数值为-52.5 ！
[2022-03-29 10:36:55,381] [5452] [__main__] [DEBUG] tradeone is NI225 
 mt5 time :2022-03-29 05:36:52 
 time: 2022-03-29 10:36:54 
 市场为 -132.5 ，考虑是否进场！
[2022-03-29 10:47:08,736] [5452] [__main__] [DEBUG] 本次判定信号是错误的！ 市场为 20.0 ，考虑是否离场！
[2022-03-29 10:47:09,299] [5452] [__main__] [DEBUG] 判定信号 正确的数值为0 ！
[2022-03-29 10:47:09,861] [5452] [__main__] [DEBUG] 判定信号 错误的数值为20.0 ！
[2022-03-29 10:47:10,427] [5452] [__main__] [DEBUG] 判定信号 总计的数值为20.0 ！
[2022-03-29 10:57:11,774] [5452] [__main__] [DEBUG] 本次判定信号是正确的！ 市场为 -15.0 ，考虑是否进场！
[2022-03-29 10:57:12,333] [5452] [__main__] [DEBUG] 判定信号 正确的数值为-15.0 ！
[2022-03-29 10:57:12,776] [5452] [__main__] [DEBUG] 判定信号 错误的数值为20.0 ！
[2022-03-29 10:57:13,299] [5452] [__main__] [DEBUG] 判定信号 总计的数值为5.0 ！
[2022-03-29 15:29:01,119] [7008] [__main__] [DEBUG] tradeone is NI225 
 mt5 time :2022-03-29 10:29:00 
 time: 2022-03-29 15:29:00 
 市场为 110.0 ，考虑是否进场！
[2022-03-29 15:39:17,297] [7008] [__main__] [DEBUG] 本次判定信号是正确的！ 市场为 0.0 ，考虑是否进场！
[2022-03-29 15:39:17,845] [7008] [__main__] [DEBUG] 判定信号 正确的数值为0.0 ！
[2022-03-29 15:39:18,373] [7008] [__main__] [DEBUG] 判定信号 错误的数值为0 ！
[2022-03-29 15:39:18,765] [7008] [__main__] [DEBUG] 判定信号 总计的数值为0.0 ！
[2022-03-29 17:08:34,520] [9360] [__main__] [DEBUG] tradeone is NI225 
 mt5 time :2022-03-29 12:08:33 
 time: 2022-03-29 17:08:33 
 市场为 127.5 ，考虑是否进场！
[2022-03-29 17:18:48,228] [9360] [__main__] [DEBUG] 本次判定信号是错误的！ 市场为 -15.0 ，考虑是否离场！
[2022-03-29 17:18:48,753] [9360] [__main__] [DEBUG] 判定信号 正确的数值为0 ！
[2022-03-29 17:18:49,289] [9360] [__main__] [DEBUG] 判定信号 错误的数值为-15.0 ！
[2022-03-29 17:18:49,769] [9360] [__main__] [DEBUG] 判定信号 总计的数值为-15.0 ！
[2022-03-29 17:28:50,955] [9360] [__main__] [DEBUG] 本次判定信号是正确的！ 市场为 2.5 ，考虑是否进场！
[2022-03-29 17:28:51,498] [9360] [__main__] [DEBUG] 判定信号 正确的数值为2.5 ！
[2022-03-29 17:28:51,916] [9360] [__main__] [DEBUG] 判定信号 错误的数值为-15.0 ！
[2022-03-29 17:28:52,437] [9360] [__main__] [DEBUG] 判定信号 总计的数值为-12.5 ！
[2022-03-29 17:38:53,185] [9360] [__main__] [DEBUG] 本次判定信号是正确的！ 市场为 55.0 ，考虑是否进场！
[2022-03-29 17:38:53,768] [9360] [__main__] [DEBUG] 判定信号 正确的数值为57.5 ！
[2022-03-29 17:38:54,188] [9360] [__main__] [DEBUG] 判定信号 错误的数值为-15.0 ！
[2022-03-29 17:38:54,777] [9360] [__main__] [DEBUG] 判定信号 总计的数值为42.5 ！
[2022-03-29 17:48:56,168] [9360] [__main__] [DEBUG] 本次判定信号是正确的！ 市场为 0.0 ，考虑是否进场！
[2022-03-29 17:48:56,697] [9360] [__main__] [DEBUG] 判定信号 正确的数值为57.5 ！
[2022-03-29 17:48:57,250] [9360] [__main__] [DEBUG] 判定信号 错误的数值为-15.0 ！
[2022-03-29 17:48:57,794] [9360] [__main__] [DEBUG] 判定信号 总计的数值为42.5 ！
[2022-03-29 17:55:03,286] [4236] [__main__] [DEBUG] tradeone is NI225 
 mt5 time :2022-03-29 12:55:01 
 time: 2022-03-29 17:55:02 
 市场为 145.0 ，考虑是否进场！
[2022-03-29 18:05:18,985] [4236] [__main__] [DEBUG] 本次判定信号是错误的！ 市场为 -25.0 ，考虑是否离场！
[2022-03-29 18:05:19,545] [4236] [__main__] [DEBUG] 判定信号 正确的数值为0 ！
[2022-03-29 18:05:20,063] [4236] [__main__] [DEBUG] 判定信号 错误的数值为-25.0 ！
[2022-03-29 18:05:20,646] [4236] [__main__] [DEBUG] 判定信号 总计的数值为-25.0 ！
[2022-03-29 18:15:21,908] [4236] [__main__] [DEBUG] 本次判定信号是正确的！ 市场为 0.0 ，考虑是否进场！
[2022-03-29 18:15:22,451] [4236] [__main__] [DEBUG] 判定信号 正确的数值为0.0 ！
[2022-03-29 18:15:22,993] [4236] [__main__] [DEBUG] 判定信号 错误的数值为-25.0 ！
[2022-03-29 18:15:23,523] [4236] [__main__] [DEBUG] 判定信号 总计的数值为-25.0 ！
[2022-03-29 18:25:24,792] [4236] [__main__] [DEBUG] 本次判定信号是正确的！ 市场为 12.5 ，考虑是否进场！
[2022-03-29 18:25:25,323] [4236] [__main__] [DEBUG] 判定信号 正确的数值为12.5 ！
[2022-03-29 18:25:25,852] [4236] [__main__] [DEBUG] 判定信号 错误的数值为-25.0 ！
[2022-03-29 18:25:26,363] [4236] [__main__] [DEBUG] 判定信号 总计的数值为-12.5 ！
[2022-03-29 18:35:28,004] [4236] [__main__] [DEBUG] 本次判定信号是错误的！ 市场为 -10.0 ，考虑是否离场！
[2022-03-29 18:35:28,529] [4236] [__main__] [DEBUG] 判定信号 正确的数值为12.5 ！
[2022-03-29 18:35:29,031] [4236] [__main__] [DEBUG] 判定信号 错误的数值为-35.0 ！
[2022-03-29 18:35:29,572] [4236] [__main__] [DEBUG] 判定信号 总计的数值为-22.5 ！
[2022-03-29 18:45:30,928] [4236] [__main__] [DEBUG] 本次判定信号是正确的！ 市场为 0.0 ，考虑是否进场！
[2022-03-29 18:45:31,326] [4236] [__main__] [DEBUG] 判定信号 正确的数值为12.5 ！
[2022-03-29 18:45:31,868] [4236] [__main__] [DEBUG] 判定信号 错误的数值为-35.0 ！
[2022-03-29 18:45:32,393] [4236] [__main__] [DEBUG] 判定信号 总计的数值为-22.5 ！
[2022-03-29 18:55:33,740] [4236] [__main__] [DEBUG] 本次判定信号是正确的！ 市场为 0.0 ，考虑是否进场！
[2022-03-29 18:55:34,260] [4236] [__main__] [DEBUG] 判定信号 正确的数值为12.5 ！
[2022-03-29 18:55:34,800] [4236] [__main__] [DEBUG] 判定信号 错误的数值为-35.0 ！
[2022-03-29 18:55:35,338] [4236] [__main__] [DEBUG] 判定信号 总计的数值为-22.5 ！
[2022-03-29 19:05:36,610] [4236] [__main__] [DEBUG] 本次判定信号是正确的！ 市场为 0.0 ，考虑是否进场！
[2022-03-29 19:05:37,150] [4236] [__main__] [DEBUG] 判定信号 正确的数值为12.5 ！
[2022-03-29 19:05:37,671] [4236] [__main__] [DEBUG] 判定信号 错误的数值为-35.0 ！
[2022-03-29 19:05:38,214] [4236] [__main__] [DEBUG] 判定信号 总计的数值为-22.5 ！
[2022-03-29 19:15:38,910] [4236] [__main__] [DEBUG] 本次判定信号是正确的！ 市场为 0.0 ，考虑是否进场！
[2022-03-29 19:15:39,465] [4236] [__main__] [DEBUG] 判定信号 正确的数值为12.5 ！
[2022-03-29 19:15:39,853] [4236] [__main__] [DEBUG] 判定信号 错误的数值为-35.0 ！
[2022-03-29 19:15:40,372] [4236] [__main__] [DEBUG] 判定信号 总计的数值为-22.5 ！
