[2022-04-04 07:45:11,668] [6520] [__main__] [DEBUG] tradeone is NI225 
 mt5 time :2022-04-04 02:45:09 
 time: 2022-04-04 07:45:10 
 市场为 -112.5 ，考虑是否进场！
[2022-04-04 07:55:24,177] [6520] [__main__] [DEBUG] 本次判定信号是错误的！ 市场为 10.0 ，考虑是否离场！
[2022-04-04 07:55:24,778] [6520] [__main__] [DEBUG] 判定信号 正确的数值为0 ！
[2022-04-04 07:55:25,372] [6520] [__main__] [DEBUG] 判定信号 错误的数值为10.0 ！
[2022-04-04 07:55:26,085] [6520] [__main__] [DEBUG] 判定信号 总计的数值为10.0 ！
[2022-04-04 08:05:27,550] [6520] [__main__] [DEBUG] 本次判定信号是正确的！ 市场为 0.0 ，考虑是否进场！
[2022-04-04 08:05:28,506] [6520] [__main__] [DEBUG] 判定信号 正确的数值为0.0 ！
[2022-04-04 08:05:29,029] [6520] [__main__] [DEBUG] 判定信号 错误的数值为10.0 ！
[2022-04-04 08:05:29,609] [6520] [__main__] [DEBUG] 判定信号 总计的数值为10.0 ！
[2022-04-04 08:15:30,898] [6520] [__main__] [DEBUG] 本次判定信号是错误的！ 市场为 37.5 ，考虑是否离场！
[2022-04-04 08:15:31,449] [6520] [__main__] [DEBUG] 判定信号 正确的数值为0.0 ！
[2022-04-04 08:15:31,978] [6520] [__main__] [DEBUG] 判定信号 错误的数值为47.5 ！
[2022-04-04 08:15:32,538] [6520] [__main__] [DEBUG] 判定信号 总计的数值为47.5 ！
[2022-04-04 08:15:32,898] [6520] [__main__] [DEBUG] 总信号彻底失败！赶紧离场！
[2022-04-04 08:57:57,208] [5080] [__main__] [DEBUG] tradeone is NI225 
 mt5 time :2022-04-04 03:57:47 
 time: 2022-04-04 08:57:56 
 市场为 -112.5 ，考虑是否进场！
[2022-04-04 09:08:12,724] [5080] [__main__] [DEBUG] 本次判定信号是正确的！ 市场为 0.0 ，考虑是否进场！
[2022-04-04 09:08:13,287] [5080] [__main__] [DEBUG] 判定信号 正确的数值为0.0 ！
[2022-04-04 09:08:13,888] [5080] [__main__] [DEBUG] 判定信号 错误的数值为0 ！
[2022-04-04 09:08:14,408] [5080] [__main__] [DEBUG] 判定信号 总计的数值为0.0 ！
[2022-04-04 09:18:16,039] [5080] [__main__] [DEBUG] 本次判定信号是错误的！ 市场为 55.0 ，考虑是否离场！
[2022-04-04 09:18:16,439] [5080] [__main__] [DEBUG] 判定信号 正确的数值为0.0 ！
[2022-04-04 09:18:17,020] [5080] [__main__] [DEBUG] 判定信号 错误的数值为55.0 ！
[2022-04-04 09:18:17,565] [5080] [__main__] [DEBUG] 判定信号 总计的数值为55.0 ！
[2022-04-04 09:18:18,144] [5080] [__main__] [DEBUG] 总信号彻底失败！赶紧离场！
[2022-04-04 15:14:33,846] [5836] [__main__] [DEBUG] tradeone is NI225 
 mt5 time :2022-04-04 10:14:28 
 time: 2022-04-04 15:14:32 
 市场为 -105.0 ，考虑是否进场！
[2022-04-04 15:24:50,088] [5836] [__main__] [DEBUG] 本次判定信号是正确的！ 市场为 -15.0 ，考虑是否进场！
[2022-04-04 15:24:51,400] [5836] [__main__] [DEBUG] 判定信号 正确的数值为-15.0 ！
[2022-04-04 15:24:52,021] [5836] [__main__] [DEBUG] 判定信号 错误的数值为0 ！
[2022-04-04 15:24:52,564] [5836] [__main__] [DEBUG] 判定信号 总计的数值为-15.0 ！
[2022-04-04 15:34:55,929] [5836] [__main__] [DEBUG] 本次判定信号是错误的！ 市场为 22.5 ，考虑是否离场！
[2022-04-04 15:34:56,470] [5836] [__main__] [DEBUG] 判定信号 正确的数值为-15.0 ！
[2022-04-04 15:34:56,970] [5836] [__main__] [DEBUG] 判定信号 错误的数值为22.5 ！
[2022-04-04 15:34:57,533] [5836] [__main__] [DEBUG] 判定信号 总计的数值为7.5 ！
[2022-04-04 15:44:59,967] [5836] [__main__] [DEBUG] 本次判定信号是正确的！ 市场为 0.0 ，考虑是否进场！
[2022-04-04 15:45:00,553] [5836] [__main__] [DEBUG] 判定信号 正确的数值为-15.0 ！
[2022-04-04 15:45:01,350] [5836] [__main__] [DEBUG] 判定信号 错误的数值为22.5 ！
[2022-04-04 15:45:01,948] [5836] [__main__] [DEBUG] 判定信号 总计的数值为7.5 ！
[2022-04-04 17:11:04,368] [5316] [__main__] [DEBUG] tradeone is NI225 
 mt5 time :2022-04-04 12:11:00 
 time: 2022-04-04 17:11:03 
 市场为 100.0 ，考虑是否进场！
[2022-04-04 17:21:16,997] [5316] [__main__] [DEBUG] 本次判定信号是正确的！ 市场为 0.0 ，考虑是否进场！
[2022-04-04 17:21:17,534] [5316] [__main__] [DEBUG] 判定信号 正确的数值为0.0 ！
[2022-04-04 17:21:18,017] [5316] [__main__] [DEBUG] 判定信号 错误的数值为0 ！
[2022-04-04 17:21:18,420] [5316] [__main__] [DEBUG] 判定信号 总计的数值为0.0 ！
[2022-04-04 17:31:20,064] [5316] [__main__] [DEBUG] 本次判定信号是正确的！ 市场为 0.0 ，考虑是否进场！
[2022-04-04 17:31:20,629] [5316] [__main__] [DEBUG] 判定信号 正确的数值为0.0 ！
[2022-04-04 17:31:21,479] [5316] [__main__] [DEBUG] 判定信号 错误的数值为0 ！
[2022-04-04 17:31:21,911] [5316] [__main__] [DEBUG] 判定信号 总计的数值为0.0 ！
[2022-04-04 22:06:37,867] [11720] [__main__] [DEBUG] tradeone is NI225 
 mt5 time :2022-04-04 17:06:26 
 time: 2022-04-04 22:06:37 
 市场为 155.0 ，考虑是否进场！
[2022-04-04 22:16:51,224] [11720] [__main__] [DEBUG] 本次判定信号是错误的！ 市场为 -20.0 ，考虑是否离场！
[2022-04-04 22:16:51,834] [11720] [__main__] [DEBUG] 判定信号 正确的数值为0 ！
[2022-04-04 22:16:52,652] [11720] [__main__] [DEBUG] 判定信号 错误的数值为-20.0 ！
[2022-04-04 22:16:53,253] [11720] [__main__] [DEBUG] 判定信号 总计的数值为-20.0 ！
